TpTrace Verbose: 0 : 1488, 1, 2024/07/17, 18:32:44.100, 27658804906476, vstest.console.dll, Version: 17.10.0-release-24203-04 Current process architecture: X64
TpTrace Verbose: 0 : 1488, 1, 2024/07/17, 18:32:44.104, 27658804943478, vstest.console.dll, Runtime location: C:\Program Files\dotnet\shared\Microsoft.NETCore.App\8.0.5
TpTrace Verbose: 0 : 1488, 1, 2024/07/17, 18:32:44.106, 27658804971042, vstest.console.dll, ArtifactProcessingPostProcessModeProcessorExecutor.Initialize: ArtifactProcessingMode.Collect
TpTrace Verbose: 0 : 1488, 1, 2024/07/17, 18:32:44.107, 27658804974257, vstest.console.dll, TestSessionCorrelationIdProcessorModeProcessorExecutor.Initialize: TestSessionCorrelationId '6992_dfc98a34-f00a-4957-8338-82f92fce8a8d'
TpTrace Information: 0 : 1488, 1, 2024/07/17, 18:32:44.117, 27658805080266, vstest.console.dll, FilePatternParser: The given file C:\Users\Tincho\source\repos\SNEAKER-COLLECTION\SneakerCollectionAPI.Tests\bin\Debug\net8.0\fine-code-coverage\build-output\SneakerCollectionAPI.Tests.dll is a full path.
TpTrace Verbose: 0 : 1488, 1, 2024/07/17, 18:32:44.123, 27658805140759, vstest.console.dll, TestPluginCache.DiscoverTestExtensions: finding test extensions in assemblies ends with: RuntimeProvider.dll TPluginInfo: Microsoft.VisualStudio.TestPlatform.Common.ExtensionFramework.Utilities.TestRuntimePluginInformation TExtension: Microsoft.VisualStudio.TestPlatform.ObjectModel.Host.ITestRuntimeProvider
TpTrace Verbose: 0 : 1488, 1, 2024/07/17, 18:32:44.125, 27658805153396, vstest.console.dll, TestPluginCache.GetExtensionPaths: Filtered extension paths: 
TpTrace Verbose: 0 : 1488, 1, 2024/07/17, 18:32:44.125, 27658805155815, vstest.console.dll, TestPluginCache.GetExtensionPaths: Added default extension paths: C:\Program Files\dotnet\sdk\8.0.300\Extensions\Microsoft.Diagnostics.NETCore.Client.dll
C:\Program Files\dotnet\sdk\8.0.300\Extensions\Microsoft.TestPlatform.Extensions.BlameDataCollector.dll
C:\Program Files\dotnet\sdk\8.0.300\Extensions\Microsoft.TestPlatform.Extensions.EventLogCollector.dll
C:\Program Files\dotnet\sdk\8.0.300\Extensions\Microsoft.TestPlatform.TestHostRuntimeProvider.dll
C:\Program Files\dotnet\sdk\8.0.300\Extensions\Microsoft.VisualStudio.TestPlatform.Extensions.Html.TestLogger.dll
C:\Program Files\dotnet\sdk\8.0.300\Extensions\Microsoft.VisualStudio.TestPlatform.Extensions.Trx.TestLogger.dll
TpTrace Verbose: 0 : 1488, 1, 2024/07/17, 18:32:44.125, 27658805157602, vstest.console.dll, TestPluginCache.GetExtensionPaths: Added unfilterableExtensionPaths: 
TpTrace Information: 0 : 1488, 1, 2024/07/17, 18:32:44.126, 27658805165633, vstest.console.dll, AssemblyResolver.ctor: Creating AssemblyResolver with searchDirectories C:\Program Files\dotnet\sdk\8.0.300\Extensions,C:\Program Files\dotnet\sdk\8.0.300
TpTrace Verbose: 0 : 1488, 1, 2024/07/17, 18:32:44.127, 27658805177583, vstest.console.dll, TestPluginCache.DiscoverTestExtensions: Discovering the extensions using extension path.
TpTrace Verbose: 0 : 1488, 1, 2024/07/17, 18:32:44.127, 27658805180370, vstest.console.dll, TestPluginCache.GetExtensionPaths: Filtered extension paths: 
TpTrace Verbose: 0 : 1488, 1, 2024/07/17, 18:32:44.128, 27658805182274, vstest.console.dll, TestPluginCache.GetExtensionPaths: Added default extension paths: C:\Program Files\dotnet\sdk\8.0.300\Extensions\Microsoft.Diagnostics.NETCore.Client.dll
C:\Program Files\dotnet\sdk\8.0.300\Extensions\Microsoft.TestPlatform.Extensions.BlameDataCollector.dll
C:\Program Files\dotnet\sdk\8.0.300\Extensions\Microsoft.TestPlatform.Extensions.EventLogCollector.dll
C:\Program Files\dotnet\sdk\8.0.300\Extensions\Microsoft.TestPlatform.TestHostRuntimeProvider.dll
C:\Program Files\dotnet\sdk\8.0.300\Extensions\Microsoft.VisualStudio.TestPlatform.Extensions.Html.TestLogger.dll
C:\Program Files\dotnet\sdk\8.0.300\Extensions\Microsoft.VisualStudio.TestPlatform.Extensions.Trx.TestLogger.dll
TpTrace Verbose: 0 : 1488, 1, 2024/07/17, 18:32:44.128, 27658805184012, vstest.console.dll, TestPluginCache.GetExtensionPaths: Added unfilterableExtensionPaths: 
TpTrace Verbose: 0 : 1488, 1, 2024/07/17, 18:32:44.128, 27658805186095, vstest.console.dll, TestPluginCache.DiscoverTestExtensions: Discovering the extensions using allExtensionPaths: C:\Program Files\dotnet\sdk\8.0.300\Extensions\Microsoft.Diagnostics.NETCore.Client.dll
C:\Program Files\dotnet\sdk\8.0.300\Extensions\Microsoft.TestPlatform.Extensions.BlameDataCollector.dll
C:\Program Files\dotnet\sdk\8.0.300\Extensions\Microsoft.TestPlatform.Extensions.EventLogCollector.dll
C:\Program Files\dotnet\sdk\8.0.300\Extensions\Microsoft.TestPlatform.TestHostRuntimeProvider.dll
C:\Program Files\dotnet\sdk\8.0.300\Extensions\Microsoft.VisualStudio.TestPlatform.Extensions.Html.TestLogger.dll
C:\Program Files\dotnet\sdk\8.0.300\Extensions\Microsoft.VisualStudio.TestPlatform.Extensions.Trx.TestLogger.dll
TpTrace Information: 0 : 1488, 1, 2024/07/17, 18:32:44.128, 27658805189129, vstest.console.dll, AssemblyResolver.AddSearchDirectories: Adding more searchDirectories C:\Program Files\dotnet\sdk\8.0.300\Extensions,C:\Program Files\dotnet\sdk\8.0.300
TpTrace Information: 0 : 1488, 1, 2024/07/17, 18:32:44.128, 27658805191191, vstest.console.dll, AssemblyResolver.AddSearchDirectories: Adding more searchDirectories C:\Program Files\dotnet\sdk\8.0.300\Extensions,C:\Program Files\dotnet\sdk\8.0.300
TpTrace Information: 0 : 1488, 1, 2024/07/17, 18:32:44.129, 27658805192981, vstest.console.dll, AssemblyResolver.AddSearchDirectories: Adding more searchDirectories C:\Program Files\dotnet\sdk\8.0.300\Extensions,C:\Program Files\dotnet\sdk\8.0.300
TpTrace Information: 0 : 1488, 1, 2024/07/17, 18:32:44.129, 27658805194816, vstest.console.dll, AssemblyResolver.AddSearchDirectories: Adding more searchDirectories C:\Program Files\dotnet\sdk\8.0.300\Extensions,C:\Program Files\dotnet\sdk\8.0.300
TpTrace Information: 0 : 1488, 1, 2024/07/17, 18:32:44.129, 27658805196542, vstest.console.dll, AssemblyResolver.AddSearchDirectories: Adding more searchDirectories C:\Program Files\dotnet\sdk\8.0.300\Extensions,C:\Program Files\dotnet\sdk\8.0.300
TpTrace Information: 0 : 1488, 1, 2024/07/17, 18:32:44.129, 27658805198267, vstest.console.dll, AssemblyResolver.AddSearchDirectories: Adding more searchDirectories C:\Program Files\dotnet\sdk\8.0.300\Extensions,C:\Program Files\dotnet\sdk\8.0.300
TpTrace Information: 0 : 1488, 1, 2024/07/17, 18:32:44.130, 27658805203509, vstest.console.dll, AssemblyResolver.OnResolve: Microsoft.Diagnostics.NETCore.Client: Resolving assembly.
TpTrace Information: 0 : 1488, 1, 2024/07/17, 18:32:44.130, 27658805205838, vstest.console.dll, AssemblyResolver.OnResolve: Microsoft.Diagnostics.NETCore.Client: Searching in: 'C:\Program Files\dotnet\sdk\8.0.300\Extensions'.
TpTrace Information: 0 : 1488, 1, 2024/07/17, 18:32:44.138, 27658805283653, vstest.console.dll, AssemblyResolver.OnResolve: Microsoft.Diagnostics.NETCore.Client: Loading assembly 'C:\Program Files\dotnet\sdk\8.0.300\Extensions\Microsoft.Diagnostics.NETCore.Client.dll'.
TpTrace Information: 0 : 1488, 1, 2024/07/17, 18:32:44.139, 27658805291826, vstest.console.dll, AssemblyResolver.OnResolve: Resolved assembly: Microsoft.Diagnostics.NETCore.Client, from path: C:\Program Files\dotnet\sdk\8.0.300\Extensions\Microsoft.Diagnostics.NETCore.Client.dll
TpTrace Verbose: 0 : 1488, 1, 2024/07/17, 18:32:44.144, 27658805345367, vstest.console.dll, MetadataReaderExtensionsHelper: Discovering extensions inside assembly 'Microsoft.Diagnostics.NETCore.Client, Version=0.2.10.15101, Culture=neutral, PublicKeyToken=31bf3856ad364e35' file path 'C:\Program Files\dotnet\sdk\8.0.300\Extensions\Microsoft.Diagnostics.NETCore.Client.dll'
TpTrace Information: 0 : 1488, 1, 2024/07/17, 18:32:44.148, 27658805390469, vstest.console.dll, AssemblyResolver.OnResolve: Microsoft.Bcl.AsyncInterfaces: Resolving assembly.
TpTrace Information: 0 : 1488, 1, 2024/07/17, 18:32:44.149, 27658805392721, vstest.console.dll, AssemblyResolver.OnResolve: Microsoft.Bcl.AsyncInterfaces: Searching in: 'C:\Program Files\dotnet\sdk\8.0.300\Extensions'.
TpTrace Information: 0 : 1488, 1, 2024/07/17, 18:32:44.149, 27658805395132, vstest.console.dll, AssemblyResolver.OnResolve: Microsoft.Bcl.AsyncInterfaces: Assembly path does not exist: 'C:\Program Files\dotnet\sdk\8.0.300\Extensions\Microsoft.Bcl.AsyncInterfaces.dll', returning.
TpTrace Information: 0 : 1488, 1, 2024/07/17, 18:32:44.149, 27658805397965, vstest.console.dll, AssemblyResolver.OnResolve: Microsoft.Bcl.AsyncInterfaces: Assembly path does not exist: 'C:\Program Files\dotnet\sdk\8.0.300\Extensions\Microsoft.Bcl.AsyncInterfaces.exe', returning.
TpTrace Information: 0 : 1488, 1, 2024/07/17, 18:32:44.149, 27658805399739, vstest.console.dll, AssemblyResolver.OnResolve: Microsoft.Bcl.AsyncInterfaces: Searching in: 'C:\Program Files\dotnet\sdk\8.0.300'.
TpTrace Information: 0 : 1488, 1, 2024/07/17, 18:32:44.150, 27658805402029, vstest.console.dll, AssemblyResolver.OnResolve: Microsoft.Bcl.AsyncInterfaces: Assembly path does not exist: 'C:\Program Files\dotnet\sdk\8.0.300\Microsoft.Bcl.AsyncInterfaces.dll', returning.
TpTrace Information: 0 : 1488, 1, 2024/07/17, 18:32:44.150, 27658805404283, vstest.console.dll, AssemblyResolver.OnResolve: Microsoft.Bcl.AsyncInterfaces: Assembly path does not exist: 'C:\Program Files\dotnet\sdk\8.0.300\Microsoft.Bcl.AsyncInterfaces.exe', returning.
TpTrace Information: 0 : 1488, 1, 2024/07/17, 18:32:44.150, 27658805405999, vstest.console.dll, AssemblyResolver.OnResolve: Microsoft.Bcl.AsyncInterfaces: Failed to load assembly.
TpTrace Verbose: 0 : 1488, 1, 2024/07/17, 18:32:44.150, 27658805407797, vstest.console.dll, CurrentDomainAssemblyResolve: Resolving assembly 'Microsoft.Bcl.AsyncInterfaces'.
TpTrace Information: 0 : 1488, 1, 2024/07/17, 18:32:44.150, 27658805409782, vstest.console.dll, AssemblyResolver.OnResolve: Microsoft.Bcl.AsyncInterfaces: Resolving assembly.
TpTrace Information: 0 : 1488, 1, 2024/07/17, 18:32:44.151, 27658805411656, vstest.console.dll, AssemblyResolver.OnResolve: Microsoft.Bcl.AsyncInterfaces: Resolved from cache.
TpTrace Verbose: 0 : 1488, 1, 2024/07/17, 18:32:44.151, 27658805413357, vstest.console.dll, CurrentDomainAssemblyResolve: Resolving assembly 'Microsoft.Bcl.AsyncInterfaces'.
TpTrace Verbose: 0 : 1488, 1, 2024/07/17, 18:32:44.151, 27658805415103, vstest.console.dll, CurrentDomainAssemblyResolve: Failed to resolve assembly 'Microsoft.Bcl.AsyncInterfaces'.
TpTrace Verbose: 0 : 1488, 1, 2024/07/17, 18:32:44.153, 27658805432525, vstest.console.dll, CurrentDomainAssemblyResolve: Failed to resolve assembly 'Microsoft.Bcl.AsyncInterfaces'.
TpTrace Warning: 0 : 1488, 1, 2024/07/17, 18:32:44.164, 27658805550568, vstest.console.dll, TestPluginDiscoverer: Failed to get types from assembly 'Microsoft.Diagnostics.NETCore.Client, Version=0.2.10.15101, Culture=neutral, PublicKeyToken=31bf3856ad364e35'. Error: System.Reflection.ReflectionTypeLoadException: Unable to load one or more of the requested types.
Could not load file or assembly 'Microsoft.Bcl.AsyncInterfaces, Version=6.0.0.0, Culture=neutral, PublicKeyToken=cc7b13ffcd2ddd51'. El sistema no puede encontrar el archivo especificado.
   at System.Reflection.RuntimeModule.GetTypes(RuntimeModule module)
   at System.Reflection.RuntimeModule.GetTypes()
   at Microsoft.VisualStudio.TestPlatform.Common.ExtensionFramework.TestPluginDiscoverer.GetTestExtensionsFromAssembly[TPluginInfo,TExtension](Assembly assembly, Dictionary`2 pluginInfos, String filePath) in /_/src/Microsoft.TestPlatform.Common/ExtensionFramework/TestPluginDiscoverer.cs:line 158
System.IO.FileNotFoundException: Could not load file or assembly 'Microsoft.Bcl.AsyncInterfaces, Version=6.0.0.0, Culture=neutral, PublicKeyToken=cc7b13ffcd2ddd51'. El sistema no puede encontrar el archivo especificado.
File name: 'Microsoft.Bcl.AsyncInterfaces, Version=6.0.0.0, Culture=neutral, PublicKeyToken=cc7b13ffcd2ddd51'
 ---> System.IO.FileNotFoundException: Could not load file or assembly 'Microsoft.Bcl.AsyncInterfaces, Culture=neutral, PublicKeyToken=null'. El sistema no puede encontrar el archivo especificado.
File name: 'Microsoft.Bcl.AsyncInterfaces, Culture=neutral, PublicKeyToken=null'
   at System.Reflection.RuntimeAssembly.InternalLoad(AssemblyName assemblyName, StackCrawlMark& stackMark, AssemblyLoadContext assemblyLoadContext, RuntimeAssembly requestingAssembly, Boolean throwOnFileNotFound)
   at System.Reflection.Assembly.Load(AssemblyName assemblyRef)
   at Microsoft.VisualStudio.TestPlatform.Common.ExtensionFramework.TestPluginCache.CurrentDomainAssemblyResolve(Object sender, AssemblyResolveEventArgs args) in /_/src/Microsoft.TestPlatform.Common/ExtensionFramework/TestPluginCache.cs:line 513
   at System.Runtime.Loader.AssemblyLoadContext.GetFirstResolvedAssemblyFromResolvingEvent(AssemblyName assemblyName)
   at System.Runtime.Loader.AssemblyLoadContext.ResolveUsingEvent(AssemblyName assemblyName)
   at System.Runtime.Loader.AssemblyLoadContext.ResolveUsingResolvingEvent(IntPtr gchManagedAssemblyLoadContext, AssemblyName assemblyName)
TpTrace Warning: 0 : 1488, 1, 2024/07/17, 18:32:44.165, 27658805557388, vstest.console.dll, LoaderExceptions: System.IO.FileNotFoundException: Could not load file or assembly 'Microsoft.Bcl.AsyncInterfaces, Version=6.0.0.0, Culture=neutral, PublicKeyToken=cc7b13ffcd2ddd51'. El sistema no puede encontrar el archivo especificado.
File name: 'Microsoft.Bcl.AsyncInterfaces, Version=6.0.0.0, Culture=neutral, PublicKeyToken=cc7b13ffcd2ddd51'
 ---> System.IO.FileNotFoundException: Could not load file or assembly 'Microsoft.Bcl.AsyncInterfaces, Culture=neutral, PublicKeyToken=null'. El sistema no puede encontrar el archivo especificado.
File name: 'Microsoft.Bcl.AsyncInterfaces, Culture=neutral, PublicKeyToken=null'
   at System.Reflection.RuntimeAssembly.InternalLoad(AssemblyName assemblyName, StackCrawlMark& stackMark, AssemblyLoadContext assemblyLoadContext, RuntimeAssembly requestingAssembly, Boolean throwOnFileNotFound)
   at System.Reflection.Assembly.Load(AssemblyName assemblyRef)
   at Microsoft.VisualStudio.TestPlatform.Common.ExtensionFramework.TestPluginCache.CurrentDomainAssemblyResolve(Object sender, AssemblyResolveEventArgs args) in /_/src/Microsoft.TestPlatform.Common/ExtensionFramework/TestPluginCache.cs:line 513
   at System.Runtime.Loader.AssemblyLoadContext.GetFirstResolvedAssemblyFromResolvingEvent(AssemblyName assemblyName)
   at System.Runtime.Loader.AssemblyLoadContext.ResolveUsingEvent(AssemblyName assemblyName)
   at System.Runtime.Loader.AssemblyLoadContext.ResolveUsingResolvingEvent(IntPtr gchManagedAssemblyLoadContext, AssemblyName assemblyName)
TpTrace Information: 0 : 1488, 1, 2024/07/17, 18:32:44.166, 27658805569180, vstest.console.dll, AssemblyResolver.OnResolve: Microsoft.TestPlatform.Extensions.BlameDataCollector: Resolving assembly.
TpTrace Information: 0 : 1488, 1, 2024/07/17, 18:32:44.167, 27658805573390, vstest.console.dll, AssemblyResolver.OnResolve: Microsoft.TestPlatform.Extensions.BlameDataCollector: Searching in: 'C:\Program Files\dotnet\sdk\8.0.300\Extensions'.
TpTrace Information: 0 : 1488, 1, 2024/07/17, 18:32:44.168, 27658805582973, vstest.console.dll, AssemblyResolver.OnResolve: Microsoft.TestPlatform.Extensions.BlameDataCollector: Loading assembly 'C:\Program Files\dotnet\sdk\8.0.300\Extensions\Microsoft.TestPlatform.Extensions.BlameDataCollector.dll'.
TpTrace Information: 0 : 1488, 1, 2024/07/17, 18:32:44.169, 27658805591952, vstest.console.dll, AssemblyResolver.OnResolve: Resolved assembly: Microsoft.TestPlatform.Extensions.BlameDataCollector, from path: C:\Program Files\dotnet\sdk\8.0.300\Extensions\Microsoft.TestPlatform.Extensions.BlameDataCollector.dll
TpTrace Verbose: 0 : 1488, 1, 2024/07/17, 18:32:44.169, 27658805594568, vstest.console.dll, MetadataReaderExtensionsHelper: Discovering extensions inside assembly 'Microsoft.TestPlatform.Extensions.BlameDataCollector, Version=15.0.0.0, Culture=neutral, PublicKeyToken=b03f5f7f11d50a3a' file path 'C:\Program Files\dotnet\sdk\8.0.300\Extensions\Microsoft.TestPlatform.Extensions.BlameDataCollector.dll'
TpTrace Information: 0 : 1488, 1, 2024/07/17, 18:32:44.171, 27658805616442, vstest.console.dll, AssemblyResolver.OnResolve: Microsoft.TestPlatform.Extensions.EventLogCollector: Resolving assembly.
TpTrace Information: 0 : 1488, 1, 2024/07/17, 18:32:44.171, 27658805619576, vstest.console.dll, AssemblyResolver.OnResolve: Microsoft.TestPlatform.Extensions.EventLogCollector: Searching in: 'C:\Program Files\dotnet\sdk\8.0.300\Extensions'.
TpTrace Information: 0 : 1488, 1, 2024/07/17, 18:32:44.172, 27658805626528, vstest.console.dll, AssemblyResolver.OnResolve: Microsoft.TestPlatform.Extensions.EventLogCollector: Loading assembly 'C:\Program Files\dotnet\sdk\8.0.300\Extensions\Microsoft.TestPlatform.Extensions.EventLogCollector.dll'.
TpTrace Information: 0 : 1488, 1, 2024/07/17, 18:32:44.173, 27658805633707, vstest.console.dll, AssemblyResolver.OnResolve: Resolved assembly: Microsoft.TestPlatform.Extensions.EventLogCollector, from path: C:\Program Files\dotnet\sdk\8.0.300\Extensions\Microsoft.TestPlatform.Extensions.EventLogCollector.dll
TpTrace Verbose: 0 : 1488, 1, 2024/07/17, 18:32:44.173, 27658805636118, vstest.console.dll, MetadataReaderExtensionsHelper: Discovering extensions inside assembly 'Microsoft.TestPlatform.Extensions.EventLogCollector, Version=15.0.0.0, Culture=neutral, PublicKeyToken=b03f5f7f11d50a3a' file path 'C:\Program Files\dotnet\sdk\8.0.300\Extensions\Microsoft.TestPlatform.Extensions.EventLogCollector.dll'
TpTrace Information: 0 : 1488, 1, 2024/07/17, 18:32:44.176, 27658805666413, vstest.console.dll, AssemblyResolver.OnResolve: Microsoft.TestPlatform.TestHostRuntimeProvider: Resolving assembly.
TpTrace Information: 0 : 1488, 1, 2024/07/17, 18:32:44.176, 27658805669225, vstest.console.dll, AssemblyResolver.OnResolve: Microsoft.TestPlatform.TestHostRuntimeProvider: Searching in: 'C:\Program Files\dotnet\sdk\8.0.300\Extensions'.
TpTrace Information: 0 : 1488, 1, 2024/07/17, 18:32:44.177, 27658805680546, vstest.console.dll, AssemblyResolver.OnResolve: Microsoft.TestPlatform.TestHostRuntimeProvider: Loading assembly 'C:\Program Files\dotnet\sdk\8.0.300\Extensions\Microsoft.TestPlatform.TestHostRuntimeProvider.dll'.
TpTrace Information: 0 : 1488, 1, 2024/07/17, 18:32:44.178, 27658805689074, vstest.console.dll, AssemblyResolver.OnResolve: Resolved assembly: Microsoft.TestPlatform.TestHostRuntimeProvider, from path: C:\Program Files\dotnet\sdk\8.0.300\Extensions\Microsoft.TestPlatform.TestHostRuntimeProvider.dll
TpTrace Verbose: 0 : 1488, 1, 2024/07/17, 18:32:44.179, 27658805691555, vstest.console.dll, MetadataReaderExtensionsHelper: Discovering extensions inside assembly 'Microsoft.TestPlatform.TestHostRuntimeProvider, Version=15.0.0.0, Culture=neutral, PublicKeyToken=b03f5f7f11d50a3a' file path 'C:\Program Files\dotnet\sdk\8.0.300\Extensions\Microsoft.TestPlatform.TestHostRuntimeProvider.dll'
TpTrace Information: 0 : 1488, 1, 2024/07/17, 18:32:44.181, 27658805713242, vstest.console.dll, GetTestExtensionFromType: Register extension with identifier data 'HostProvider://DefaultTestHost' and type 'Microsoft.VisualStudio.TestPlatform.CrossPlatEngine.Hosting.DefaultTestHostManager, Microsoft.TestPlatform.TestHostRuntimeProvider, Version=15.0.0.0, Culture=neutral, PublicKeyToken=b03f5f7f11d50a3a' inside file 'C:\Program Files\dotnet\sdk\8.0.300\Extensions\Microsoft.TestPlatform.TestHostRuntimeProvider.dll'
TpTrace Information: 0 : 1488, 1, 2024/07/17, 18:32:44.181, 27658805717840, vstest.console.dll, GetTestExtensionFromType: Register extension with identifier data 'HostProvider://DotnetTestHost' and type 'Microsoft.VisualStudio.TestPlatform.CrossPlatEngine.Hosting.DotnetTestHostManager, Microsoft.TestPlatform.TestHostRuntimeProvider, Version=15.0.0.0, Culture=neutral, PublicKeyToken=b03f5f7f11d50a3a' inside file 'C:\Program Files\dotnet\sdk\8.0.300\Extensions\Microsoft.TestPlatform.TestHostRuntimeProvider.dll'
TpTrace Information: 0 : 1488, 1, 2024/07/17, 18:32:44.181, 27658805720169, vstest.console.dll, AssemblyResolver.OnResolve: Microsoft.VisualStudio.TestPlatform.Extensions.Html.TestLogger: Resolving assembly.
TpTrace Information: 0 : 1488, 1, 2024/07/17, 18:32:44.182, 27658805722143, vstest.console.dll, AssemblyResolver.OnResolve: Microsoft.VisualStudio.TestPlatform.Extensions.Html.TestLogger: Searching in: 'C:\Program Files\dotnet\sdk\8.0.300\Extensions'.
TpTrace Information: 0 : 1488, 1, 2024/07/17, 18:32:44.183, 27658805735077, vstest.console.dll, AssemblyResolver.OnResolve: Microsoft.VisualStudio.TestPlatform.Extensions.Html.TestLogger: Loading assembly 'C:\Program Files\dotnet\sdk\8.0.300\Extensions\Microsoft.VisualStudio.TestPlatform.Extensions.Html.TestLogger.dll'.
TpTrace Information: 0 : 1488, 1, 2024/07/17, 18:32:44.184, 27658805743661, vstest.console.dll, AssemblyResolver.OnResolve: Resolved assembly: Microsoft.VisualStudio.TestPlatform.Extensions.Html.TestLogger, from path: C:\Program Files\dotnet\sdk\8.0.300\Extensions\Microsoft.VisualStudio.TestPlatform.Extensions.Html.TestLogger.dll
TpTrace Verbose: 0 : 1488, 1, 2024/07/17, 18:32:44.184, 27658805745835, vstest.console.dll, MetadataReaderExtensionsHelper: Discovering extensions inside assembly 'Microsoft.VisualStudio.TestPlatform.Extensions.Html.TestLogger, Version=15.0.0.0, Culture=neutral, PublicKeyToken=b03f5f7f11d50a3a' file path 'C:\Program Files\dotnet\sdk\8.0.300\Extensions\Microsoft.VisualStudio.TestPlatform.Extensions.Html.TestLogger.dll'
TpTrace Information: 0 : 1488, 1, 2024/07/17, 18:32:44.185, 27658805756560, vstest.console.dll, AssemblyResolver.OnResolve: Microsoft.VisualStudio.TestPlatform.Extensions.Trx.TestLogger: Resolving assembly.
TpTrace Information: 0 : 1488, 1, 2024/07/17, 18:32:44.185, 27658805758811, vstest.console.dll, AssemblyResolver.OnResolve: Microsoft.VisualStudio.TestPlatform.Extensions.Trx.TestLogger: Searching in: 'C:\Program Files\dotnet\sdk\8.0.300\Extensions'.
TpTrace Information: 0 : 1488, 1, 2024/07/17, 18:32:44.186, 27658805764282, vstest.console.dll, AssemblyResolver.OnResolve: Microsoft.VisualStudio.TestPlatform.Extensions.Trx.TestLogger: Loading assembly 'C:\Program Files\dotnet\sdk\8.0.300\Extensions\Microsoft.VisualStudio.TestPlatform.Extensions.Trx.TestLogger.dll'.
TpTrace Information: 0 : 1488, 1, 2024/07/17, 18:32:44.187, 27658805771813, vstest.console.dll, AssemblyResolver.OnResolve: Resolved assembly: Microsoft.VisualStudio.TestPlatform.Extensions.Trx.TestLogger, from path: C:\Program Files\dotnet\sdk\8.0.300\Extensions\Microsoft.VisualStudio.TestPlatform.Extensions.Trx.TestLogger.dll
TpTrace Verbose: 0 : 1488, 1, 2024/07/17, 18:32:44.187, 27658805773862, vstest.console.dll, MetadataReaderExtensionsHelper: Discovering extensions inside assembly 'Microsoft.VisualStudio.TestPlatform.Extensions.Trx.TestLogger, Version=15.0.0.0, Culture=neutral, PublicKeyToken=b03f5f7f11d50a3a' file path 'C:\Program Files\dotnet\sdk\8.0.300\Extensions\Microsoft.VisualStudio.TestPlatform.Extensions.Trx.TestLogger.dll'
TpTrace Verbose: 0 : 1488, 1, 2024/07/17, 18:32:44.188, 27658805786259, vstest.console.dll, TestPluginCache: Discovered the extensions using extension path ''.
TpTrace Verbose: 0 : 1488, 1, 2024/07/17, 18:32:44.188, 27658805788347, vstest.console.dll, TestPluginCache: Discoverers are ''.
TpTrace Verbose: 0 : 1488, 1, 2024/07/17, 18:32:44.188, 27658805790126, vstest.console.dll, TestPluginCache: Executors are ''.
TpTrace Verbose: 0 : 1488, 1, 2024/07/17, 18:32:44.189, 27658805793524, vstest.console.dll, TestPluginCache: Executors2 are ''.
TpTrace Verbose: 0 : 1488, 1, 2024/07/17, 18:32:44.189, 27658805795516, vstest.console.dll, TestPluginCache: Setting providers are ''.
TpTrace Verbose: 0 : 1488, 1, 2024/07/17, 18:32:44.189, 27658805797523, vstest.console.dll, TestPluginCache: Loggers are ''.
TpTrace Verbose: 0 : 1488, 1, 2024/07/17, 18:32:44.190, 27658805801915, vstest.console.dll, TestPluginCache: TestHosts are 'HostProvider://DefaultTestHost,HostProvider://DotnetTestHost'.
TpTrace Verbose: 0 : 1488, 1, 2024/07/17, 18:32:44.190, 27658805804227, vstest.console.dll, TestPluginCache: DataCollectors are ''.
TpTrace Information: 0 : 1488, 1, 2024/07/17, 18:32:44.207, 27658805971793, vstest.console.dll, RunTestsArgumentProcessor:Execute: Test run is starting.
TpTrace Verbose: 0 : 1488, 1, 2024/07/17, 18:32:44.207, 27658805980333, vstest.console.dll, RunTestsArgumentProcessor:Execute: Queuing Test run.
TpTrace Information: 0 : 1488, 1, 2024/07/17, 18:32:44.208, 27658805985417, vstest.console.dll, TestRequestManager.RunTests: run tests started.
TpTrace Information: 0 : 1488, 1, 2024/07/17, 18:32:44.216, 27658806069841, vstest.console.dll, AssemblyMetadataProvider.GetFrameworkName: Determined framework:'.NETCoreApp,Version=v8.0' for source: 'C:\Users\Tincho\source\repos\SNEAKER-COLLECTION\SneakerCollectionAPI.Tests\bin\Debug\net8.0\fine-code-coverage\build-output\SneakerCollectionAPI.Tests.dll'
TpTrace Information: 0 : 1488, 1, 2024/07/17, 18:32:44.217, 27658806075464, vstest.console.dll, Determined framework for all sources: .NETCoreApp,Version=v8.0
TpTrace Verbose: 0 : 1488, 1, 2024/07/17, 18:32:44.217, 27658806080997, vstest.console.dll, TestRequestManager.UpdateRunSettingsIfRequired: Default architecture: X64 IsDefaultTargetArchitecture: True, Current process architecture: X64 OperatingSystem: Windows.
TpTrace Information: 0 : 1488, 1, 2024/07/17, 18:32:44.220, 27658806105159, vstest.console.dll, AssemblyMetadataProvider.GetArchitecture: Determined architecture:AnyCPU info for assembly: C:\Users\Tincho\source\repos\SNEAKER-COLLECTION\SneakerCollectionAPI.Tests\bin\Debug\net8.0\fine-code-coverage\build-output\SneakerCollectionAPI.Tests.dll
TpTrace Information: 0 : 1488, 1, 2024/07/17, 18:32:44.220, 27658806108368, vstest.console.dll, Determined platform for source 'C:\Users\Tincho\source\repos\SNEAKER-COLLECTION\SneakerCollectionAPI.Tests\bin\Debug\net8.0\fine-code-coverage\build-output\SneakerCollectionAPI.Tests.dll' was AnyCPU and it will use the default plaform X64.
TpTrace Information: 0 : 1488, 1, 2024/07/17, 18:32:44.221, 27658806111424, vstest.console.dll, None of the sources provided any runnable platform, using the default platform: X64
TpTrace Information: 0 : 1488, 1, 2024/07/17, 18:32:44.221, 27658806114674, vstest.console.dll, Platform was updated to 'X64'.
TpTrace Information: 0 : 1488, 1, 2024/07/17, 18:32:44.225, 27658806156637, vstest.console.dll, InferRunSettingsHelper.IsTestSettingsEnabled: Unable to navigate to RunSettings/MSTest. Current node: RunSettings
TpTrace Information: 0 : 1488, 1, 2024/07/17, 18:32:44.226, 27658806165613, vstest.console.dll, AssemblyResolver.OnResolve: Microsoft.VisualStudio.TestPlatform.Fakes: Resolving assembly.
TpTrace Information: 0 : 1488, 1, 2024/07/17, 18:32:44.226, 27658806168063, vstest.console.dll, AssemblyResolver.OnResolve: Microsoft.VisualStudio.TestPlatform.Fakes: Searching in: 'C:\Program Files\dotnet\sdk\8.0.300\Extensions'.
TpTrace Information: 0 : 1488, 1, 2024/07/17, 18:32:44.226, 27658806171103, vstest.console.dll, AssemblyResolver.OnResolve: Microsoft.VisualStudio.TestPlatform.Fakes: Assembly path does not exist: 'C:\Program Files\dotnet\sdk\8.0.300\Extensions\Microsoft.VisualStudio.TestPlatform.Fakes.dll', returning.
TpTrace Information: 0 : 1488, 1, 2024/07/17, 18:32:44.227, 27658806173840, vstest.console.dll, AssemblyResolver.OnResolve: Microsoft.VisualStudio.TestPlatform.Fakes: Assembly path does not exist: 'C:\Program Files\dotnet\sdk\8.0.300\Extensions\Microsoft.VisualStudio.TestPlatform.Fakes.exe', returning.
TpTrace Information: 0 : 1488, 1, 2024/07/17, 18:32:44.227, 27658806175827, vstest.console.dll, AssemblyResolver.OnResolve: Microsoft.VisualStudio.TestPlatform.Fakes: Searching in: 'C:\Program Files\dotnet\sdk\8.0.300'.
TpTrace Information: 0 : 1488, 1, 2024/07/17, 18:32:44.227, 27658806178548, vstest.console.dll, AssemblyResolver.OnResolve: Microsoft.VisualStudio.TestPlatform.Fakes: Assembly path does not exist: 'C:\Program Files\dotnet\sdk\8.0.300\Microsoft.VisualStudio.TestPlatform.Fakes.dll', returning.
TpTrace Information: 0 : 1488, 1, 2024/07/17, 18:32:44.227, 27658806181199, vstest.console.dll, AssemblyResolver.OnResolve: Microsoft.VisualStudio.TestPlatform.Fakes: Assembly path does not exist: 'C:\Program Files\dotnet\sdk\8.0.300\Microsoft.VisualStudio.TestPlatform.Fakes.exe', returning.
TpTrace Information: 0 : 1488, 1, 2024/07/17, 18:32:44.228, 27658806183266, vstest.console.dll, AssemblyResolver.OnResolve: Microsoft.VisualStudio.TestPlatform.Fakes: Failed to load assembly.
TpTrace Information: 0 : 1488, 1, 2024/07/17, 18:32:44.228, 27658806189446, vstest.console.dll, Failed to load assembly Microsoft.VisualStudio.TestPlatform.Fakes, Version=17.0.0.0, Culture=neutral. Reason:System.IO.FileNotFoundException: Could not load file or assembly 'Microsoft.VisualStudio.TestPlatform.Fakes, Version=17.0.0.0, Culture=neutral, PublicKeyToken=null'. El sistema no puede encontrar el archivo especificado.
File name: 'Microsoft.VisualStudio.TestPlatform.Fakes, Version=17.0.0.0, Culture=neutral, PublicKeyToken=null'
   at System.Reflection.RuntimeAssembly.InternalLoad(AssemblyName assemblyName, StackCrawlMark& stackMark, AssemblyLoadContext assemblyLoadContext, RuntimeAssembly requestingAssembly, Boolean throwOnFileNotFound)
   at System.Reflection.Assembly.Load(AssemblyName assemblyRef)
   at Microsoft.VisualStudio.TestPlatform.Common.Utilities.FakesUtilities.LoadTestPlatformAssembly() in /_/src/Microsoft.TestPlatform.Common/Utilities/FakesUtilities.cs:line 272
TpTrace Verbose: 0 : 1488, 1, 2024/07/17, 18:32:44.233, 27658806238426, vstest.console.dll, TestPluginCache.DiscoverTestExtensions: finding test extensions in assemblies ends with: TestLogger.dll TPluginInfo: Microsoft.VisualStudio.TestPlatform.Common.ExtensionFramework.Utilities.TestLoggerPluginInformation TExtension: Microsoft.VisualStudio.TestPlatform.ObjectModel.Client.ITestLogger
TpTrace Verbose: 0 : 1488, 1, 2024/07/17, 18:32:44.233, 27658806241247, vstest.console.dll, TestPluginCache.GetExtensionPaths: Filtered extension paths: 
TpTrace Verbose: 0 : 1488, 1, 2024/07/17, 18:32:44.234, 27658806243088, vstest.console.dll, TestPluginCache.GetExtensionPaths: Added default extension paths: C:\Program Files\dotnet\sdk\8.0.300\Extensions\Microsoft.Diagnostics.NETCore.Client.dll
C:\Program Files\dotnet\sdk\8.0.300\Extensions\Microsoft.TestPlatform.Extensions.BlameDataCollector.dll
C:\Program Files\dotnet\sdk\8.0.300\Extensions\Microsoft.TestPlatform.Extensions.EventLogCollector.dll
C:\Program Files\dotnet\sdk\8.0.300\Extensions\Microsoft.TestPlatform.TestHostRuntimeProvider.dll
C:\Program Files\dotnet\sdk\8.0.300\Extensions\Microsoft.VisualStudio.TestPlatform.Extensions.Html.TestLogger.dll
C:\Program Files\dotnet\sdk\8.0.300\Extensions\Microsoft.VisualStudio.TestPlatform.Extensions.Trx.TestLogger.dll
TpTrace Verbose: 0 : 1488, 1, 2024/07/17, 18:32:44.234, 27658806244853, vstest.console.dll, TestPluginCache.GetExtensionPaths: Added unfilterableExtensionPaths: 
TpTrace Information: 0 : 1488, 1, 2024/07/17, 18:32:44.234, 27658806247931, vstest.console.dll, AssemblyResolver.AddSearchDirectories: Adding more searchDirectories C:\Program Files\dotnet\sdk\8.0.300\Extensions,C:\Program Files\dotnet\sdk\8.0.300
TpTrace Verbose: 0 : 1488, 1, 2024/07/17, 18:32:44.234, 27658806249892, vstest.console.dll, TestPluginCache.DiscoverTestExtensions: Discovering the extensions using extension path.
TpTrace Verbose: 0 : 1488, 1, 2024/07/17, 18:32:44.235, 27658806251676, vstest.console.dll, TestPluginCache.GetExtensionPaths: Filtered extension paths: 
TpTrace Verbose: 0 : 1488, 1, 2024/07/17, 18:32:44.235, 27658806253414, vstest.console.dll, TestPluginCache.GetExtensionPaths: Added default extension paths: C:\Program Files\dotnet\sdk\8.0.300\Extensions\Microsoft.Diagnostics.NETCore.Client.dll
C:\Program Files\dotnet\sdk\8.0.300\Extensions\Microsoft.TestPlatform.Extensions.BlameDataCollector.dll
C:\Program Files\dotnet\sdk\8.0.300\Extensions\Microsoft.TestPlatform.Extensions.EventLogCollector.dll
C:\Program Files\dotnet\sdk\8.0.300\Extensions\Microsoft.TestPlatform.TestHostRuntimeProvider.dll
C:\Program Files\dotnet\sdk\8.0.300\Extensions\Microsoft.VisualStudio.TestPlatform.Extensions.Html.TestLogger.dll
C:\Program Files\dotnet\sdk\8.0.300\Extensions\Microsoft.VisualStudio.TestPlatform.Extensions.Trx.TestLogger.dll
TpTrace Verbose: 0 : 1488, 1, 2024/07/17, 18:32:44.235, 27658806255114, vstest.console.dll, TestPluginCache.GetExtensionPaths: Added unfilterableExtensionPaths: 
TpTrace Verbose: 0 : 1488, 1, 2024/07/17, 18:32:44.235, 27658806257433, vstest.console.dll, TestPluginCache.DiscoverTestExtensions: Discovering the extensions using allExtensionPaths: C:\Program Files\dotnet\sdk\8.0.300\Extensions\Microsoft.Diagnostics.NETCore.Client.dll
C:\Program Files\dotnet\sdk\8.0.300\Extensions\Microsoft.TestPlatform.Extensions.BlameDataCollector.dll
C:\Program Files\dotnet\sdk\8.0.300\Extensions\Microsoft.TestPlatform.Extensions.EventLogCollector.dll
C:\Program Files\dotnet\sdk\8.0.300\Extensions\Microsoft.TestPlatform.TestHostRuntimeProvider.dll
C:\Program Files\dotnet\sdk\8.0.300\Extensions\Microsoft.VisualStudio.TestPlatform.Extensions.Html.TestLogger.dll
C:\Program Files\dotnet\sdk\8.0.300\Extensions\Microsoft.VisualStudio.TestPlatform.Extensions.Trx.TestLogger.dll
TpTrace Information: 0 : 1488, 1, 2024/07/17, 18:32:44.235, 27658806259464, vstest.console.dll, AssemblyResolver.AddSearchDirectories: Adding more searchDirectories C:\Program Files\dotnet\sdk\8.0.300\Extensions,C:\Program Files\dotnet\sdk\8.0.300
TpTrace Information: 0 : 1488, 1, 2024/07/17, 18:32:44.235, 27658806261263, vstest.console.dll, AssemblyResolver.AddSearchDirectories: Adding more searchDirectories C:\Program Files\dotnet\sdk\8.0.300\Extensions,C:\Program Files\dotnet\sdk\8.0.300
TpTrace Information: 0 : 1488, 1, 2024/07/17, 18:32:44.236, 27658806263014, vstest.console.dll, AssemblyResolver.AddSearchDirectories: Adding more searchDirectories C:\Program Files\dotnet\sdk\8.0.300\Extensions,C:\Program Files\dotnet\sdk\8.0.300
TpTrace Information: 0 : 1488, 1, 2024/07/17, 18:32:44.236, 27658806264736, vstest.console.dll, AssemblyResolver.AddSearchDirectories: Adding more searchDirectories C:\Program Files\dotnet\sdk\8.0.300\Extensions,C:\Program Files\dotnet\sdk\8.0.300
TpTrace Information: 0 : 1488, 1, 2024/07/17, 18:32:44.236, 27658806266503, vstest.console.dll, AssemblyResolver.AddSearchDirectories: Adding more searchDirectories C:\Program Files\dotnet\sdk\8.0.300\Extensions,C:\Program Files\dotnet\sdk\8.0.300
TpTrace Information: 0 : 1488, 1, 2024/07/17, 18:32:44.236, 27658806268219, vstest.console.dll, AssemblyResolver.AddSearchDirectories: Adding more searchDirectories C:\Program Files\dotnet\sdk\8.0.300\Extensions,C:\Program Files\dotnet\sdk\8.0.300
TpTrace Verbose: 0 : 1488, 1, 2024/07/17, 18:32:44.236, 27658806270881, vstest.console.dll, MetadataReaderExtensionsHelper: Discovering extensions inside assembly 'Microsoft.Diagnostics.NETCore.Client, Version=0.2.10.15101, Culture=neutral, PublicKeyToken=31bf3856ad364e35' file path 'C:\Program Files\dotnet\sdk\8.0.300\Extensions\Microsoft.Diagnostics.NETCore.Client.dll'
TpTrace Information: 0 : 1488, 1, 2024/07/17, 18:32:44.237, 27658806280677, vstest.console.dll, AssemblyResolver.OnResolve: Microsoft.Bcl.AsyncInterfaces: Resolving assembly.
TpTrace Information: 0 : 1488, 1, 2024/07/17, 18:32:44.238, 27658806282652, vstest.console.dll, AssemblyResolver.OnResolve: Microsoft.Bcl.AsyncInterfaces: Resolved from cache.
TpTrace Verbose: 0 : 1488, 1, 2024/07/17, 18:32:44.238, 27658806284371, vstest.console.dll, CurrentDomainAssemblyResolve: Resolving assembly 'Microsoft.Bcl.AsyncInterfaces'.
TpTrace Information: 0 : 1488, 1, 2024/07/17, 18:32:44.238, 27658806286232, vstest.console.dll, AssemblyResolver.OnResolve: Microsoft.Bcl.AsyncInterfaces: Resolving assembly.
TpTrace Information: 0 : 1488, 1, 2024/07/17, 18:32:44.238, 27658806287951, vstest.console.dll, AssemblyResolver.OnResolve: Microsoft.Bcl.AsyncInterfaces: Resolved from cache.
TpTrace Verbose: 0 : 1488, 1, 2024/07/17, 18:32:44.238, 27658806289624, vstest.console.dll, CurrentDomainAssemblyResolve: Resolving assembly 'Microsoft.Bcl.AsyncInterfaces'.
TpTrace Verbose: 0 : 1488, 1, 2024/07/17, 18:32:44.238, 27658806291321, vstest.console.dll, CurrentDomainAssemblyResolve: Failed to resolve assembly 'Microsoft.Bcl.AsyncInterfaces'.
TpTrace Verbose: 0 : 1488, 1, 2024/07/17, 18:32:44.239, 27658806296176, vstest.console.dll, CurrentDomainAssemblyResolve: Failed to resolve assembly 'Microsoft.Bcl.AsyncInterfaces'.
TpTrace Warning: 0 : 1488, 1, 2024/07/17, 18:32:44.240, 27658806308179, vstest.console.dll, TestPluginDiscoverer: Failed to get types from assembly 'Microsoft.Diagnostics.NETCore.Client, Version=0.2.10.15101, Culture=neutral, PublicKeyToken=31bf3856ad364e35'. Error: System.Reflection.ReflectionTypeLoadException: Unable to load one or more of the requested types.
Could not load file or assembly 'Microsoft.Bcl.AsyncInterfaces, Version=6.0.0.0, Culture=neutral, PublicKeyToken=cc7b13ffcd2ddd51'. El sistema no puede encontrar el archivo especificado.
   at System.Reflection.RuntimeModule.GetTypes(RuntimeModule module)
   at System.Reflection.RuntimeModule.GetTypes()
   at Microsoft.VisualStudio.TestPlatform.Common.ExtensionFramework.TestPluginDiscoverer.GetTestExtensionsFromAssembly[TPluginInfo,TExtension](Assembly assembly, Dictionary`2 pluginInfos, String filePath) in /_/src/Microsoft.TestPlatform.Common/ExtensionFramework/TestPluginDiscoverer.cs:line 158
System.IO.FileNotFoundException: Could not load file or assembly 'Microsoft.Bcl.AsyncInterfaces, Version=6.0.0.0, Culture=neutral, PublicKeyToken=cc7b13ffcd2ddd51'. El sistema no puede encontrar el archivo especificado.
File name: 'Microsoft.Bcl.AsyncInterfaces, Version=6.0.0.0, Culture=neutral, PublicKeyToken=cc7b13ffcd2ddd51'
 ---> System.IO.FileNotFoundException: Could not load file or assembly 'Microsoft.Bcl.AsyncInterfaces, Culture=neutral, PublicKeyToken=null'. El sistema no puede encontrar el archivo especificado.
File name: 'Microsoft.Bcl.AsyncInterfaces, Culture=neutral, PublicKeyToken=null'
   at System.Reflection.RuntimeAssembly.InternalLoad(AssemblyName assemblyName, StackCrawlMark& stackMark, AssemblyLoadContext assemblyLoadContext, RuntimeAssembly requestingAssembly, Boolean throwOnFileNotFound)
   at System.Reflection.Assembly.Load(AssemblyName assemblyRef)
   at Microsoft.VisualStudio.TestPlatform.Common.ExtensionFramework.TestPluginCache.CurrentDomainAssemblyResolve(Object sender, AssemblyResolveEventArgs args) in /_/src/Microsoft.TestPlatform.Common/ExtensionFramework/TestPluginCache.cs:line 513
   at System.Runtime.Loader.AssemblyLoadContext.GetFirstResolvedAssemblyFromResolvingEvent(AssemblyName assemblyName)
   at System.Runtime.Loader.AssemblyLoadContext.ResolveUsingEvent(AssemblyName assemblyName)
   at System.Runtime.Loader.AssemblyLoadContext.ResolveUsingResolvingEvent(IntPtr gchManagedAssemblyLoadContext, AssemblyName assemblyName)
TpTrace Warning: 0 : 1488, 1, 2024/07/17, 18:32:44.241, 27658806311525, vstest.console.dll, LoaderExceptions: System.IO.FileNotFoundException: Could not load file or assembly 'Microsoft.Bcl.AsyncInterfaces, Version=6.0.0.0, Culture=neutral, PublicKeyToken=cc7b13ffcd2ddd51'. El sistema no puede encontrar el archivo especificado.
File name: 'Microsoft.Bcl.AsyncInterfaces, Version=6.0.0.0, Culture=neutral, PublicKeyToken=cc7b13ffcd2ddd51'
 ---> System.IO.FileNotFoundException: Could not load file or assembly 'Microsoft.Bcl.AsyncInterfaces, Culture=neutral, PublicKeyToken=null'. El sistema no puede encontrar el archivo especificado.
File name: 'Microsoft.Bcl.AsyncInterfaces, Culture=neutral, PublicKeyToken=null'
   at System.Reflection.RuntimeAssembly.InternalLoad(AssemblyName assemblyName, StackCrawlMark& stackMark, AssemblyLoadContext assemblyLoadContext, RuntimeAssembly requestingAssembly, Boolean throwOnFileNotFound)
   at System.Reflection.Assembly.Load(AssemblyName assemblyRef)
   at Microsoft.VisualStudio.TestPlatform.Common.ExtensionFramework.TestPluginCache.CurrentDomainAssemblyResolve(Object sender, AssemblyResolveEventArgs args) in /_/src/Microsoft.TestPlatform.Common/ExtensionFramework/TestPluginCache.cs:line 513
   at System.Runtime.Loader.AssemblyLoadContext.GetFirstResolvedAssemblyFromResolvingEvent(AssemblyName assemblyName)
   at System.Runtime.Loader.AssemblyLoadContext.ResolveUsingEvent(AssemblyName assemblyName)
   at System.Runtime.Loader.AssemblyLoadContext.ResolveUsingResolvingEvent(IntPtr gchManagedAssemblyLoadContext, AssemblyName assemblyName)
TpTrace Verbose: 0 : 1488, 1, 2024/07/17, 18:32:44.241, 27658806314283, vstest.console.dll, MetadataReaderExtensionsHelper: Discovering extensions inside assembly 'Microsoft.TestPlatform.Extensions.BlameDataCollector, Version=15.0.0.0, Culture=neutral, PublicKeyToken=b03f5f7f11d50a3a' file path 'C:\Program Files\dotnet\sdk\8.0.300\Extensions\Microsoft.TestPlatform.Extensions.BlameDataCollector.dll'
TpTrace Information: 0 : 1488, 1, 2024/07/17, 18:32:44.242, 27658806321599, vstest.console.dll, GetTestExtensionFromType: Register extension with identifier data 'logger://Microsoft/TestPlatform/Extensions/Blame/v1' and type 'Microsoft.TestPlatform.Extensions.BlameDataCollector.BlameLogger, Microsoft.TestPlatform.Extensions.BlameDataCollector, Version=15.0.0.0, Culture=neutral, PublicKeyToken=b03f5f7f11d50a3a' inside file 'C:\Program Files\dotnet\sdk\8.0.300\Extensions\Microsoft.TestPlatform.Extensions.BlameDataCollector.dll'
TpTrace Verbose: 0 : 1488, 1, 2024/07/17, 18:32:44.242, 27658806323613, vstest.console.dll, MetadataReaderExtensionsHelper: Discovering extensions inside assembly 'Microsoft.TestPlatform.Extensions.EventLogCollector, Version=15.0.0.0, Culture=neutral, PublicKeyToken=b03f5f7f11d50a3a' file path 'C:\Program Files\dotnet\sdk\8.0.300\Extensions\Microsoft.TestPlatform.Extensions.EventLogCollector.dll'
TpTrace Verbose: 0 : 1488, 1, 2024/07/17, 18:32:44.242, 27658806328400, vstest.console.dll, MetadataReaderExtensionsHelper: Discovering extensions inside assembly 'Microsoft.TestPlatform.TestHostRuntimeProvider, Version=15.0.0.0, Culture=neutral, PublicKeyToken=b03f5f7f11d50a3a' file path 'C:\Program Files\dotnet\sdk\8.0.300\Extensions\Microsoft.TestPlatform.TestHostRuntimeProvider.dll'
TpTrace Verbose: 0 : 1488, 1, 2024/07/17, 18:32:44.243, 27658806333232, vstest.console.dll, MetadataReaderExtensionsHelper: Discovering extensions inside assembly 'Microsoft.VisualStudio.TestPlatform.Extensions.Html.TestLogger, Version=15.0.0.0, Culture=neutral, PublicKeyToken=b03f5f7f11d50a3a' file path 'C:\Program Files\dotnet\sdk\8.0.300\Extensions\Microsoft.VisualStudio.TestPlatform.Extensions.Html.TestLogger.dll'
TpTrace Information: 0 : 1488, 1, 2024/07/17, 18:32:44.243, 27658806340624, vstest.console.dll, GetTestExtensionFromType: Register extension with identifier data 'logger://Microsoft/TestPlatform/HtmlLogger/v1' and type 'Microsoft.VisualStudio.TestPlatform.Extensions.HtmlLogger.HtmlLogger, Microsoft.VisualStudio.TestPlatform.Extensions.Html.TestLogger, Version=15.0.0.0, Culture=neutral, PublicKeyToken=b03f5f7f11d50a3a' inside file 'C:\Program Files\dotnet\sdk\8.0.300\Extensions\Microsoft.VisualStudio.TestPlatform.Extensions.Html.TestLogger.dll'
TpTrace Verbose: 0 : 1488, 1, 2024/07/17, 18:32:44.244, 27658806342723, vstest.console.dll, MetadataReaderExtensionsHelper: Discovering extensions inside assembly 'Microsoft.VisualStudio.TestPlatform.Extensions.Trx.TestLogger, Version=15.0.0.0, Culture=neutral, PublicKeyToken=b03f5f7f11d50a3a' file path 'C:\Program Files\dotnet\sdk\8.0.300\Extensions\Microsoft.VisualStudio.TestPlatform.Extensions.Trx.TestLogger.dll'
TpTrace Information: 0 : 1488, 1, 2024/07/17, 18:32:44.244, 27658806348989, vstest.console.dll, GetTestExtensionFromType: Register extension with identifier data 'logger://Microsoft/TestPlatform/TrxLogger/v1' and type 'Microsoft.VisualStudio.TestPlatform.Extensions.TrxLogger.TrxLogger, Microsoft.VisualStudio.TestPlatform.Extensions.Trx.TestLogger, Version=15.0.0.0, Culture=neutral, PublicKeyToken=b03f5f7f11d50a3a' inside file 'C:\Program Files\dotnet\sdk\8.0.300\Extensions\Microsoft.VisualStudio.TestPlatform.Extensions.Trx.TestLogger.dll'
TpTrace Verbose: 0 : 1488, 1, 2024/07/17, 18:32:44.244, 27658806351221, vstest.console.dll, TestPluginCache: Discovered the extensions using extension path ''.
TpTrace Verbose: 0 : 1488, 1, 2024/07/17, 18:32:44.245, 27658806352963, vstest.console.dll, TestPluginCache: Discoverers are ''.
TpTrace Verbose: 0 : 1488, 1, 2024/07/17, 18:32:44.245, 27658806354635, vstest.console.dll, TestPluginCache: Executors are ''.
TpTrace Verbose: 0 : 1488, 1, 2024/07/17, 18:32:44.245, 27658806356276, vstest.console.dll, TestPluginCache: Executors2 are ''.
TpTrace Verbose: 0 : 1488, 1, 2024/07/17, 18:32:44.245, 27658806358473, vstest.console.dll, TestPluginCache: Setting providers are ''.
TpTrace Verbose: 0 : 1488, 1, 2024/07/17, 18:32:44.245, 27658806360760, vstest.console.dll, TestPluginCache: Loggers are 'logger://Microsoft/TestPlatform/Extensions/Blame/v1,logger://Microsoft/TestPlatform/HtmlLogger/v1,logger://Microsoft/TestPlatform/TrxLogger/v1'.
TpTrace Verbose: 0 : 1488, 1, 2024/07/17, 18:32:44.246, 27658806362673, vstest.console.dll, TestPluginCache: TestHosts are 'HostProvider://DefaultTestHost,HostProvider://DotnetTestHost'.
TpTrace Verbose: 0 : 1488, 1, 2024/07/17, 18:32:44.246, 27658806364380, vstest.console.dll, TestPluginCache: DataCollectors are ''.
TpTrace Information: 0 : 1488, 1, 2024/07/17, 18:32:44.247, 27658806375084, vstest.console.dll, TestPluginManager.CreateTestExtension: Attempting to load test extension: Microsoft.TestPlatform.Extensions.BlameDataCollector.BlameLogger
TpTrace Verbose: 0 : 1488, 1, 2024/07/17, 18:32:44.255, 27658806461024, vstest.console.dll, TestEngine: Initializing Parallel Execution as MaxCpuCount is set to: 1
TpTrace Information: 0 : 1488, 1, 2024/07/17, 18:32:44.257, 27658806477389, vstest.console.dll, TestPluginManager.CreateTestExtension: Attempting to load test extension: Microsoft.VisualStudio.TestPlatform.CrossPlatEngine.Hosting.DefaultTestHostManager
TpTrace Information: 0 : 1488, 1, 2024/07/17, 18:32:44.258, 27658806489108, vstest.console.dll, TestPluginManager.CreateTestExtension: Attempting to load test extension: Microsoft.VisualStudio.TestPlatform.CrossPlatEngine.Hosting.DotnetTestHostManager
TpTrace Information: 0 : 1488, 1, 2024/07/17, 18:32:44.259, 27658806499246, vstest.console.dll, InferRunSettingsHelper.IsTestSettingsEnabled: Unable to navigate to RunSettings/MSTest. Current node: RunSettings
TpTrace Verbose: 0 : 1488, 1, 2024/07/17, 18:32:44.260, 27658806509840, vstest.console.dll, ParallelOperationManager.ClearSlots: Clearing all slots. Slots should accept more work: True
TpTrace Verbose: 0 : 1488, 1, 2024/07/17, 18:32:44.261, 27658806519015, vstest.console.dll, ParallelOperationManager.SetOccupiedSlotCount: Setting slot counts AvailableSlotCount = 1, OccupiedSlotCount = 0.
TpTrace Verbose: 0 : 1488, 1, 2024/07/17, 18:32:44.262, 27658806524973, vstest.console.dll, Occupied slots:

TpTrace Verbose: 0 : 1488, 1, 2024/07/17, 18:32:44.267, 27658806575819, vstest.console.dll, TestEngine.GetExecutionManager: Chosen execution manager 'Microsoft.VisualStudio.TestPlatform.CrossPlatEngine.Client.Parallel.ParallelProxyExecutionManager, Microsoft.TestPlatform.CrossPlatEngine, Version=15.0.0.0, Culture=neutral, PublicKeyToken=b03f5f7f11d50a3a' ParallelLevel '1'.
TpTrace Verbose: 0 : 1488, 1, 2024/07/17, 18:32:44.267, 27658806579337, vstest.console.dll, TestRunRequest.ExecuteAsync: Creating test run request.
TpTrace Verbose: 0 : 1488, 1, 2024/07/17, 18:32:44.268, 27658806583841, vstest.console.dll, TestRunRequest.ExecuteAsync: Starting.
TpTrace Information: 0 : 1488, 1, 2024/07/17, 18:32:44.269, 27658806599379, vstest.console.dll, TestRunRequest.ExecuteAsync: Starting run with settings:TestRunCriteria:
   KeepAlive=False,FrequencyOfRunStatsChangeEvent=10,RunStatsChangeEventTimeout=00:00:01.5000000,TestCaseFilter=,TestExecutorLauncher=
   Settingsxml=<RunSettings>
  <RunConfiguration>
    <ResultsDirectory>C:\Users\Tincho\source\repos\SNEAKER-COLLECTION\SneakerCollectionAPI.Tests\bin\Debug\net8.0\fine-code-coverage\coverage-tool-output</ResultsDirectory>
    <TargetPlatform>X64</TargetPlatform>
    <TargetFrameworkVersion>.NETCoreApp,Version=v8.0</TargetFrameworkVersion>
    <DesignMode>False</DesignMode>
    <CollectSourceInformation>False</CollectSourceInformation>
  </RunConfiguration>
  <LoggerRunSettings>
    <Loggers>
      <Logger friendlyName="blame" enabled="True" />
      <Logger friendlyName="Console" uri="logger://microsoft/TestPlatform/ConsoleLogger/v1" assemblyQualifiedName="Microsoft.VisualStudio.TestPlatform.CommandLine.Internal.ConsoleLogger, vstest.console, Version=15.0.0.0, Culture=neutral, PublicKeyToken=b03f5f7f11d50a3a" codeBase="C:\Program Files\dotnet\sdk\8.0.300\vstest.console.dll" enabled="True" />
    </Loggers>
  </LoggerRunSettings>
  <DataCollectionRunSettings>
    <DataCollectors>
      <DataCollector friendlyName="blame" enabled="True">
        <Configuration>
          <ResultsDirectory>C:\Users\Tincho\source\repos\SNEAKER-COLLECTION\SneakerCollectionAPI.Tests\bin\Debug\net8.0\fine-code-coverage\coverage-tool-output</ResultsDirectory>
        </Configuration>
      </DataCollector>
    </DataCollectors>
  </DataCollectionRunSettings>
</RunSettings>

TpTrace Verbose: 0 : 1488, 1, 2024/07/17, 18:32:44.270, 27658806604435, vstest.console.dll, TestRunRequest.ExecuteAsync: Wait for the first run request is over.
TpTrace Verbose: 0 : 1488, 1, 2024/07/17, 18:32:44.270, 27658806609327, vstest.console.dll, MulticastDelegateUtilities.SafeInvoke: TestRun.TestRunStart: Invoking callbacks was skipped because there are no subscribers.
TpTrace Verbose: 0 : 1488, 4, 2024/07/17, 18:32:44.270, 27658806611174, vstest.console.dll, MulticastDelegateUtilities.SafeInvoke: InternalTestLoggerEvents.SendTestRunStart: Invoking callback 1/1 for Microsoft.VisualStudio.TestPlatform.CommandLine.Internal.ConsoleLogger., took 0 ms.
TpTrace Verbose: 0 : 1488, 1, 2024/07/17, 18:32:44.272, 27658806624935, vstest.console.dll, ParallelProxyExecutionManager: Start execution. Total sources: 1
TpTrace Verbose: 0 : 1488, 1, 2024/07/17, 18:32:44.272, 27658806630946, vstest.console.dll, ParallelOperationManager.StartWork: Starting adding 1 workloads.
TpTrace Verbose: 0 : 1488, 1, 2024/07/17, 18:32:44.273, 27658806633336, vstest.console.dll, ParallelOperationManager.ClearSlots: Clearing all slots. Slots should accept more work: True
TpTrace Verbose: 0 : 1488, 1, 2024/07/17, 18:32:44.273, 27658806635574, vstest.console.dll, ParallelOperationManager.SetOccupiedSlotCount: Setting slot counts AvailableSlotCount = 1, OccupiedSlotCount = 0.
TpTrace Verbose: 0 : 1488, 1, 2024/07/17, 18:32:44.273, 27658806637430, vstest.console.dll, Occupied slots:

TpTrace Verbose: 0 : 1488, 1, 2024/07/17, 18:32:44.275, 27658806659089, vstest.console.dll, TestRequestSender is acting as server.
TpTrace Verbose: 0 : 1488, 1, 2024/07/17, 18:32:44.277, 27658806676663, vstest.console.dll, ParallelOperationManager.RunWorkInParallel: Adding 1 workload to slot, remaining workloads 0.
TpTrace Verbose: 0 : 1488, 1, 2024/07/17, 18:32:44.277, 27658806679687, vstest.console.dll, ParallelOperationManager.SetOccupiedSlotCount: Setting slot counts AvailableSlotCount = 0, OccupiedSlotCount = 1.
TpTrace Verbose: 0 : 1488, 1, 2024/07/17, 18:32:44.278, 27658806683121, vstest.console.dll, Occupied slots:
0: C:\Users\Tincho\source\repos\SNEAKER-COLLECTION\SneakerCollectionAPI.Tests\bin\Debug\net8.0\fine-code-coverage\build-output\SneakerCollectionAPI.Tests.dll
TpTrace Verbose: 0 : 1488, 1, 2024/07/17, 18:32:44.279, 27658806697115, vstest.console.dll, ParallelOperationManager.RunWorkInParallel: Started host in slot number 0 for work (source): C:\Users\Tincho\source\repos\SNEAKER-COLLECTION\SneakerCollectionAPI.Tests\bin\Debug\net8.0\fine-code-coverage\build-output\SneakerCollectionAPI.Tests.dll.
TpTrace Verbose: 0 : 1488, 1, 2024/07/17, 18:32:44.280, 27658806708502, vstest.console.dll, ParallelOperationManager.RunWorkInParallel: We started 1 work items, which is the max parallel level. Won't start more work.
TpTrace Verbose: 0 : 1488, 5, 2024/07/17, 18:32:44.280, 27658806710098, vstest.console.dll, ParallelProxyExecutionManager.StartTestRunOnConcurrentManager: Initializing uninitialized client. Started clients: 0
TpTrace Verbose: 0 : 1488, 1, 2024/07/17, 18:32:44.280, 27658806710977, vstest.console.dll, ParallelOperationManager.RunWorkInParallel: We started 1 work items in here, returning True.
TpTrace Verbose: 0 : 1488, 5, 2024/07/17, 18:32:44.281, 27658806714474, vstest.console.dll, DataCollectionRequestSender.InitializeCommunication : Initialize communication. 
TpTrace Information: 0 : 1488, 1, 2024/07/17, 18:32:44.281, 27658806715066, vstest.console.dll, TestRunRequest.ExecuteAsync: Started.
TpTrace Verbose: 0 : 1488, 1, 2024/07/17, 18:32:44.282, 27658806725473, vstest.console.dll, TestRunRequest.WaitForCompletion: Waiting with timeout -1.
TpTrace Information: 0 : 1488, 5, 2024/07/17, 18:32:44.291, 27658806812099, vstest.console.dll, Listening on Endpoint : 127.0.0.1:56535
TpTrace Verbose: 0 : 1488, 5, 2024/07/17, 18:32:44.298, 27658806884489, vstest.console.dll, DotnetDataCollectionLauncher: Adding  --runtimeconfig "C:\Program Files\dotnet\sdk\8.0.300\datacollector.runtimeconfig.json" in args
TpTrace Verbose: 0 : 1488, 5, 2024/07/17, 18:32:44.298, 27658806887586, vstest.console.dll, DotnetDataCollectionLauncher: Adding  --depsfile "C:\Program Files\dotnet\sdk\8.0.300\datacollector.deps.json" in args
TpTrace Verbose: 0 : 1488, 5, 2024/07/17, 18:32:44.299, 27658806894330, vstest.console.dll, DotnetDataCollectionLauncher: Full path of dotnet.exe is C:\Program Files\dotnet\dotnet.exe
TpTrace Information: 0 : 1488, 5, 2024/07/17, 18:32:44.309, 27658806998037, vstest.console.dll, ProxyDataCollectionManager.Initialize: Launched datacollector processId: 24048 port: 56535
TpTrace Information: 0 : 1488, 5, 2024/07/17, 18:32:44.309, 27658807001245, vstest.console.dll, ProxyDataCollectionManager.Initialize: waiting for connection with timeout: 90 seconds
TpTrace Verbose: 0 : 1488, 5, 2024/07/17, 18:32:44.310, 27658807003349, vstest.console.dll, DataCollectionRequestSender.WaitForRequestHandlerConnection : Waiting for connection with timeout: 90000
TpTrace Information: 0 : 1488, 11, 2024/07/17, 18:32:44.529, 27658809191875, vstest.console.dll, Using the buffer size of 16384 bytes
TpTrace Verbose: 0 : 1488, 5, 2024/07/17, 18:32:44.529, 27658809191975, vstest.console.dll, SocketCommunicationManager.WaitForClientConnection took: 218 ms, with 90000 ms timeout, and finished with True.
TpTrace Information: 0 : 1488, 11, 2024/07/17, 18:32:44.529, 27658809194583, vstest.console.dll, Accepted Client request and set the flag
TpTrace Verbose: 0 : 1488, 5, 2024/07/17, 18:32:44.529, 27658809197128, vstest.console.dll, ProxyDataCollectionManager.InvokeDataCollectionServiceAction: Starting.
TpTrace Information: 0 : 1488, 5, 2024/07/17, 18:32:44.529, 27658809200884, vstest.console.dll, ProxyDataCollectionManager.BeforeTestRunStart: Get environment variable and port for datacollector processId: 24048 port: 56535
TpTrace Verbose: 0 : 1488, 5, 2024/07/17, 18:32:44.530, 27658809203541, vstest.console.dll, DataCollectionRequestSender.SendBeforeTestRunStartAndGetResult: Send BeforeTestRunStart message with settingsXml <RunSettings><RunConfiguration><ResultsDirectory>C:\Users\Tincho\source\repos\SNEAKER-COLLECTION\SneakerCollectionAPI.Tests\bin\Debug\net8.0\fine-code-coverage\coverage-tool-output</ResultsDirectory><TargetPlatform>X64</TargetPlatform><TargetFrameworkVersion>.NETCoreApp,Version=v8.0</TargetFrameworkVersion><DesignMode>False</DesignMode><CollectSourceInformation>False</CollectSourceInformation><TestAdaptersPaths>C:\Program Files\dotnet\sdk\8.0.300\Extensions</TestAdaptersPaths></RunConfiguration><LoggerRunSettings><Loggers><Logger friendlyName="blame" enabled="True" /><Logger friendlyName="Console" uri="logger://microsoft/TestPlatform/ConsoleLogger/v1" assemblyQualifiedName="Microsoft.VisualStudio.TestPlatform.CommandLine.Internal.ConsoleLogger, vstest.console, Version=15.0.0.0, Culture=neutral, PublicKeyToken=b03f5f7f11d50a3a" codeBase="C:\Program Files\dotnet\sdk\8.0.300\vstest.console.dll" enabled="True" /></Loggers></LoggerRunSettings><DataCollectionRunSettings><DataCollectors><DataCollector friendlyName="blame" enabled="True"><Configuration><ResultsDirectory>C:\Users\Tincho\source\repos\SNEAKER-COLLECTION\SneakerCollectionAPI.Tests\bin\Debug\net8.0\fine-code-coverage\coverage-tool-output</ResultsDirectory></Configuration></DataCollector></DataCollectors></DataCollectionRunSettings></RunSettings> and sources System.Collections.Generic.List`1[System.String]: 
TpTrace Verbose: 0 : 1488, 5, 2024/07/17, 18:32:44.606, 27658809964246, vstest.console.dll, DataCollectionRequestSender.SendBeforeTestRunStartAndGetResult: Received message: (DataCollection.SendMessage) -> {"MessageType":"DataCollection.SendMessage","Payload":{"FriendlyName":null,"Uri":null,"TestCaseId":"00000000-0000-0000-0000-000000000000","Message":"Logging DataCollector Diagnostics in file: C:\\Users\\Tincho\\source\\repos\\SNEAKER-COLLECTION\\SneakerCollectionAPI.Tests\\bin\\Debug\\net8.0\\fine-code-coverage\\coverage-tool-output\\diagnostics.datacollector.24-07-17_18-32-44_29799_5.log","Level":0}}
TpTrace Verbose: 0 : 1488, 5, 2024/07/17, 18:32:44.727, 27658811176422, vstest.console.dll, DataCollectionRequestSender.SendBeforeTestRunStartAndGetResult: Received message: (DataCollection.BeforeTestRunStartResult) -> {"MessageType":"DataCollection.BeforeTestRunStartResult","Payload":{"EnvironmentVariables":{},"DataCollectionEventsPort":56537}}
TpTrace Information: 0 : 1488, 5, 2024/07/17, 18:32:44.734, 27658811249605, vstest.console.dll, ProxyDataCollectionManager.BeforeTestRunStart: SendBeforeTestRunStartAndGetResult successful, env variable from datacollector:   and testhost port: 56537
TpTrace Information: 0 : 1488, 5, 2024/07/17, 18:32:44.735, 27658811252585, vstest.console.dll, ProxyDataCollectionManager.InvokeDataCollectionServiceAction: Completed.
TpTrace Verbose: 0 : 1488, 5, 2024/07/17, 18:32:44.735, 27658811254677, vstest.console.dll, ParallelProxyExecutionManager.StartTestRunOnConcurrentManager: Initializing test run. Started clients: 0
TpTrace Verbose: 0 : 1488, 5, 2024/07/17, 18:32:44.735, 27658811257278, vstest.console.dll, ProxyExecutionManager: Test host is always Lazy initialize.
TpTrace Verbose: 0 : 1488, 5, 2024/07/17, 18:32:44.735, 27658811261114, vstest.console.dll, TestRequestSender.InitializeCommunication: initialize communication. 
TpTrace Information: 0 : 1488, 5, 2024/07/17, 18:32:44.736, 27658811268784, vstest.console.dll, SocketServer.Start: Listening on endpoint : 127.0.0.1:56538
TpTrace Verbose: 0 : 1488, 5, 2024/07/17, 18:32:44.737, 27658811278216, vstest.console.dll, DotnetTestHostmanager.GetTestHostProcessStartInfo: Platform environment 'X64' target architecture 'X64' framework '.NETCoreApp,Version=v8.0' OS 'Windows'
TpTrace Verbose: 0 : 1488, 5, 2024/07/17, 18:32:44.738, 27658811282607, vstest.console.dll, DotnetTestHostmanager: Adding  --runtimeconfig "C:\Users\Tincho\source\repos\SNEAKER-COLLECTION\SneakerCollectionAPI.Tests\bin\Debug\net8.0\fine-code-coverage\build-output\SneakerCollectionAPI.Tests.runtimeconfig.json" in args
TpTrace Verbose: 0 : 1488, 5, 2024/07/17, 18:32:44.738, 27658811285343, vstest.console.dll, DotnetTestHostmanager: Adding  --depsfile "C:\Users\Tincho\source\repos\SNEAKER-COLLECTION\SneakerCollectionAPI.Tests\bin\Debug\net8.0\fine-code-coverage\build-output\SneakerCollectionAPI.Tests.deps.json" in args
TpTrace Verbose: 0 : 1488, 5, 2024/07/17, 18:32:44.738, 27658811288971, vstest.console.dll, DotnetTestHostmanager.IsWinOnArm: Current PROCESSOR_ARCHITECTURE from environment variable 'AMD64'
TpTrace Verbose: 0 : 1488, 5, 2024/07/17, 18:32:44.738, 27658811291176, vstest.console.dll, DotnetTestHostmanager.IsWinOnArm: Is Windows on ARM 'False'
TpTrace Verbose: 0 : 1488, 5, 2024/07/17, 18:32:44.739, 27658811293993, vstest.console.dll, DotnetTestHostManager: testhost.exe found at path: C:\Users\Tincho\source\repos\SNEAKER-COLLECTION\SneakerCollectionAPI.Tests\bin\Debug\net8.0\fine-code-coverage\build-output\testhost.exe
TpTrace Verbose: 0 : 1488, 5, 2024/07/17, 18:32:44.739, 27658811296019, vstest.console.dll, DotnetTestHostmanager: Full path of host exe is C:\Users\Tincho\source\repos\SNEAKER-COLLECTION\SneakerCollectionAPI.Tests\bin\Debug\net8.0\fine-code-coverage\build-output\testhost.exe
TpTrace Verbose: 0 : 1488, 5, 2024/07/17, 18:32:44.739, 27658811299370, vstest.console.dll, DotnetTestHostmanager.LaunchTestHostAsync: Found 'VSTEST_WINAPPHOST_DOTNET_ROOT' in env variables, value 'C:\Program Files\dotnet', forwarding to 'DOTNET_ROOT'
TpTrace Verbose: 0 : 1488, 5, 2024/07/17, 18:32:44.740, 27658811302554, vstest.console.dll, DotnetTestHostManager: Starting process 'C:\Users\Tincho\source\repos\SNEAKER-COLLECTION\SneakerCollectionAPI.Tests\bin\Debug\net8.0\fine-code-coverage\build-output\testhost.exe' with command line ' --runtimeconfig "C:\Users\Tincho\source\repos\SNEAKER-COLLECTION\SneakerCollectionAPI.Tests\bin\Debug\net8.0\fine-code-coverage\build-output\SneakerCollectionAPI.Tests.runtimeconfig.json" --depsfile "C:\Users\Tincho\source\repos\SNEAKER-COLLECTION\SneakerCollectionAPI.Tests\bin\Debug\net8.0\fine-code-coverage\build-output\SneakerCollectionAPI.Tests.deps.json" --port 56538 --endpoint 127.0.0.1:056538 --role client --parentprocessid 1488 --diag "C:\Users\Tincho\source\repos\SNEAKER-COLLECTION\SneakerCollectionAPI.Tests\bin\Debug\net8.0\fine-code-coverage\coverage-tool-output\diagnostics.host.24-07-17_18-32-44_73730_5.log" --tracelevel 4 --datacollectionport 56537 --telemetryoptedin false'
TpTrace Verbose: 0 : 1488, 5, 2024/07/17, 18:32:44.750, 27658811405450, vstest.console.dll, MulticastDelegateUtilities.SafeInvoke: HostProviderEvents.OnHostLaunched: Invoking callback 1/2 for Microsoft.VisualStudio.TestPlatform.CrossPlatEngine.Client.ProxyExecutionManagerWithDataCollection., took 1 ms.
TpTrace Verbose: 0 : 1488, 5, 2024/07/17, 18:32:44.750, 27658811410355, vstest.console.dll, Test Runtime launched
TpTrace Verbose: 0 : 1488, 5, 2024/07/17, 18:32:44.751, 27658811412610, vstest.console.dll, MulticastDelegateUtilities.SafeInvoke: HostProviderEvents.OnHostLaunched: Invoking callback 2/2 for Microsoft.VisualStudio.TestPlatform.CrossPlatEngine.Client.ProxyOperationManager., took 0 ms.
TpTrace Verbose: 0 : 1488, 5, 2024/07/17, 18:32:44.751, 27658811415491, vstest.console.dll, TestRequestSender.WaitForRequestHandlerConnection: waiting for connection with timeout: 90000.
TpTrace Verbose: 0 : 1488, 5, 2024/07/17, 18:32:45.048, 27658814384929, vstest.console.dll, TestRequestSender.WaitForRequestHandlerConnection: waiting took 296 ms, with timeout 90000 ms, and result 0, which is success.
TpTrace Verbose: 0 : 1488, 7, 2024/07/17, 18:32:45.049, 27658814398555, vstest.console.dll, MulticastDelegateUtilities.SafeInvoke: SocketServer: ClientConnected: Invoking callback 1/1 for Microsoft.VisualStudio.TestPlatform.CommunicationUtilities.TestRequestSender., took 1 ms.
TpTrace Verbose: 0 : 1488, 7, 2024/07/17, 18:32:45.049, 27658814401122, vstest.console.dll, SocketServer.OnClientConnected: Client connected for endPoint: 127.0.0.1:56538, starting MessageLoopAsync:
TpTrace Verbose: 0 : 1488, 5, 2024/07/17, 18:32:45.050, 27658814402093, vstest.console.dll, TestRequestSender.CheckVersionWithTestHost: Sending check version message: {"MessageType":"ProtocolVersion","Payload":7}
TpTrace Verbose: 0 : 1488, 7, 2024/07/17, 18:32:45.051, 27658814412826, vstest.console.dll, TcpClientExtensions.MessageLoopAsync: Polling on remoteEndPoint: 127.0.0.1:56539 localEndPoint: 127.0.0.1:56538 after 0 ms
TpTrace Verbose: 0 : 1488, 7, 2024/07/17, 18:32:45.196, 27658815866983, vstest.console.dll, TcpClientExtensions.MessageLoopAsync: NotifyDataAvailable remoteEndPoint: 127.0.0.1:56539 localEndPoint: 127.0.0.1:56538
TpTrace Verbose: 0 : 1488, 7, 2024/07/17, 18:32:45.197, 27658815871427, vstest.console.dll, TestRequestSender.CheckVersionWithTestHost: onMessageReceived received message: (ProtocolVersion) -> {"MessageType":"ProtocolVersion","Payload":7}
TpTrace Verbose: 0 : 1488, 7, 2024/07/17, 18:32:45.197, 27658815880307, vstest.console.dll, MulticastDelegateUtilities.SafeInvoke: LengthPrefixCommunicationChannel: MessageReceived: Invoking callback 1/1 for Microsoft.VisualStudio.TestPlatform.CommunicationUtilities.TestRequestSender+<>c__DisplayClass29_0., took 0 ms.
TpTrace Verbose: 0 : 1488, 5, 2024/07/17, 18:32:45.198, 27658815881774, vstest.console.dll, TestPluginCache.GetExtensionPaths: Filtered extension paths: 
TpTrace Verbose: 0 : 1488, 7, 2024/07/17, 18:32:45.198, 27658815883192, vstest.console.dll, TcpClientExtensions.MessageLoopAsync: Polling on remoteEndPoint: 127.0.0.1:56539 localEndPoint: 127.0.0.1:56538 after 146 ms
TpTrace Verbose: 0 : 1488, 5, 2024/07/17, 18:32:45.198, 27658815885604, vstest.console.dll, TestPluginCache.GetExtensionPaths: Added default extension paths: C:\Program Files\dotnet\sdk\8.0.300\Extensions\Microsoft.Diagnostics.NETCore.Client.dll
C:\Program Files\dotnet\sdk\8.0.300\Extensions\Microsoft.TestPlatform.Extensions.BlameDataCollector.dll
C:\Program Files\dotnet\sdk\8.0.300\Extensions\Microsoft.TestPlatform.Extensions.EventLogCollector.dll
C:\Program Files\dotnet\sdk\8.0.300\Extensions\Microsoft.TestPlatform.TestHostRuntimeProvider.dll
C:\Program Files\dotnet\sdk\8.0.300\Extensions\Microsoft.VisualStudio.TestPlatform.Extensions.Html.TestLogger.dll
C:\Program Files\dotnet\sdk\8.0.300\Extensions\Microsoft.VisualStudio.TestPlatform.Extensions.Trx.TestLogger.dll
TpTrace Verbose: 0 : 1488, 5, 2024/07/17, 18:32:45.198, 27658815890751, vstest.console.dll, TestPluginCache.GetExtensionPaths: Added unfilterableExtensionPaths: 
TpTrace Verbose: 0 : 1488, 5, 2024/07/17, 18:32:45.202, 27658815930201, vstest.console.dll, TestRequestSender.InitializeExecution: Sending initialize execution with message: {"Version":7,"MessageType":"TestExecution.Initialize","Payload":["C:\\Users\\Tincho\\source\\repos\\SNEAKER-COLLECTION\\SneakerCollectionAPI.Tests\\bin\\Debug\\net8.0\\fine-code-coverage\\build-output\\xunit.runner.visualstudio.dotnetcore.testadapter.dll"]}
TpTrace Verbose: 0 : 1488, 5, 2024/07/17, 18:32:45.203, 27658815933924, vstest.console.dll, ParallelProxyExecutionManager.StartTestRunOnConcurrentManager: Execution starting. Started clients: 1
TpTrace Verbose: 0 : 1488, 5, 2024/07/17, 18:32:45.203, 27658815937946, vstest.console.dll, TestRunRequest:SendTestRunMessage: Starting.
TpTrace Verbose: 0 : 1488, 5, 2024/07/17, 18:32:45.203, 27658815940744, vstest.console.dll, MulticastDelegateUtilities.SafeInvoke: TestRun.LogMessages: Invoking callback 1/1 for Microsoft.VisualStudio.TestPlatform.CommandLine.TestRunResultAggregator., took 0 ms.
TpTrace Verbose: 0 : 1488, 4, 2024/07/17, 18:32:45.204, 27658815942573, vstest.console.dll, MulticastDelegateUtilities.SafeInvoke: InternalTestLoggerEvents.SendTestRunMessage: Invoking callback 1/1 for Microsoft.VisualStudio.TestPlatform.CommandLine.Internal.ConsoleLogger., took 0 ms.
TpTrace Information: 0 : 1488, 5, 2024/07/17, 18:32:45.204, 27658815942699, vstest.console.dll, TestRunRequest:SendTestRunMessage: Completed.
TpTrace Warning: 0 : 1488, 5, 2024/07/17, 18:32:45.204, 27658815949731, vstest.console.dll, InferRunSettingsHelper.MakeRunsettingsCompatible: Removing the following settings: TargetPlatform from RunSettings file. To use those settings please move to latest version of Microsoft.NET.Test.Sdk
TpTrace Verbose: 0 : 1488, 7, 2024/07/17, 18:32:45.205, 27658815956398, vstest.console.dll, TcpClientExtensions.MessageLoopAsync: NotifyDataAvailable remoteEndPoint: 127.0.0.1:56539 localEndPoint: 127.0.0.1:56538
TpTrace Verbose: 0 : 1488, 7, 2024/07/17, 18:32:45.205, 27658815960763, vstest.console.dll, TestRequestSender.OnExecutionMessageReceived: Received message: {"Version":7,"MessageType":"TestSession.Message","Payload":{"MessageLevel":0,"Message":"Registrando diagnstico de TestHost en el archivo: C:\\Users\\Tincho\\source\\repos\\SNEAKER-COLLECTION\\SneakerCollectionAPI.Tests\\bin\\Debug\\net8.0\\fine-code-coverage\\coverage-tool-output\\diagnostics.host.24-07-17_18-32-44_73730_5.log"}}
TpTrace Verbose: 0 : 1488, 7, 2024/07/17, 18:32:45.208, 27658815990099, vstest.console.dll, TestRunRequest:SendTestRunMessage: Starting.
TpTrace Verbose: 0 : 1488, 7, 2024/07/17, 18:32:45.209, 27658815993149, vstest.console.dll, MulticastDelegateUtilities.SafeInvoke: TestRun.LogMessages: Invoking callback 1/1 for Microsoft.VisualStudio.TestPlatform.CommandLine.TestRunResultAggregator., took 0 ms.
TpTrace Information: 0 : 1488, 7, 2024/07/17, 18:32:45.209, 27658815995113, vstest.console.dll, TestRunRequest:SendTestRunMessage: Completed.
TpTrace Verbose: 0 : 1488, 7, 2024/07/17, 18:32:45.209, 27658815997131, vstest.console.dll, MulticastDelegateUtilities.SafeInvoke: LengthPrefixCommunicationChannel: MessageReceived: Invoking callback 1/1 for Microsoft.VisualStudio.TestPlatform.CommunicationUtilities.TestRequestSender+<>c__DisplayClass34_0., took 3 ms.
TpTrace Verbose: 0 : 1488, 7, 2024/07/17, 18:32:45.209, 27658815999096, vstest.console.dll, TcpClientExtensions.MessageLoopAsync: Polling on remoteEndPoint: 127.0.0.1:56539 localEndPoint: 127.0.0.1:56538 after 11 ms
TpTrace Verbose: 0 : 1488, 4, 2024/07/17, 18:32:45.210, 27658816001470, vstest.console.dll, MulticastDelegateUtilities.SafeInvoke: InternalTestLoggerEvents.SendTestRunMessage: Invoking callback 1/1 for Microsoft.VisualStudio.TestPlatform.CommandLine.Internal.ConsoleLogger., took 0 ms.
TpTrace Verbose: 0 : 1488, 5, 2024/07/17, 18:32:45.211, 27658816020369, vstest.console.dll, TestRequestSender.StartTestRun: Sending test run with message: {"Version":7,"MessageType":"TestExecution.StartWithSources","Payload":{"AdapterSourceMap":{"_none_":["C:\\Users\\Tincho\\source\\repos\\SNEAKER-COLLECTION\\SneakerCollectionAPI.Tests\\bin\\Debug\\net8.0\\fine-code-coverage\\build-output\\SneakerCollectionAPI.Tests.dll"]},"RunSettings":"<RunSettings>\r\n  <RunConfiguration>\r\n    <ResultsDirectory>C:\\Users\\Tincho\\source\\repos\\SNEAKER-COLLECTION\\SneakerCollectionAPI.Tests\\bin\\Debug\\net8.0\\fine-code-coverage\\coverage-tool-output</ResultsDirectory>\r\n    <TargetFrameworkVersion>.NETCoreApp,Version=v8.0</TargetFrameworkVersion>\r\n    <DesignMode>False</DesignMode>\r\n    <CollectSourceInformation>False</CollectSourceInformation>\r\n  </RunConfiguration>\r\n  <LoggerRunSettings>\r\n    <Loggers>\r\n      <Logger friendlyName=\"blame\" enabled=\"True\" />\r\n      <Logger friendlyName=\"Console\" uri=\"logger://microsoft/TestPlatform/ConsoleLogger/v1\" assemblyQualifiedName=\"Microsoft.VisualStudio.TestPlatform.CommandLine.Internal.ConsoleLogger, vstest.console, Version=15.0.0.0, Culture=neutral, PublicKeyToken=b03f5f7f11d50a3a\" codeBase=\"C:\\Program Files\\dotnet\\sdk\\8.0.300\\vstest.console.dll\" enabled=\"True\" />\r\n    </Loggers>\r\n  </LoggerRunSettings>\r\n  <DataCollectionRunSettings>\r\n    <DataCollectors>\r\n      <DataCollector friendlyName=\"blame\" enabled=\"True\">\r\n        <Configuration>\r\n          <ResultsDirectory>C:\\Users\\Tincho\\source\\repos\\SNEAKER-COLLECTION\\SneakerCollectionAPI.Tests\\bin\\Debug\\net8.0\\fine-code-coverage\\coverage-tool-output</ResultsDirectory>\r\n        </Configuration>\r\n      </DataCollector>\r\n    </DataCollectors>\r\n  </DataCollectionRunSettings>\r\n</RunSettings>","TestExecutionContext":{"FrequencyOfRunStatsChangeEvent":10,"RunStatsChangeEventTimeout":"00:00:01.5000000","InIsolation":false,"KeepAlive":false,"AreTestCaseLevelEventsRequired":false,"IsDebug":false,"TestCaseFilter":null,"FilterOptions":null},"Package":null}}
TpTrace Verbose: 0 : 1488, 5, 2024/07/17, 18:32:45.212, 27658816023775, vstest.console.dll, ParallelProxyExecutionManager.StartTestRunOnConcurrentManager: Execution started. Started clients: 1
TpTrace Verbose: 0 : 1488, 7, 2024/07/17, 18:32:45.400, 27658817901749, vstest.console.dll, TcpClientExtensions.MessageLoopAsync: NotifyDataAvailable remoteEndPoint: 127.0.0.1:56539 localEndPoint: 127.0.0.1:56538
TpTrace Verbose: 0 : 1488, 7, 2024/07/17, 18:32:45.400, 27658817906266, vstest.console.dll, TestRequestSender.OnExecutionMessageReceived: Received message: {"Version":7,"MessageType":"TestSession.Message","Payload":{"MessageLevel":0,"Message":"[xUnit.net 00:00:00.00] xUnit.net VSTest Adapter v2.5.3.1+6b60a9e56a (64-bit .NET 8.0.5)"}}
TpTrace Verbose: 0 : 1488, 7, 2024/07/17, 18:32:45.400, 27658817909551, vstest.console.dll, TestRunRequest:SendTestRunMessage: Starting.
TpTrace Verbose: 0 : 1488, 7, 2024/07/17, 18:32:45.401, 27658817911679, vstest.console.dll, MulticastDelegateUtilities.SafeInvoke: TestRun.LogMessages: Invoking callback 1/1 for Microsoft.VisualStudio.TestPlatform.CommandLine.TestRunResultAggregator., took 0 ms.
TpTrace Verbose: 0 : 1488, 4, 2024/07/17, 18:32:45.401, 27658817911933, vstest.console.dll, MulticastDelegateUtilities.SafeInvoke: InternalTestLoggerEvents.SendTestRunMessage: Invoking callback 1/1 for Microsoft.VisualStudio.TestPlatform.CommandLine.Internal.ConsoleLogger., took 0 ms.
TpTrace Information: 0 : 1488, 7, 2024/07/17, 18:32:45.401, 27658817913581, vstest.console.dll, TestRunRequest:SendTestRunMessage: Completed.
TpTrace Verbose: 0 : 1488, 7, 2024/07/17, 18:32:45.401, 27658817917693, vstest.console.dll, MulticastDelegateUtilities.SafeInvoke: LengthPrefixCommunicationChannel: MessageReceived: Invoking callback 1/1 for Microsoft.VisualStudio.TestPlatform.CommunicationUtilities.TestRequestSender+<>c__DisplayClass34_0., took 1 ms.
TpTrace Verbose: 0 : 1488, 7, 2024/07/17, 18:32:45.401, 27658817919568, vstest.console.dll, TcpClientExtensions.MessageLoopAsync: Polling on remoteEndPoint: 127.0.0.1:56539 localEndPoint: 127.0.0.1:56538 after 191 ms
TpTrace Verbose: 0 : 1488, 7, 2024/07/17, 18:32:46.402, 27658827931115, vstest.console.dll, TcpClientExtensions.MessageLoopAsync: Polling on remoteEndPoint: 127.0.0.1:56539 localEndPoint: 127.0.0.1:56538 after 999 ms
TpTrace Verbose: 0 : 1488, 7, 2024/07/17, 18:32:46.422, 27658828127298, vstest.console.dll, TcpClientExtensions.MessageLoopAsync: NotifyDataAvailable remoteEndPoint: 127.0.0.1:56539 localEndPoint: 127.0.0.1:56538
TpTrace Verbose: 0 : 1488, 7, 2024/07/17, 18:32:46.422, 27658828130285, vstest.console.dll, TestRequestSender.OnExecutionMessageReceived: Received message: {"Version":7,"MessageType":"TestSession.Message","Payload":{"MessageLevel":0,"Message":"[xUnit.net 00:00:01.02]   Discovering: SneakerCollectionAPI.Tests"}}
TpTrace Verbose: 0 : 1488, 7, 2024/07/17, 18:32:46.423, 27658828132855, vstest.console.dll, TestRunRequest:SendTestRunMessage: Starting.
TpTrace Verbose: 0 : 1488, 7, 2024/07/17, 18:32:46.423, 27658828134865, vstest.console.dll, MulticastDelegateUtilities.SafeInvoke: TestRun.LogMessages: Invoking callback 1/1 for Microsoft.VisualStudio.TestPlatform.CommandLine.TestRunResultAggregator., took 0 ms.
TpTrace Verbose: 0 : 1488, 4, 2024/07/17, 18:32:46.423, 27658828135095, vstest.console.dll, MulticastDelegateUtilities.SafeInvoke: InternalTestLoggerEvents.SendTestRunMessage: Invoking callback 1/1 for Microsoft.VisualStudio.TestPlatform.CommandLine.Internal.ConsoleLogger., took 0 ms.
TpTrace Information: 0 : 1488, 7, 2024/07/17, 18:32:46.423, 27658828136914, vstest.console.dll, TestRunRequest:SendTestRunMessage: Completed.
TpTrace Verbose: 0 : 1488, 7, 2024/07/17, 18:32:46.423, 27658828140748, vstest.console.dll, MulticastDelegateUtilities.SafeInvoke: LengthPrefixCommunicationChannel: MessageReceived: Invoking callback 1/1 for Microsoft.VisualStudio.TestPlatform.CommunicationUtilities.TestRequestSender+<>c__DisplayClass34_0., took 1 ms.
TpTrace Verbose: 0 : 1488, 7, 2024/07/17, 18:32:46.424, 27658828142513, vstest.console.dll, TcpClientExtensions.MessageLoopAsync: Polling on remoteEndPoint: 127.0.0.1:56539 localEndPoint: 127.0.0.1:56538 after 20 ms
TpTrace Verbose: 0 : 1488, 7, 2024/07/17, 18:32:46.467, 27658828572820, vstest.console.dll, TcpClientExtensions.MessageLoopAsync: NotifyDataAvailable remoteEndPoint: 127.0.0.1:56539 localEndPoint: 127.0.0.1:56538
TpTrace Verbose: 0 : 1488, 7, 2024/07/17, 18:32:46.467, 27658828575739, vstest.console.dll, TestRequestSender.OnExecutionMessageReceived: Received message: {"Version":7,"MessageType":"TestSession.Message","Payload":{"MessageLevel":0,"Message":"[xUnit.net 00:00:01.07]   Discovered:  SneakerCollectionAPI.Tests"}}
TpTrace Verbose: 0 : 1488, 7, 2024/07/17, 18:32:46.467, 27658828578455, vstest.console.dll, TestRunRequest:SendTestRunMessage: Starting.
TpTrace Verbose: 0 : 1488, 7, 2024/07/17, 18:32:46.467, 27658828580631, vstest.console.dll, MulticastDelegateUtilities.SafeInvoke: TestRun.LogMessages: Invoking callback 1/1 for Microsoft.VisualStudio.TestPlatform.CommandLine.TestRunResultAggregator., took 0 ms.
TpTrace Verbose: 0 : 1488, 4, 2024/07/17, 18:32:46.467, 27658828580868, vstest.console.dll, MulticastDelegateUtilities.SafeInvoke: InternalTestLoggerEvents.SendTestRunMessage: Invoking callback 1/1 for Microsoft.VisualStudio.TestPlatform.CommandLine.Internal.ConsoleLogger., took 0 ms.
TpTrace Information: 0 : 1488, 7, 2024/07/17, 18:32:46.468, 27658828582496, vstest.console.dll, TestRunRequest:SendTestRunMessage: Completed.
TpTrace Verbose: 0 : 1488, 7, 2024/07/17, 18:32:46.468, 27658828586504, vstest.console.dll, MulticastDelegateUtilities.SafeInvoke: LengthPrefixCommunicationChannel: MessageReceived: Invoking callback 1/1 for Microsoft.VisualStudio.TestPlatform.CommunicationUtilities.TestRequestSender+<>c__DisplayClass34_0., took 1 ms.
TpTrace Verbose: 0 : 1488, 7, 2024/07/17, 18:32:46.468, 27658828588258, vstest.console.dll, TcpClientExtensions.MessageLoopAsync: Polling on remoteEndPoint: 127.0.0.1:56539 localEndPoint: 127.0.0.1:56538 after 44 ms
TpTrace Verbose: 0 : 1488, 7, 2024/07/17, 18:32:46.471, 27658828611528, vstest.console.dll, TcpClientExtensions.MessageLoopAsync: NotifyDataAvailable remoteEndPoint: 127.0.0.1:56539 localEndPoint: 127.0.0.1:56538
TpTrace Verbose: 0 : 1488, 7, 2024/07/17, 18:32:46.471, 27658828614433, vstest.console.dll, TestRequestSender.OnExecutionMessageReceived: Received message: {"Version":7,"MessageType":"TestSession.Message","Payload":{"MessageLevel":0,"Message":"[xUnit.net 00:00:01.07]   Starting:    SneakerCollectionAPI.Tests"}}
TpTrace Verbose: 0 : 1488, 7, 2024/07/17, 18:32:46.471, 27658828617047, vstest.console.dll, TestRunRequest:SendTestRunMessage: Starting.
TpTrace Verbose: 0 : 1488, 7, 2024/07/17, 18:32:46.471, 27658828619041, vstest.console.dll, MulticastDelegateUtilities.SafeInvoke: TestRun.LogMessages: Invoking callback 1/1 for Microsoft.VisualStudio.TestPlatform.CommandLine.TestRunResultAggregator., took 0 ms.
TpTrace Information: 0 : 1488, 7, 2024/07/17, 18:32:46.471, 27658828620791, vstest.console.dll, TestRunRequest:SendTestRunMessage: Completed.
TpTrace Verbose: 0 : 1488, 7, 2024/07/17, 18:32:46.472, 27658828622516, vstest.console.dll, MulticastDelegateUtilities.SafeInvoke: LengthPrefixCommunicationChannel: MessageReceived: Invoking callback 1/1 for Microsoft.VisualStudio.TestPlatform.CommunicationUtilities.TestRequestSender+<>c__DisplayClass34_0., took 0 ms.
TpTrace Verbose: 0 : 1488, 7, 2024/07/17, 18:32:46.472, 27658828624249, vstest.console.dll, TcpClientExtensions.MessageLoopAsync: Polling on remoteEndPoint: 127.0.0.1:56539 localEndPoint: 127.0.0.1:56538 after 3 ms
TpTrace Verbose: 0 : 1488, 4, 2024/07/17, 18:32:46.472, 27658828626359, vstest.console.dll, MulticastDelegateUtilities.SafeInvoke: InternalTestLoggerEvents.SendTestRunMessage: Invoking callback 1/1 for Microsoft.VisualStudio.TestPlatform.CommandLine.Internal.ConsoleLogger., took 0 ms.
TpTrace Verbose: 0 : 1488, 7, 2024/07/17, 18:32:46.844, 27658832344984, vstest.console.dll, TcpClientExtensions.MessageLoopAsync: NotifyDataAvailable remoteEndPoint: 127.0.0.1:56539 localEndPoint: 127.0.0.1:56538
TpTrace Verbose: 0 : 1488, 7, 2024/07/17, 18:32:46.844, 27658832348598, vstest.console.dll, TestRequestSender.OnExecutionMessageReceived: Received message: {"Version":7,"MessageType":"TestExecution.StatsChange","Payload":{"NewTestResults":[{"TestCase":{"Id":"b7bdf9d9-6421-1d71-19b4-7e6b17971221","FullyQualifiedName":"SneakerCollectionAPI.Tests.UnitTests.UserControllerTests.RegisterUser_ReturnsOkResult","DisplayName":"SneakerCollectionAPI.Tests.UnitTests.UserControllerTests.RegisterUser_ReturnsOkResult","ExecutorUri":"executor://xunit/VsTestRunner2/netcoreapp","Source":"C:\\Users\\Tincho\\source\\repos\\SNEAKER-COLLECTION\\SneakerCollectionAPI.Tests\\bin\\Debug\\net8.0\\fine-code-coverage\\build-output\\SneakerCollectionAPI.Tests.dll","CodeFilePath":null,"LineNumber":0,"Properties":[]},"Attachments":[],"Outcome":1,"ErrorMessage":null,"ErrorStackTrace":null,"DisplayName":"SneakerCollectionAPI.Tests.UnitTests.UserControllerTests.RegisterUser_ReturnsOkResult","Messages":[],"ComputerName":"DESKTOP-FPEJA75","Duration":"00:00:00.0896274","StartTime":"2024-07-17T21:32:46.6122408+00:00","EndTime":"2024-07-17T21:32:46.6122736+00:00","Properties":[]}],"TestRunStatistics":{"ExecutedTests":1,"Stats":{"Passed":1}},"ActiveTests":[{"Id":"0ed7db7a-fbd1-a751-655a-9e57d0def6c1","FullyQualifiedName":"SneakerCollectionAPI.Tests.IntegrationTests.UserControllerIntegrationTests.RegisterUser_WithInvalidEmail_ReturnsUnprocessableEntity","DisplayName":"SneakerCollectionAPI.Tests.IntegrationTests.UserControllerIntegrationTests.RegisterUser_WithInvalidEmail_ReturnsUnprocessableEntity","ExecutorUri":"executor://xunit/VsTestRunner2/netcoreapp","Source":"C:\\Users\\Tincho\\source\\repos\\SNEAKER-COLLECTION\\SneakerCollectionAPI.Tests\\bin\\Debug\\net8.0\\fine-code-coverage\\build-output\\SneakerCollectionAPI.Tests.dll","CodeFilePath":null,"LineNumber":0,"Properties":[]},{"Id":"21d5c9e9-7cdd-d1b8-688e-f38d726ce29f","FullyQualifiedName":"SneakerCollectionAPI.Tests.IntegrationTests.SneakerControllerIntegrationTests.CreateSneaker_WithInvalidPrice_ReturnsUnprocessableEntity","DisplayName":"SneakerCollectionAPI.Tests.IntegrationTests.SneakerControllerIntegrationTests.CreateSneaker_WithInvalidPrice_ReturnsUnprocessableEntity","ExecutorUri":"executor://xunit/VsTestRunner2/netcoreapp","Source":"C:\\Users\\Tincho\\source\\repos\\SNEAKER-COLLECTION\\SneakerCollectionAPI.Tests\\bin\\Debug\\net8.0\\fine-code-coverage\\build-output\\SneakerCollectionAPI.Tests.dll","CodeFilePath":null,"LineNumber":0,"Properties":[]}]}}
TpTrace Verbose: 0 : 1488, 7, 2024/07/17, 18:32:46.865, 27658832561206, vstest.console.dll, TestRunRequest:SendTestRunStatsChange: Starting.
TpTrace Verbose: 0 : 1488, 7, 2024/07/17, 18:32:46.866, 27658832564426, vstest.console.dll, InProgress is SneakerCollectionAPI.Tests.IntegrationTests.UserControllerIntegrationTests.RegisterUser_WithInvalidEmail_ReturnsUnprocessableEntity
TpTrace Verbose: 0 : 1488, 7, 2024/07/17, 18:32:46.866, 27658832566255, vstest.console.dll, InProgress is SneakerCollectionAPI.Tests.IntegrationTests.SneakerControllerIntegrationTests.CreateSneaker_WithInvalidPrice_ReturnsUnprocessableEntity
TpTrace Verbose: 0 : 1488, 7, 2024/07/17, 18:32:46.867, 27658832572593, vstest.console.dll, MulticastDelegateUtilities.SafeInvoke: TestRun.RunStatsChanged: Invoking callbacks was skipped because there are no subscribers.
TpTrace Information: 0 : 1488, 7, 2024/07/17, 18:32:46.867, 27658832574570, vstest.console.dll, TestRunRequest:SendTestRunStatsChange: Completed.
TpTrace Verbose: 0 : 1488, 7, 2024/07/17, 18:32:46.867, 27658832576297, vstest.console.dll, MulticastDelegateUtilities.SafeInvoke: LengthPrefixCommunicationChannel: MessageReceived: Invoking callback 1/1 for Microsoft.VisualStudio.TestPlatform.CommunicationUtilities.TestRequestSender+<>c__DisplayClass34_0., took 22 ms.
TpTrace Verbose: 0 : 1488, 7, 2024/07/17, 18:32:46.867, 27658832578025, vstest.console.dll, TcpClientExtensions.MessageLoopAsync: Polling on remoteEndPoint: 127.0.0.1:56539 localEndPoint: 127.0.0.1:56538 after 395 ms
TpTrace Verbose: 0 : 1488, 4, 2024/07/17, 18:32:46.870, 27658832610413, vstest.console.dll, MulticastDelegateUtilities.SafeInvoke: InternalTestLoggerEvents.SendTestResult: Invoking callback 1/1 for Microsoft.VisualStudio.TestPlatform.CommandLine.Internal.ConsoleLogger., took 2 ms.
TpTrace Verbose: 0 : 1488, 7, 2024/07/17, 18:32:47.451, 27658838416328, vstest.console.dll, TcpClientExtensions.MessageLoopAsync: NotifyDataAvailable remoteEndPoint: 127.0.0.1:56539 localEndPoint: 127.0.0.1:56538
TpTrace Verbose: 0 : 1488, 7, 2024/07/17, 18:32:47.452, 27658838421375, vstest.console.dll, TestRequestSender.OnExecutionMessageReceived: Received message: {"Version":7,"MessageType":"TestExecution.StatsChange","Payload":{"NewTestResults":[{"TestCase":{"Id":"0ed7db7a-fbd1-a751-655a-9e57d0def6c1","FullyQualifiedName":"SneakerCollectionAPI.Tests.IntegrationTests.UserControllerIntegrationTests.RegisterUser_WithInvalidEmail_ReturnsUnprocessableEntity","DisplayName":"SneakerCollectionAPI.Tests.IntegrationTests.UserControllerIntegrationTests.RegisterUser_WithInvalidEmail_ReturnsUnprocessableEntity","ExecutorUri":"executor://xunit/VsTestRunner2/netcoreapp","Source":"C:\\Users\\Tincho\\source\\repos\\SNEAKER-COLLECTION\\SneakerCollectionAPI.Tests\\bin\\Debug\\net8.0\\fine-code-coverage\\build-output\\SneakerCollectionAPI.Tests.dll","CodeFilePath":null,"LineNumber":0,"Properties":[]},"Attachments":[],"Outcome":1,"ErrorMessage":null,"ErrorStackTrace":null,"DisplayName":"SneakerCollectionAPI.Tests.IntegrationTests.UserControllerIntegrationTests.RegisterUser_WithInvalidEmail_ReturnsUnprocessableEntity","Messages":[],"ComputerName":"DESKTOP-FPEJA75","Duration":"00:00:00.6539898","StartTime":"2024-07-17T21:32:47.1727357+00:00","EndTime":"2024-07-17T21:32:47.1727358+00:00","Properties":[]},{"TestCase":{"Id":"21d5c9e9-7cdd-d1b8-688e-f38d726ce29f","FullyQualifiedName":"SneakerCollectionAPI.Tests.IntegrationTests.SneakerControllerIntegrationTests.CreateSneaker_WithInvalidPrice_ReturnsUnprocessableEntity","DisplayName":"SneakerCollectionAPI.Tests.IntegrationTests.SneakerControllerIntegrationTests.CreateSneaker_WithInvalidPrice_ReturnsUnprocessableEntity","ExecutorUri":"executor://xunit/VsTestRunner2/netcoreapp","Source":"C:\\Users\\Tincho\\source\\repos\\SNEAKER-COLLECTION\\SneakerCollectionAPI.Tests\\bin\\Debug\\net8.0\\fine-code-coverage\\build-output\\SneakerCollectionAPI.Tests.dll","CodeFilePath":null,"LineNumber":0,"Properties":[]},"Attachments":[],"Outcome":1,"ErrorMessage":null,"ErrorStackTrace":null,"DisplayName":"SneakerCollectionAPI.Tests.IntegrationTests.SneakerControllerIntegrationTests.CreateSneaker_WithInvalidPrice_ReturnsUnprocessableEntity","Messages":[],"ComputerName":"DESKTOP-FPEJA75","Duration":"00:00:00.6540062","StartTime":"2024-07-17T21:32:47.1911425+00:00","EndTime":"2024-07-17T21:32:47.1911425+00:00","Properties":[]},{"TestCase":{"Id":"2794b00d-2e67-d1ce-762d-73c52f11d9d8","FullyQualifiedName":"SneakerCollectionAPI.Tests.IntegrationTests.UserControllerIntegrationTests.RegisterUser_WithInvalidEmail_Empty_ReturnsUnprocessableEntity","DisplayName":"SneakerCollectionAPI.Tests.IntegrationTests.UserControllerIntegrationTests.RegisterUser_WithInvalidEmail_Empty_ReturnsUnprocessableEntity","ExecutorUri":"executor://xunit/VsTestRunner2/netcoreapp","Source":"C:\\Users\\Tincho\\source\\repos\\SNEAKER-COLLECTION\\SneakerCollectionAPI.Tests\\bin\\Debug\\net8.0\\fine-code-coverage\\build-output\\SneakerCollectionAPI.Tests.dll","CodeFilePath":null,"LineNumber":0,"Properties":[]},"Attachments":[],"Outcome":1,"ErrorMessage":null,"ErrorStackTrace":null,"DisplayName":"SneakerCollectionAPI.Tests.IntegrationTests.UserControllerIntegrationTests.RegisterUser_WithInvalidEmail_Empty_ReturnsUnprocessableEntity","Messages":[],"ComputerName":"DESKTOP-FPEJA75","Duration":"00:00:00.0838264","StartTime":"2024-07-17T21:32:47.2583156+00:00","EndTime":"2024-07-17T21:32:47.2583157+00:00","Properties":[]},{"TestCase":{"Id":"02dde68d-d34f-fcf3-5ea3-31595a418740","FullyQualifiedName":"SneakerCollectionAPI.Tests.IntegrationTests.SneakerControllerIntegrationTests.UpdateSneaker_WithInvalidYear_GreaterThanMaximum_ReturnsUnprocessableEntity","DisplayName":"SneakerCollectionAPI.Tests.IntegrationTests.SneakerControllerIntegrationTests.UpdateSneaker_WithInvalidYear_GreaterThanMaximum_ReturnsUnprocessableEntity","ExecutorUri":"executor://xunit/VsTestRunner2/netcoreapp","Source":"C:\\Users\\Tincho\\source\\repos\\SNEAKER-COLLECTION\\SneakerCollectionAPI.Tests\\bin\\Debug\\net8.0\\fine-code-coverage\\build-output\\SneakerCollectionAPI.Tests.dll","CodeFilePath":null,"LineNumber":0,"Properties":[]},"Attachments":[],"Outcome":1,"ErrorMessage":null,"ErrorStackTrace":null,"DisplayName":"SneakerCollectionAPI.Tests.IntegrationTests.SneakerControllerIntegrationTests.UpdateSneaker_WithInvalidYear_GreaterThanMaximum_ReturnsUnprocessableEntity","Messages":[],"ComputerName":"DESKTOP-FPEJA75","Duration":"00:00:00.0893278","StartTime":"2024-07-17T21:32:47.2746304+00:00","EndTime":"2024-07-17T21:32:47.2746305+00:00","Properties":[]},{"TestCase":{"Id":"7ebfad4c-8cbc-6c05-22e5-905aed547de4","FullyQualifiedName":"SneakerCollectionAPI.Tests.IntegrationTests.SneakerControllerIntegrationTests.UpdateSneaker_WithInvalidRate_ReturnsUnprocessableEntity","DisplayName":"SneakerCollectionAPI.Tests.IntegrationTests.SneakerControllerIntegrationTests.UpdateSneaker_WithInvalidRate_ReturnsUnprocessableEntity","ExecutorUri":"executor://xunit/VsTestRunner2/netcoreapp","Source":"C:\\Users\\Tincho\\source\\repos\\SNEAKER-COLLECTION\\SneakerCollectionAPI.Tests\\bin\\Debug\\net8.0\\fine-code-coverage\\build-output\\SneakerCollectionAPI.Tests.dll","CodeFilePath":null,"LineNumber":0,"Properties":[]},"Attachments":[],"Outcome":1,"ErrorMessage":null,"ErrorStackTrace":null,"DisplayName":"SneakerCollectionAPI.Tests.IntegrationTests.SneakerControllerIntegrationTests.UpdateSneaker_WithInvalidRate_ReturnsUnprocessableEntity","Messages":[],"ComputerName":"DESKTOP-FPEJA75","Duration":"00:00:00.0420679","StartTime":"2024-07-17T21:32:47.3059896+00:00","EndTime":"2024-07-17T21:32:47.3059897+00:00","Properties":[]},{"TestCase":{"Id":"7bfa8bbc-e02a-92c2-29db-b432180f89d4","FullyQualifiedName":"SneakerCollectionAPI.Tests.IntegrationTests.SneakerControllerIntegrationTests.CreateSneaker_WithInvalidSize_GreaterThanMaximum_ReturnsUnprocessableEntity","DisplayName":"SneakerCollectionAPI.Tests.IntegrationTests.SneakerControllerIntegrationTests.CreateSneaker_WithInvalidSize_GreaterThanMaximum_ReturnsUnprocessableEntity","ExecutorUri":"executor://xunit/VsTestRunner2/netcoreapp","Source":"C:\\Users\\Tincho\\source\\repos\\SNEAKER-COLLECTION\\SneakerCollectionAPI.Tests\\bin\\Debug\\net8.0\\fine-code-coverage\\build-output\\SneakerCollectionAPI.Tests.dll","CodeFilePath":null,"LineNumber":0,"Properties":[]},"Attachments":[],"Outcome":1,"ErrorMessage":null,"ErrorStackTrace":null,"DisplayName":"SneakerCollectionAPI.Tests.IntegrationTests.SneakerControllerIntegrationTests.CreateSneaker_WithInvalidSize_GreaterThanMaximum_ReturnsUnprocessableEntity","Messages":[],"ComputerName":"DESKTOP-FPEJA75","Duration":"00:00:00.0634794","StartTime":"2024-07-17T21:32:47.3696139+00:00","EndTime":"2024-07-17T21:32:47.369614+00:00","Properties":[]},{"TestCase":{"Id":"9b11f13a-490a-ea08-2fd7-3d2e6a63a968","FullyQualifiedName":"SneakerCollectionAPI.Tests.IntegrationTests.SneakerControllerIntegrationTests.UpdateSneaker_WithInvalidPrice_ReturnsUnprocessableEntity","DisplayName":"SneakerCollectionAPI.Tests.IntegrationTests.SneakerControllerIntegrationTests.UpdateSneaker_WithInvalidPrice_ReturnsUnprocessableEntity","ExecutorUri":"executor://xunit/VsTestRunner2/netcoreapp","Source":"C:\\Users\\Tincho\\source\\repos\\SNEAKER-COLLECTION\\SneakerCollectionAPI.Tests\\bin\\Debug\\net8.0\\fine-code-coverage\\build-output\\SneakerCollectionAPI.Tests.dll","CodeFilePath":null,"LineNumber":0,"Properties":[]},"Attachments":[],"Outcome":1,"ErrorMessage":null,"ErrorStackTrace":null,"DisplayName":"SneakerCollectionAPI.Tests.IntegrationTests.SneakerControllerIntegrationTests.UpdateSneaker_WithInvalidPrice_ReturnsUnprocessableEntity","Messages":[],"ComputerName":"DESKTOP-FPEJA75","Duration":"00:00:00.0390345","StartTime":"2024-07-17T21:32:47.4087837+00:00","EndTime":"2024-07-17T21:32:47.4087839+00:00","Properties":[]},{"TestCase":{"Id":"332bf414-d8f0-5bee-712f-b3fb7f382def","FullyQualifiedName":"SneakerCollectionAPI.Tests.IntegrationTests.SneakerControllerIntegrationTests.CreateSneaker_WithInvalidName_ReturnsUnprocessableEntity","DisplayName":"SneakerCollectionAPI.Tests.IntegrationTests.SneakerControllerIntegrationTests.CreateSneaker_WithInvalidName_ReturnsUnprocessableEntity","ExecutorUri":"executor://xunit/VsTestRunner2/netcoreapp","Source":"C:\\Users\\Tincho\\source\\repos\\SNEAKER-COLLECTION\\SneakerCollectionAPI.Tests\\bin\\Debug\\net8.0\\fine-code-coverage\\build-output\\SneakerCollectionAPI.Tests.dll","CodeFilePath":null,"LineNumber":0,"Properties":[]},"Attachments":[],"Outcome":1,"ErrorMessage":null,"ErrorStackTrace":null,"DisplayName":"SneakerCollectionAPI.Tests.IntegrationTests.SneakerControllerIntegrationTests.CreateSneaker_WithInvalidName_ReturnsUnprocessableEntity","Messages":[],"ComputerName":"DESKTOP-FPEJA75","Duration":"00:00:00.0324679","StartTime":"2024-07-17T21:32:47.4413681+00:00","EndTime":"2024-07-17T21:32:47.4413683+00:00","Properties":[]}],"TestRunStatistics":{"ExecutedTests":9,"Stats":{"Passed":9}},"ActiveTests":[{"Id":"51e8bda8-a51e-0bde-1aee-5d3ae8bbc253","FullyQualifiedName":"SneakerCollectionAPI.Tests.IntegrationTests.UserControllerIntegrationTests.RegisterUser_WithValidData_ReturnsOkResult","DisplayName":"SneakerCollectionAPI.Tests.IntegrationTests.UserControllerIntegrationTests.RegisterUser_WithValidData_ReturnsOkResult","ExecutorUri":"executor://xunit/VsTestRunner2/netcoreapp","Source":"C:\\Users\\Tincho\\source\\repos\\SNEAKER-COLLECTION\\SneakerCollectionAPI.Tests\\bin\\Debug\\net8.0\\fine-code-coverage\\build-output\\SneakerCollectionAPI.Tests.dll","CodeFilePath":null,"LineNumber":0,"Properties":[]},{"Id":"10a048e9-ec69-5d08-3fc1-1e61750ccbd2","FullyQualifiedName":"SneakerCollectionAPI.Tests.IntegrationTests.SneakerControllerIntegrationTests.UpdateSneaker_WithInvalidYear_LessThanMinimum_ReturnsUnprocessableEntity","DisplayName":"SneakerCollectionAPI.Tests.IntegrationTests.SneakerControllerIntegrationTests.UpdateSneaker_WithInvalidYear_LessThanMinimum_ReturnsUnprocessableEntity","ExecutorUri":"executor://xunit/VsTestRunner2/netcoreapp","Source":"C:\\Users\\Tincho\\source\\repos\\SNEAKER-COLLECTION\\SneakerCollectionAPI.Tests\\bin\\Debug\\net8.0\\fine-code-coverage\\build-output\\SneakerCollectionAPI.Tests.dll","CodeFilePath":null,"LineNumber":0,"Properties":[]}]}}
TpTrace Verbose: 0 : 1488, 7, 2024/07/17, 18:32:47.453, 27658838440052, vstest.console.dll, TestRunRequest:SendTestRunStatsChange: Starting.
TpTrace Verbose: 0 : 1488, 7, 2024/07/17, 18:32:47.454, 27658838442126, vstest.console.dll, InProgress is SneakerCollectionAPI.Tests.IntegrationTests.UserControllerIntegrationTests.RegisterUser_WithValidData_ReturnsOkResult
TpTrace Verbose: 0 : 1488, 7, 2024/07/17, 18:32:47.454, 27658838443770, vstest.console.dll, InProgress is SneakerCollectionAPI.Tests.IntegrationTests.SneakerControllerIntegrationTests.UpdateSneaker_WithInvalidYear_LessThanMinimum_ReturnsUnprocessableEntity
TpTrace Verbose: 0 : 1488, 7, 2024/07/17, 18:32:47.454, 27658838445870, vstest.console.dll, MulticastDelegateUtilities.SafeInvoke: TestRun.RunStatsChanged: Invoking callbacks was skipped because there are no subscribers.
TpTrace Information: 0 : 1488, 7, 2024/07/17, 18:32:47.454, 27658838447657, vstest.console.dll, TestRunRequest:SendTestRunStatsChange: Completed.
TpTrace Verbose: 0 : 1488, 4, 2024/07/17, 18:32:47.454, 27658838448725, vstest.console.dll, MulticastDelegateUtilities.SafeInvoke: InternalTestLoggerEvents.SendTestResult: Invoking callback 1/1 for Microsoft.VisualStudio.TestPlatform.CommandLine.Internal.ConsoleLogger., took 0 ms.
TpTrace Verbose: 0 : 1488, 7, 2024/07/17, 18:32:47.454, 27658838449444, vstest.console.dll, MulticastDelegateUtilities.SafeInvoke: LengthPrefixCommunicationChannel: MessageReceived: Invoking callback 1/1 for Microsoft.VisualStudio.TestPlatform.CommunicationUtilities.TestRequestSender+<>c__DisplayClass34_0., took 2 ms.
TpTrace Verbose: 0 : 1488, 4, 2024/07/17, 18:32:47.455, 27658838451523, vstest.console.dll, MulticastDelegateUtilities.SafeInvoke: InternalTestLoggerEvents.SendTestResult: Invoking callback 1/1 for Microsoft.VisualStudio.TestPlatform.CommandLine.Internal.ConsoleLogger., took 0 ms.
TpTrace Verbose: 0 : 1488, 7, 2024/07/17, 18:32:47.455, 27658838453066, vstest.console.dll, TcpClientExtensions.MessageLoopAsync: Polling on remoteEndPoint: 127.0.0.1:56539 localEndPoint: 127.0.0.1:56538 after 587 ms
TpTrace Verbose: 0 : 1488, 4, 2024/07/17, 18:32:47.455, 27658838455023, vstest.console.dll, MulticastDelegateUtilities.SafeInvoke: InternalTestLoggerEvents.SendTestResult: Invoking callback 1/1 for Microsoft.VisualStudio.TestPlatform.CommandLine.Internal.ConsoleLogger., took 0 ms.
TpTrace Verbose: 0 : 1488, 4, 2024/07/17, 18:32:47.455, 27658838458427, vstest.console.dll, MulticastDelegateUtilities.SafeInvoke: InternalTestLoggerEvents.SendTestResult: Invoking callback 1/1 for Microsoft.VisualStudio.TestPlatform.CommandLine.Internal.ConsoleLogger., took 0 ms.
TpTrace Verbose: 0 : 1488, 4, 2024/07/17, 18:32:47.455, 27658838460273, vstest.console.dll, MulticastDelegateUtilities.SafeInvoke: InternalTestLoggerEvents.SendTestResult: Invoking callback 1/1 for Microsoft.VisualStudio.TestPlatform.CommandLine.Internal.ConsoleLogger., took 0 ms.
TpTrace Verbose: 0 : 1488, 4, 2024/07/17, 18:32:47.456, 27658838462203, vstest.console.dll, MulticastDelegateUtilities.SafeInvoke: InternalTestLoggerEvents.SendTestResult: Invoking callback 1/1 for Microsoft.VisualStudio.TestPlatform.CommandLine.Internal.ConsoleLogger., took 0 ms.
TpTrace Verbose: 0 : 1488, 4, 2024/07/17, 18:32:47.456, 27658838464049, vstest.console.dll, MulticastDelegateUtilities.SafeInvoke: InternalTestLoggerEvents.SendTestResult: Invoking callback 1/1 for Microsoft.VisualStudio.TestPlatform.CommandLine.Internal.ConsoleLogger., took 0 ms.
TpTrace Verbose: 0 : 1488, 4, 2024/07/17, 18:32:47.456, 27658838465855, vstest.console.dll, MulticastDelegateUtilities.SafeInvoke: InternalTestLoggerEvents.SendTestResult: Invoking callback 1/1 for Microsoft.VisualStudio.TestPlatform.CommandLine.Internal.ConsoleLogger., took 0 ms.
TpTrace Verbose: 0 : 1488, 7, 2024/07/17, 18:32:48.456, 27658848461536, vstest.console.dll, TcpClientExtensions.MessageLoopAsync: Polling on remoteEndPoint: 127.0.0.1:56539 localEndPoint: 127.0.0.1:56538 after 1000 ms
TpTrace Verbose: 0 : 1488, 7, 2024/07/17, 18:32:48.530, 27658849204296, vstest.console.dll, TcpClientExtensions.MessageLoopAsync: NotifyDataAvailable remoteEndPoint: 127.0.0.1:56539 localEndPoint: 127.0.0.1:56538
TpTrace Verbose: 0 : 1488, 7, 2024/07/17, 18:32:48.530, 27658849209131, vstest.console.dll, TestRequestSender.OnExecutionMessageReceived: Received message: {"Version":7,"MessageType":"TestExecution.StatsChange","Payload":{"NewTestResults":[{"TestCase":{"Id":"10a048e9-ec69-5d08-3fc1-1e61750ccbd2","FullyQualifiedName":"SneakerCollectionAPI.Tests.IntegrationTests.SneakerControllerIntegrationTests.UpdateSneaker_WithInvalidYear_LessThanMinimum_ReturnsUnprocessableEntity","DisplayName":"SneakerCollectionAPI.Tests.IntegrationTests.SneakerControllerIntegrationTests.UpdateSneaker_WithInvalidYear_LessThanMinimum_ReturnsUnprocessableEntity","ExecutorUri":"executor://xunit/VsTestRunner2/netcoreapp","Source":"C:\\Users\\Tincho\\source\\repos\\SNEAKER-COLLECTION\\SneakerCollectionAPI.Tests\\bin\\Debug\\net8.0\\fine-code-coverage\\build-output\\SneakerCollectionAPI.Tests.dll","CodeFilePath":null,"LineNumber":0,"Properties":[]},"Attachments":[],"Outcome":1,"ErrorMessage":null,"ErrorStackTrace":null,"DisplayName":"SneakerCollectionAPI.Tests.IntegrationTests.SneakerControllerIntegrationTests.UpdateSneaker_WithInvalidYear_LessThanMinimum_ReturnsUnprocessableEntity","Messages":[],"ComputerName":"DESKTOP-FPEJA75","Duration":"00:00:00.0399845","StartTime":"2024-07-17T21:32:47.4814854+00:00","EndTime":"2024-07-17T21:32:47.4814856+00:00","Properties":[]},{"TestCase":{"Id":"51e8bda8-a51e-0bde-1aee-5d3ae8bbc253","FullyQualifiedName":"SneakerCollectionAPI.Tests.IntegrationTests.UserControllerIntegrationTests.RegisterUser_WithValidData_ReturnsOkResult","DisplayName":"SneakerCollectionAPI.Tests.IntegrationTests.UserControllerIntegrationTests.RegisterUser_WithValidData_ReturnsOkResult","ExecutorUri":"executor://xunit/VsTestRunner2/netcoreapp","Source":"C:\\Users\\Tincho\\source\\repos\\SNEAKER-COLLECTION\\SneakerCollectionAPI.Tests\\bin\\Debug\\net8.0\\fine-code-coverage\\build-output\\SneakerCollectionAPI.Tests.dll","CodeFilePath":null,"LineNumber":0,"Properties":[]},"Attachments":[],"Outcome":1,"ErrorMessage":null,"ErrorStackTrace":null,"DisplayName":"SneakerCollectionAPI.Tests.IntegrationTests.UserControllerIntegrationTests.RegisterUser_WithValidData_ReturnsOkResult","Messages":[],"ComputerName":"DESKTOP-FPEJA75","Duration":"00:00:00.8835461","StartTime":"2024-07-17T21:32:48.1420663+00:00","EndTime":"2024-07-17T21:32:48.1420665+00:00","Properties":[]},{"TestCase":{"Id":"87973883-793d-e10c-d9bd-f5588870656d","FullyQualifiedName":"SneakerCollectionAPI.Tests.IntegrationTests.UserControllerIntegrationTests.RegisterUser_WithInvalidPassword_ShortPassword_ReturnsUnprocessableEntity","DisplayName":"SneakerCollectionAPI.Tests.IntegrationTests.UserControllerIntegrationTests.RegisterUser_WithInvalidPassword_ShortPassword_ReturnsUnprocessableEntity","ExecutorUri":"executor://xunit/VsTestRunner2/netcoreapp","Source":"C:\\Users\\Tincho\\source\\repos\\SNEAKER-COLLECTION\\SneakerCollectionAPI.Tests\\bin\\Debug\\net8.0\\fine-code-coverage\\build-output\\SneakerCollectionAPI.Tests.dll","CodeFilePath":null,"LineNumber":0,"Properties":[]},"Attachments":[],"Outcome":1,"ErrorMessage":null,"ErrorStackTrace":null,"DisplayName":"SneakerCollectionAPI.Tests.IntegrationTests.UserControllerIntegrationTests.RegisterUser_WithInvalidPassword_ShortPassword_ReturnsUnprocessableEntity","Messages":[],"ComputerName":"DESKTOP-FPEJA75","Duration":"00:00:00.0304454","StartTime":"2024-07-17T21:32:48.1726043+00:00","EndTime":"2024-07-17T21:32:48.1726044+00:00","Properties":[]},{"TestCase":{"Id":"5fd103d8-40ac-169c-3bda-f142dd6e16c9","FullyQualifiedName":"SneakerCollectionAPI.Tests.IntegrationTests.SneakerControllerIntegrationTests.CreateSneaker_WithValidData_ReturnsCreatedResult","DisplayName":"SneakerCollectionAPI.Tests.IntegrationTests.SneakerControllerIntegrationTests.CreateSneaker_WithValidData_ReturnsCreatedResult","ExecutorUri":"executor://xunit/VsTestRunner2/netcoreapp","Source":"C:\\Users\\Tincho\\source\\repos\\SNEAKER-COLLECTION\\SneakerCollectionAPI.Tests\\bin\\Debug\\net8.0\\fine-code-coverage\\build-output\\SneakerCollectionAPI.Tests.dll","CodeFilePath":null,"LineNumber":0,"Properties":[]},"Attachments":[],"Outcome":1,"ErrorMessage":null,"ErrorStackTrace":null,"DisplayName":"SneakerCollectionAPI.Tests.IntegrationTests.SneakerControllerIntegrationTests.CreateSneaker_WithValidData_ReturnsCreatedResult","Messages":[],"ComputerName":"DESKTOP-FPEJA75","Duration":"00:00:00.7949393","StartTime":"2024-07-17T21:32:48.2765718+00:00","EndTime":"2024-07-17T21:32:48.2765719+00:00","Properties":[]},{"TestCase":{"Id":"b958e933-a8aa-f22f-f4c6-2c64c2b8425e","FullyQualifiedName":"SneakerCollectionAPI.Tests.IntegrationTests.SneakerControllerIntegrationTests.CreateSneaker_WithInvalidSize_LessThanMinimum_ReturnsUnprocessableEntity","DisplayName":"SneakerCollectionAPI.Tests.IntegrationTests.SneakerControllerIntegrationTests.CreateSneaker_WithInvalidSize_LessThanMinimum_ReturnsUnprocessableEntity","ExecutorUri":"executor://xunit/VsTestRunner2/netcoreapp","Source":"C:\\Users\\Tincho\\source\\repos\\SNEAKER-COLLECTION\\SneakerCollectionAPI.Tests\\bin\\Debug\\net8.0\\fine-code-coverage\\build-output\\SneakerCollectionAPI.Tests.dll","CodeFilePath":null,"LineNumber":0,"Properties":[]},"Attachments":[],"Outcome":1,"ErrorMessage":null,"ErrorStackTrace":null,"DisplayName":"SneakerCollectionAPI.Tests.IntegrationTests.SneakerControllerIntegrationTests.CreateSneaker_WithInvalidSize_LessThanMinimum_ReturnsUnprocessableEntity","Messages":[],"ComputerName":"DESKTOP-FPEJA75","Duration":"00:00:00.0407314","StartTime":"2024-07-17T21:32:48.3174268+00:00","EndTime":"2024-07-17T21:32:48.317427+00:00","Properties":[]},{"TestCase":{"Id":"aebe1cb8-50bd-ebee-4d01-ade61ca99b83","FullyQualifiedName":"SneakerCollectionAPI.Tests.IntegrationTests.SneakerControllerIntegrationTests.UpdateSneaker_WithInvalidBrand_ReturnsUnprocessableEntity","DisplayName":"SneakerCollectionAPI.Tests.IntegrationTests.SneakerControllerIntegrationTests.UpdateSneaker_WithInvalidBrand_ReturnsUnprocessableEntity","ExecutorUri":"executor://xunit/VsTestRunner2/netcoreapp","Source":"C:\\Users\\Tincho\\source\\repos\\SNEAKER-COLLECTION\\SneakerCollectionAPI.Tests\\bin\\Debug\\net8.0\\fine-code-coverage\\build-output\\SneakerCollectionAPI.Tests.dll","CodeFilePath":null,"LineNumber":0,"Properties":[]},"Attachments":[],"Outcome":1,"ErrorMessage":null,"ErrorStackTrace":null,"DisplayName":"SneakerCollectionAPI.Tests.IntegrationTests.SneakerControllerIntegrationTests.UpdateSneaker_WithInvalidBrand_ReturnsUnprocessableEntity","Messages":[],"ComputerName":"DESKTOP-FPEJA75","Duration":"00:00:00.0314245","StartTime":"2024-07-17T21:32:48.3489632+00:00","EndTime":"2024-07-17T21:32:48.3489634+00:00","Properties":[]},{"TestCase":{"Id":"bf7c331f-dc1b-2391-8b9a-719af7d4ea94","FullyQualifiedName":"SneakerCollectionAPI.Tests.IntegrationTests.SneakerControllerIntegrationTests.UpdateSneaker_WithInvalidSize_GreaterThanMaximum_ReturnsUnprocessableEntity","DisplayName":"SneakerCollectionAPI.Tests.IntegrationTests.SneakerControllerIntegrationTests.UpdateSneaker_WithInvalidSize_GreaterThanMaximum_ReturnsUnprocessableEntity","ExecutorUri":"executor://xunit/VsTestRunner2/netcoreapp","Source":"C:\\Users\\Tincho\\source\\repos\\SNEAKER-COLLECTION\\SneakerCollectionAPI.Tests\\bin\\Debug\\net8.0\\fine-code-coverage\\build-output\\SneakerCollectionAPI.Tests.dll","CodeFilePath":null,"LineNumber":0,"Properties":[]},"Attachments":[],"Outcome":1,"ErrorMessage":null,"ErrorStackTrace":null,"DisplayName":"SneakerCollectionAPI.Tests.IntegrationTests.SneakerControllerIntegrationTests.UpdateSneaker_WithInvalidSize_GreaterThanMaximum_ReturnsUnprocessableEntity","Messages":[],"ComputerName":"DESKTOP-FPEJA75","Duration":"00:00:00.0648711","StartTime":"2024-07-17T21:32:48.4139627+00:00","EndTime":"2024-07-17T21:32:48.4139628+00:00","Properties":[]},{"TestCase":{"Id":"3e93cb19-bd3c-1f5a-cb81-31174c881bb1","FullyQualifiedName":"SneakerCollectionAPI.Tests.IntegrationTests.SneakerControllerIntegrationTests.CreateSneaker_WithInvalidBrand_ReturnsUnprocessableEntity","DisplayName":"SneakerCollectionAPI.Tests.IntegrationTests.SneakerControllerIntegrationTests.CreateSneaker_WithInvalidBrand_ReturnsUnprocessableEntity","ExecutorUri":"executor://xunit/VsTestRunner2/netcoreapp","Source":"C:\\Users\\Tincho\\source\\repos\\SNEAKER-COLLECTION\\SneakerCollectionAPI.Tests\\bin\\Debug\\net8.0\\fine-code-coverage\\build-output\\SneakerCollectionAPI.Tests.dll","CodeFilePath":null,"LineNumber":0,"Properties":[]},"Attachments":[],"Outcome":1,"ErrorMessage":null,"ErrorStackTrace":null,"DisplayName":"SneakerCollectionAPI.Tests.IntegrationTests.SneakerControllerIntegrationTests.CreateSneaker_WithInvalidBrand_ReturnsUnprocessableEntity","Messages":[],"ComputerName":"DESKTOP-FPEJA75","Duration":"00:00:00.0404233","StartTime":"2024-07-17T21:32:48.4545087+00:00","EndTime":"2024-07-17T21:32:48.4545088+00:00","Properties":[]},{"TestCase":{"Id":"196117c8-d2d9-25f5-e4af-6a381cdd18ad","FullyQualifiedName":"SneakerCollectionAPI.Tests.IntegrationTests.SneakerControllerIntegrationTests.CreateSneaker_WithInvalidYear_LessThanMinimum_ReturnsUnprocessableEntity","DisplayName":"SneakerCollectionAPI.Tests.IntegrationTests.SneakerControllerIntegrationTests.CreateSneaker_WithInvalidYear_LessThanMinimum_ReturnsUnprocessableEntity","ExecutorUri":"executor://xunit/VsTestRunner2/netcoreapp","Source":"C:\\Users\\Tincho\\source\\repos\\SNEAKER-COLLECTION\\SneakerCollectionAPI.Tests\\bin\\Debug\\net8.0\\fine-code-coverage\\build-output\\SneakerCollectionAPI.Tests.dll","CodeFilePath":null,"LineNumber":0,"Properties":[]},"Attachments":[],"Outcome":1,"ErrorMessage":null,"ErrorStackTrace":null,"DisplayName":"SneakerCollectionAPI.Tests.IntegrationTests.SneakerControllerIntegrationTests.CreateSneaker_WithInvalidYear_LessThanMinimum_ReturnsUnprocessableEntity","Messages":[],"ComputerName":"DESKTOP-FPEJA75","Duration":"00:00:00.0706174","StartTime":"2024-07-17T21:32:48.5254803+00:00","EndTime":"2024-07-17T21:32:48.5254804+00:00","Properties":[]}],"TestRunStatistics":{"ExecutedTests":18,"Stats":{"Passed":18}},"ActiveTests":[{"Id":"18888e71-2f50-5fa4-e829-1b64f18b5de8","FullyQualifiedName":"SneakerCollectionAPI.Tests.IntegrationTests.SneakerControllerIntegrationTests.UpdateSneaker_WithInvalidSize_LessThanMinimum_ReturnsUnprocessableEntity","DisplayName":"SneakerCollectionAPI.Tests.IntegrationTests.SneakerControllerIntegrationTests.UpdateSneaker_WithInvalidSize_LessThanMinimum_ReturnsUnprocessableEntity","ExecutorUri":"executor://xunit/VsTestRunner2/netcoreapp","Source":"C:\\Users\\Tincho\\source\\repos\\SNEAKER-COLLECTION\\SneakerCollectionAPI.Tests\\bin\\Debug\\net8.0\\fine-code-coverage\\build-output\\SneakerCollectionAPI.Tests.dll","CodeFilePath":null,"LineNumber":0,"Properties":[]}]}}
TpTrace Verbose: 0 : 1488, 7, 2024/07/17, 18:32:48.531, 27658849220520, vstest.console.dll, TestRunRequest:SendTestRunStatsChange: Starting.
TpTrace Verbose: 0 : 1488, 7, 2024/07/17, 18:32:48.532, 27658849222508, vstest.console.dll, InProgress is SneakerCollectionAPI.Tests.IntegrationTests.SneakerControllerIntegrationTests.UpdateSneaker_WithInvalidSize_LessThanMinimum_ReturnsUnprocessableEntity
TpTrace Verbose: 0 : 1488, 7, 2024/07/17, 18:32:48.532, 27658849224417, vstest.console.dll, MulticastDelegateUtilities.SafeInvoke: TestRun.RunStatsChanged: Invoking callbacks was skipped because there are no subscribers.
TpTrace Information: 0 : 1488, 7, 2024/07/17, 18:32:48.532, 27658849226183, vstest.console.dll, TestRunRequest:SendTestRunStatsChange: Completed.
TpTrace Verbose: 0 : 1488, 4, 2024/07/17, 18:32:48.532, 27658849227898, vstest.console.dll, MulticastDelegateUtilities.SafeInvoke: InternalTestLoggerEvents.SendTestResult: Invoking callback 1/1 for Microsoft.VisualStudio.TestPlatform.CommandLine.Internal.ConsoleLogger., took 0 ms.
TpTrace Verbose: 0 : 1488, 7, 2024/07/17, 18:32:48.532, 27658849227938, vstest.console.dll, MulticastDelegateUtilities.SafeInvoke: LengthPrefixCommunicationChannel: MessageReceived: Invoking callback 1/1 for Microsoft.VisualStudio.TestPlatform.CommunicationUtilities.TestRequestSender+<>c__DisplayClass34_0., took 1 ms.
TpTrace Verbose: 0 : 1488, 4, 2024/07/17, 18:32:48.532, 27658849230022, vstest.console.dll, MulticastDelegateUtilities.SafeInvoke: InternalTestLoggerEvents.SendTestResult: Invoking callback 1/1 for Microsoft.VisualStudio.TestPlatform.CommandLine.Internal.ConsoleLogger., took 0 ms.
TpTrace Verbose: 0 : 1488, 7, 2024/07/17, 18:32:48.533, 27658849231616, vstest.console.dll, TcpClientExtensions.MessageLoopAsync: Polling on remoteEndPoint: 127.0.0.1:56539 localEndPoint: 127.0.0.1:56538 after 76 ms
TpTrace Verbose: 0 : 1488, 4, 2024/07/17, 18:32:48.533, 27658849233687, vstest.console.dll, MulticastDelegateUtilities.SafeInvoke: InternalTestLoggerEvents.SendTestResult: Invoking callback 1/1 for Microsoft.VisualStudio.TestPlatform.CommandLine.Internal.ConsoleLogger., took 0 ms.
TpTrace Verbose: 0 : 1488, 4, 2024/07/17, 18:32:48.533, 27658849237205, vstest.console.dll, MulticastDelegateUtilities.SafeInvoke: InternalTestLoggerEvents.SendTestResult: Invoking callback 1/1 for Microsoft.VisualStudio.TestPlatform.CommandLine.Internal.ConsoleLogger., took 0 ms.
TpTrace Verbose: 0 : 1488, 4, 2024/07/17, 18:32:48.533, 27658849239072, vstest.console.dll, MulticastDelegateUtilities.SafeInvoke: InternalTestLoggerEvents.SendTestResult: Invoking callback 1/1 for Microsoft.VisualStudio.TestPlatform.CommandLine.Internal.ConsoleLogger., took 0 ms.
TpTrace Verbose: 0 : 1488, 4, 2024/07/17, 18:32:48.533, 27658849240906, vstest.console.dll, MulticastDelegateUtilities.SafeInvoke: InternalTestLoggerEvents.SendTestResult: Invoking callback 1/1 for Microsoft.VisualStudio.TestPlatform.CommandLine.Internal.ConsoleLogger., took 0 ms.
TpTrace Verbose: 0 : 1488, 4, 2024/07/17, 18:32:48.534, 27658849242748, vstest.console.dll, MulticastDelegateUtilities.SafeInvoke: InternalTestLoggerEvents.SendTestResult: Invoking callback 1/1 for Microsoft.VisualStudio.TestPlatform.CommandLine.Internal.ConsoleLogger., took 0 ms.
TpTrace Verbose: 0 : 1488, 4, 2024/07/17, 18:32:48.534, 27658849244540, vstest.console.dll, MulticastDelegateUtilities.SafeInvoke: InternalTestLoggerEvents.SendTestResult: Invoking callback 1/1 for Microsoft.VisualStudio.TestPlatform.CommandLine.Internal.ConsoleLogger., took 0 ms.
TpTrace Verbose: 0 : 1488, 4, 2024/07/17, 18:32:48.534, 27658849246315, vstest.console.dll, MulticastDelegateUtilities.SafeInvoke: InternalTestLoggerEvents.SendTestResult: Invoking callback 1/1 for Microsoft.VisualStudio.TestPlatform.CommandLine.Internal.ConsoleLogger., took 0 ms.
TpTrace Verbose: 0 : 1488, 7, 2024/07/17, 18:32:48.905, 27658852953547, vstest.console.dll, TcpClientExtensions.MessageLoopAsync: NotifyDataAvailable remoteEndPoint: 127.0.0.1:56539 localEndPoint: 127.0.0.1:56538
TpTrace Verbose: 0 : 1488, 7, 2024/07/17, 18:32:48.905, 27658852956045, vstest.console.dll, TestRequestSender.OnExecutionMessageReceived: Received message: {"Version":7,"MessageType":"TestSession.Message","Payload":{"MessageLevel":2,"Message":"[xUnit.net 00:00:03.51]     SneakerCollectionAPI.Tests.IntegrationTests.SneakerControllerIntegrationTests.DeleteSneaker_ReturnsNoContentResult [FAIL]"}}
TpTrace Verbose: 0 : 1488, 7, 2024/07/17, 18:32:48.905, 27658852958311, vstest.console.dll, TestRunRequest:SendTestRunMessage: Starting.
TpTrace Verbose: 0 : 1488, 7, 2024/07/17, 18:32:48.905, 27658852960253, vstest.console.dll, MulticastDelegateUtilities.SafeInvoke: TestRun.LogMessages: Invoking callback 1/1 for Microsoft.VisualStudio.TestPlatform.CommandLine.TestRunResultAggregator., took 0 ms.
TpTrace Verbose: 0 : 1488, 4, 2024/07/17, 18:32:48.906, 27658852961699, vstest.console.dll, MulticastDelegateUtilities.SafeInvoke: InternalTestLoggerEvents.SendTestRunMessage: Invoking callback 1/1 for Microsoft.VisualStudio.TestPlatform.CommandLine.Internal.ConsoleLogger., took 0 ms.
TpTrace Information: 0 : 1488, 7, 2024/07/17, 18:32:48.906, 27658852962053, vstest.console.dll, TestRunRequest:SendTestRunMessage: Completed.
TpTrace Verbose: 0 : 1488, 7, 2024/07/17, 18:32:48.906, 27658852965832, vstest.console.dll, MulticastDelegateUtilities.SafeInvoke: LengthPrefixCommunicationChannel: MessageReceived: Invoking callback 1/1 for Microsoft.VisualStudio.TestPlatform.CommunicationUtilities.TestRequestSender+<>c__DisplayClass34_0., took 0 ms.
TpTrace Verbose: 0 : 1488, 7, 2024/07/17, 18:32:48.906, 27658852967755, vstest.console.dll, TcpClientExtensions.MessageLoopAsync: Polling on remoteEndPoint: 127.0.0.1:56539 localEndPoint: 127.0.0.1:56538 after 373 ms
TpTrace Verbose: 0 : 1488, 7, 2024/07/17, 18:32:48.906, 27658852969646, vstest.console.dll, TcpClientExtensions.MessageLoopAsync: NotifyDataAvailable remoteEndPoint: 127.0.0.1:56539 localEndPoint: 127.0.0.1:56538
TpTrace Verbose: 0 : 1488, 7, 2024/07/17, 18:32:48.907, 27658852971582, vstest.console.dll, TestRequestSender.OnExecutionMessageReceived: Received message: {"Version":7,"MessageType":"TestSession.Message","Payload":{"MessageLevel":0,"Message":"[xUnit.net 00:00:03.51]       Assert.Equal() Failure: Values differ"}}
TpTrace Verbose: 0 : 1488, 7, 2024/07/17, 18:32:48.907, 27658852973981, vstest.console.dll, TestRunRequest:SendTestRunMessage: Starting.
TpTrace Verbose: 0 : 1488, 7, 2024/07/17, 18:32:48.907, 27658852975869, vstest.console.dll, MulticastDelegateUtilities.SafeInvoke: TestRun.LogMessages: Invoking callback 1/1 for Microsoft.VisualStudio.TestPlatform.CommandLine.TestRunResultAggregator., took 0 ms.
TpTrace Information: 0 : 1488, 7, 2024/07/17, 18:32:48.907, 27658852977487, vstest.console.dll, TestRunRequest:SendTestRunMessage: Completed.
TpTrace Verbose: 0 : 1488, 7, 2024/07/17, 18:32:48.907, 27658852979121, vstest.console.dll, MulticastDelegateUtilities.SafeInvoke: LengthPrefixCommunicationChannel: MessageReceived: Invoking callback 1/1 for Microsoft.VisualStudio.TestPlatform.CommunicationUtilities.TestRequestSender+<>c__DisplayClass34_0., took 0 ms.
TpTrace Verbose: 0 : 1488, 7, 2024/07/17, 18:32:48.907, 27658852980808, vstest.console.dll, TcpClientExtensions.MessageLoopAsync: Polling on remoteEndPoint: 127.0.0.1:56539 localEndPoint: 127.0.0.1:56538 after 1 ms
TpTrace Verbose: 0 : 1488, 7, 2024/07/17, 18:32:48.908, 27658852982523, vstest.console.dll, TcpClientExtensions.MessageLoopAsync: NotifyDataAvailable remoteEndPoint: 127.0.0.1:56539 localEndPoint: 127.0.0.1:56538
TpTrace Verbose: 0 : 1488, 7, 2024/07/17, 18:32:48.908, 27658852984345, vstest.console.dll, TestRequestSender.OnExecutionMessageReceived: Received message: {"Version":7,"MessageType":"TestSession.Message","Payload":{"MessageLevel":0,"Message":"[xUnit.net 00:00:03.51]       Expected: NoContent"}}
TpTrace Verbose: 0 : 1488, 7, 2024/07/17, 18:32:48.908, 27658852986237, vstest.console.dll, TestRunRequest:SendTestRunMessage: Starting.
TpTrace Verbose: 0 : 1488, 7, 2024/07/17, 18:32:48.908, 27658852987973, vstest.console.dll, MulticastDelegateUtilities.SafeInvoke: TestRun.LogMessages: Invoking callback 1/1 for Microsoft.VisualStudio.TestPlatform.CommandLine.TestRunResultAggregator., took 0 ms.
TpTrace Information: 0 : 1488, 7, 2024/07/17, 18:32:48.908, 27658852989927, vstest.console.dll, TestRunRequest:SendTestRunMessage: Completed.
TpTrace Verbose: 0 : 1488, 7, 2024/07/17, 18:32:48.909, 27658852991759, vstest.console.dll, MulticastDelegateUtilities.SafeInvoke: LengthPrefixCommunicationChannel: MessageReceived: Invoking callback 1/1 for Microsoft.VisualStudio.TestPlatform.CommunicationUtilities.TestRequestSender+<>c__DisplayClass34_0., took 0 ms.
TpTrace Verbose: 0 : 1488, 7, 2024/07/17, 18:32:48.909, 27658852993441, vstest.console.dll, TcpClientExtensions.MessageLoopAsync: Polling on remoteEndPoint: 127.0.0.1:56539 localEndPoint: 127.0.0.1:56538 after 1 ms
TpTrace Verbose: 0 : 1488, 7, 2024/07/17, 18:32:48.909, 27658852995250, vstest.console.dll, TcpClientExtensions.MessageLoopAsync: NotifyDataAvailable remoteEndPoint: 127.0.0.1:56539 localEndPoint: 127.0.0.1:56538
TpTrace Verbose: 0 : 1488, 4, 2024/07/17, 18:32:48.907, 27658852979975, vstest.console.dll, MulticastDelegateUtilities.SafeInvoke: InternalTestLoggerEvents.SendTestRunMessage: Invoking callback 1/1 for Microsoft.VisualStudio.TestPlatform.CommandLine.Internal.ConsoleLogger., took 0 ms.
TpTrace Verbose: 0 : 1488, 7, 2024/07/17, 18:32:48.909, 27658852997196, vstest.console.dll, TestRequestSender.OnExecutionMessageReceived: Received message: {"Version":7,"MessageType":"TestSession.Message","Payload":{"MessageLevel":0,"Message":"[xUnit.net 00:00:03.51]       Actual:   NotFound"}}
TpTrace Verbose: 0 : 1488, 7, 2024/07/17, 18:32:48.909, 27658853001261, vstest.console.dll, TestRunRequest:SendTestRunMessage: Starting.
TpTrace Verbose: 0 : 1488, 7, 2024/07/17, 18:32:48.910, 27658853003126, vstest.console.dll, MulticastDelegateUtilities.SafeInvoke: TestRun.LogMessages: Invoking callback 1/1 for Microsoft.VisualStudio.TestPlatform.CommandLine.TestRunResultAggregator., took 0 ms.
TpTrace Information: 0 : 1488, 7, 2024/07/17, 18:32:48.910, 27658853004926, vstest.console.dll, TestRunRequest:SendTestRunMessage: Completed.
TpTrace Verbose: 0 : 1488, 7, 2024/07/17, 18:32:48.910, 27658853006586, vstest.console.dll, MulticastDelegateUtilities.SafeInvoke: LengthPrefixCommunicationChannel: MessageReceived: Invoking callback 1/1 for Microsoft.VisualStudio.TestPlatform.CommunicationUtilities.TestRequestSender+<>c__DisplayClass34_0., took 0 ms.
TpTrace Verbose: 0 : 1488, 7, 2024/07/17, 18:32:48.910, 27658853008286, vstest.console.dll, TcpClientExtensions.MessageLoopAsync: Polling on remoteEndPoint: 127.0.0.1:56539 localEndPoint: 127.0.0.1:56538 after 1 ms
TpTrace Verbose: 0 : 1488, 7, 2024/07/17, 18:32:48.910, 27658853010143, vstest.console.dll, TcpClientExtensions.MessageLoopAsync: NotifyDataAvailable remoteEndPoint: 127.0.0.1:56539 localEndPoint: 127.0.0.1:56538
TpTrace Verbose: 0 : 1488, 7, 2024/07/17, 18:32:48.911, 27658853012033, vstest.console.dll, TestRequestSender.OnExecutionMessageReceived: Received message: {"Version":7,"MessageType":"TestSession.Message","Payload":{"MessageLevel":0,"Message":"[xUnit.net 00:00:03.51]       Stack Trace:"}}
TpTrace Verbose: 0 : 1488, 7, 2024/07/17, 18:32:48.911, 27658853013970, vstest.console.dll, TestRunRequest:SendTestRunMessage: Starting.
TpTrace Verbose: 0 : 1488, 7, 2024/07/17, 18:32:48.911, 27658853015882, vstest.console.dll, MulticastDelegateUtilities.SafeInvoke: TestRun.LogMessages: Invoking callback 1/1 for Microsoft.VisualStudio.TestPlatform.CommandLine.TestRunResultAggregator., took 0 ms.
TpTrace Information: 0 : 1488, 7, 2024/07/17, 18:32:48.911, 27658853017616, vstest.console.dll, TestRunRequest:SendTestRunMessage: Completed.
TpTrace Verbose: 0 : 1488, 7, 2024/07/17, 18:32:48.911, 27658853019934, vstest.console.dll, MulticastDelegateUtilities.SafeInvoke: LengthPrefixCommunicationChannel: MessageReceived: Invoking callback 1/1 for Microsoft.VisualStudio.TestPlatform.CommunicationUtilities.TestRequestSender+<>c__DisplayClass34_0., took 0 ms.
TpTrace Verbose: 0 : 1488, 7, 2024/07/17, 18:32:48.912, 27658853021692, vstest.console.dll, TcpClientExtensions.MessageLoopAsync: Polling on remoteEndPoint: 127.0.0.1:56539 localEndPoint: 127.0.0.1:56538 after 1 ms
TpTrace Verbose: 0 : 1488, 7, 2024/07/17, 18:32:48.912, 27658853023582, vstest.console.dll, TcpClientExtensions.MessageLoopAsync: NotifyDataAvailable remoteEndPoint: 127.0.0.1:56539 localEndPoint: 127.0.0.1:56538
TpTrace Verbose: 0 : 1488, 7, 2024/07/17, 18:32:48.912, 27658853025659, vstest.console.dll, TestRequestSender.OnExecutionMessageReceived: Received message: {"Version":7,"MessageType":"TestSession.Message","Payload":{"MessageLevel":0,"Message":"[xUnit.net 00:00:03.51]         C:\\Users\\Tincho\\source\\repos\\SNEAKER-COLLECTION\\SneakerCollectionAPI.Tests\\IntegrationTests\\SneakerControllerIntegrationTests.cs(291,0): at SneakerCollectionAPI.Tests.IntegrationTests.SneakerControllerIntegrationTests.DeleteSneaker_ReturnsNoContentResult()"}}
TpTrace Verbose: 0 : 1488, 7, 2024/07/17, 18:32:48.912, 27658853027821, vstest.console.dll, TestRunRequest:SendTestRunMessage: Starting.
TpTrace Verbose: 0 : 1488, 7, 2024/07/17, 18:32:48.912, 27658853029696, vstest.console.dll, MulticastDelegateUtilities.SafeInvoke: TestRun.LogMessages: Invoking callback 1/1 for Microsoft.VisualStudio.TestPlatform.CommandLine.TestRunResultAggregator., took 0 ms.
TpTrace Information: 0 : 1488, 7, 2024/07/17, 18:32:48.913, 27658853031359, vstest.console.dll, TestRunRequest:SendTestRunMessage: Completed.
TpTrace Verbose: 0 : 1488, 7, 2024/07/17, 18:32:48.913, 27658853032982, vstest.console.dll, MulticastDelegateUtilities.SafeInvoke: LengthPrefixCommunicationChannel: MessageReceived: Invoking callback 1/1 for Microsoft.VisualStudio.TestPlatform.CommunicationUtilities.TestRequestSender+<>c__DisplayClass34_0., took 0 ms.
TpTrace Verbose: 0 : 1488, 7, 2024/07/17, 18:32:48.913, 27658853034616, vstest.console.dll, TcpClientExtensions.MessageLoopAsync: Polling on remoteEndPoint: 127.0.0.1:56539 localEndPoint: 127.0.0.1:56538 after 1 ms
TpTrace Verbose: 0 : 1488, 7, 2024/07/17, 18:32:48.913, 27658853036390, vstest.console.dll, TcpClientExtensions.MessageLoopAsync: NotifyDataAvailable remoteEndPoint: 127.0.0.1:56539 localEndPoint: 127.0.0.1:56538
TpTrace Verbose: 0 : 1488, 7, 2024/07/17, 18:32:48.913, 27658853038314, vstest.console.dll, TestRequestSender.OnExecutionMessageReceived: Received message: {"Version":7,"MessageType":"TestSession.Message","Payload":{"MessageLevel":0,"Message":"[xUnit.net 00:00:03.51]         --- End of stack trace from previous location ---"}}
TpTrace Verbose: 0 : 1488, 7, 2024/07/17, 18:32:48.913, 27658853040337, vstest.console.dll, TestRunRequest:SendTestRunMessage: Starting.
TpTrace Verbose: 0 : 1488, 7, 2024/07/17, 18:32:48.914, 27658853042141, vstest.console.dll, MulticastDelegateUtilities.SafeInvoke: TestRun.LogMessages: Invoking callback 1/1 for Microsoft.VisualStudio.TestPlatform.CommandLine.TestRunResultAggregator., took 0 ms.
TpTrace Information: 0 : 1488, 7, 2024/07/17, 18:32:48.914, 27658853043775, vstest.console.dll, TestRunRequest:SendTestRunMessage: Completed.
TpTrace Verbose: 0 : 1488, 7, 2024/07/17, 18:32:48.914, 27658853045389, vstest.console.dll, MulticastDelegateUtilities.SafeInvoke: LengthPrefixCommunicationChannel: MessageReceived: Invoking callback 1/1 for Microsoft.VisualStudio.TestPlatform.CommunicationUtilities.TestRequestSender+<>c__DisplayClass34_0., took 0 ms.
TpTrace Verbose: 0 : 1488, 7, 2024/07/17, 18:32:48.914, 27658853047259, vstest.console.dll, TcpClientExtensions.MessageLoopAsync: Polling on remoteEndPoint: 127.0.0.1:56539 localEndPoint: 127.0.0.1:56538 after 1 ms
TpTrace Verbose: 0 : 1488, 4, 2024/07/17, 18:32:48.911, 27658853017774, vstest.console.dll, MulticastDelegateUtilities.SafeInvoke: InternalTestLoggerEvents.SendTestRunMessage: Invoking callback 1/1 for Microsoft.VisualStudio.TestPlatform.CommandLine.Internal.ConsoleLogger., took 0 ms.
TpTrace Verbose: 0 : 1488, 4, 2024/07/17, 18:32:48.915, 27658853052147, vstest.console.dll, MulticastDelegateUtilities.SafeInvoke: InternalTestLoggerEvents.SendTestRunMessage: Invoking callback 1/1 for Microsoft.VisualStudio.TestPlatform.CommandLine.Internal.ConsoleLogger., took 0 ms.
TpTrace Verbose: 0 : 1488, 4, 2024/07/17, 18:32:48.915, 27658853054375, vstest.console.dll, MulticastDelegateUtilities.SafeInvoke: InternalTestLoggerEvents.SendTestRunMessage: Invoking callback 1/1 for Microsoft.VisualStudio.TestPlatform.CommandLine.Internal.ConsoleLogger., took 0 ms.
TpTrace Verbose: 0 : 1488, 4, 2024/07/17, 18:32:48.915, 27658853056666, vstest.console.dll, MulticastDelegateUtilities.SafeInvoke: InternalTestLoggerEvents.SendTestRunMessage: Invoking callback 1/1 for Microsoft.VisualStudio.TestPlatform.CommandLine.Internal.ConsoleLogger., took 0 ms.
TpTrace Verbose: 0 : 1488, 4, 2024/07/17, 18:32:48.915, 27658853058877, vstest.console.dll, MulticastDelegateUtilities.SafeInvoke: InternalTestLoggerEvents.SendTestRunMessage: Invoking callback 1/1 for Microsoft.VisualStudio.TestPlatform.CommandLine.Internal.ConsoleLogger., took 0 ms.
TpTrace Verbose: 0 : 1488, 7, 2024/07/17, 18:32:48.954, 27658853442632, vstest.console.dll, TcpClientExtensions.MessageLoopAsync: NotifyDataAvailable remoteEndPoint: 127.0.0.1:56539 localEndPoint: 127.0.0.1:56538
TpTrace Verbose: 0 : 1488, 7, 2024/07/17, 18:32:48.954, 27658853445126, vstest.console.dll, TestRequestSender.OnExecutionMessageReceived: Received message: {"Version":7,"MessageType":"TestSession.Message","Payload":{"MessageLevel":2,"Message":"[xUnit.net 00:00:03.55]     SneakerCollectionAPI.Tests.IntegrationTests.SneakerControllerIntegrationTests.DeleteSneaker_ReturnsForbidResult [FAIL]"}}
TpTrace Verbose: 0 : 1488, 7, 2024/07/17, 18:32:48.954, 27658853447332, vstest.console.dll, TestRunRequest:SendTestRunMessage: Starting.
TpTrace Verbose: 0 : 1488, 7, 2024/07/17, 18:32:48.954, 27658853449781, vstest.console.dll, MulticastDelegateUtilities.SafeInvoke: TestRun.LogMessages: Invoking callback 1/1 for Microsoft.VisualStudio.TestPlatform.CommandLine.TestRunResultAggregator., took 0 ms.
TpTrace Information: 0 : 1488, 7, 2024/07/17, 18:32:48.955, 27658853451484, vstest.console.dll, TestRunRequest:SendTestRunMessage: Completed.
TpTrace Verbose: 0 : 1488, 7, 2024/07/17, 18:32:48.955, 27658853453112, vstest.console.dll, MulticastDelegateUtilities.SafeInvoke: LengthPrefixCommunicationChannel: MessageReceived: Invoking callback 1/1 for Microsoft.VisualStudio.TestPlatform.CommunicationUtilities.TestRequestSender+<>c__DisplayClass34_0., took 0 ms.
TpTrace Verbose: 0 : 1488, 7, 2024/07/17, 18:32:48.955, 27658853454778, vstest.console.dll, TcpClientExtensions.MessageLoopAsync: Polling on remoteEndPoint: 127.0.0.1:56539 localEndPoint: 127.0.0.1:56538 after 40 ms
TpTrace Verbose: 0 : 1488, 7, 2024/07/17, 18:32:48.955, 27658853456573, vstest.console.dll, TcpClientExtensions.MessageLoopAsync: NotifyDataAvailable remoteEndPoint: 127.0.0.1:56539 localEndPoint: 127.0.0.1:56538
TpTrace Verbose: 0 : 1488, 7, 2024/07/17, 18:32:48.955, 27658853458477, vstest.console.dll, TestRequestSender.OnExecutionMessageReceived: Received message: {"Version":7,"MessageType":"TestSession.Message","Payload":{"MessageLevel":0,"Message":"[xUnit.net 00:00:03.56]       Assert.Equal() Failure: Values differ"}}
TpTrace Verbose: 0 : 1488, 7, 2024/07/17, 18:32:48.955, 27658853460484, vstest.console.dll, TestRunRequest:SendTestRunMessage: Starting.
TpTrace Verbose: 0 : 1488, 7, 2024/07/17, 18:32:48.956, 27658853462265, vstest.console.dll, MulticastDelegateUtilities.SafeInvoke: TestRun.LogMessages: Invoking callback 1/1 for Microsoft.VisualStudio.TestPlatform.CommandLine.TestRunResultAggregator., took 0 ms.
TpTrace Information: 0 : 1488, 7, 2024/07/17, 18:32:48.956, 27658853463907, vstest.console.dll, TestRunRequest:SendTestRunMessage: Completed.
TpTrace Verbose: 0 : 1488, 7, 2024/07/17, 18:32:48.956, 27658853466108, vstest.console.dll, MulticastDelegateUtilities.SafeInvoke: LengthPrefixCommunicationChannel: MessageReceived: Invoking callback 1/1 for Microsoft.VisualStudio.TestPlatform.CommunicationUtilities.TestRequestSender+<>c__DisplayClass34_0., took 0 ms.
TpTrace Verbose: 0 : 1488, 7, 2024/07/17, 18:32:48.956, 27658853467809, vstest.console.dll, TcpClientExtensions.MessageLoopAsync: Polling on remoteEndPoint: 127.0.0.1:56539 localEndPoint: 127.0.0.1:56538 after 1 ms
TpTrace Verbose: 0 : 1488, 7, 2024/07/17, 18:32:48.956, 27658853470205, vstest.console.dll, TcpClientExtensions.MessageLoopAsync: NotifyDataAvailable remoteEndPoint: 127.0.0.1:56539 localEndPoint: 127.0.0.1:56538
TpTrace Verbose: 0 : 1488, 7, 2024/07/17, 18:32:48.957, 27658853472417, vstest.console.dll, TestRequestSender.OnExecutionMessageReceived: Received message: {"Version":7,"MessageType":"TestSession.Message","Payload":{"MessageLevel":0,"Message":"[xUnit.net 00:00:03.56]       Expected: Forbidden"}}
TpTrace Verbose: 0 : 1488, 7, 2024/07/17, 18:32:48.957, 27658853474523, vstest.console.dll, TestRunRequest:SendTestRunMessage: Starting.
TpTrace Verbose: 0 : 1488, 7, 2024/07/17, 18:32:48.957, 27658853476357, vstest.console.dll, MulticastDelegateUtilities.SafeInvoke: TestRun.LogMessages: Invoking callback 1/1 for Microsoft.VisualStudio.TestPlatform.CommandLine.TestRunResultAggregator., took 0 ms.
TpTrace Information: 0 : 1488, 7, 2024/07/17, 18:32:48.957, 27658853478497, vstest.console.dll, TestRunRequest:SendTestRunMessage: Completed.
TpTrace Verbose: 0 : 1488, 7, 2024/07/17, 18:32:48.957, 27658853481080, vstest.console.dll, MulticastDelegateUtilities.SafeInvoke: LengthPrefixCommunicationChannel: MessageReceived: Invoking callback 1/1 for Microsoft.VisualStudio.TestPlatform.CommunicationUtilities.TestRequestSender+<>c__DisplayClass34_0., took 0 ms.
TpTrace Verbose: 0 : 1488, 7, 2024/07/17, 18:32:48.958, 27658853483079, vstest.console.dll, TcpClientExtensions.MessageLoopAsync: Polling on remoteEndPoint: 127.0.0.1:56539 localEndPoint: 127.0.0.1:56538 after 1 ms
TpTrace Verbose: 0 : 1488, 4, 2024/07/17, 18:32:48.958, 27658853484869, vstest.console.dll, MulticastDelegateUtilities.SafeInvoke: InternalTestLoggerEvents.SendTestRunMessage: Invoking callback 1/1 for Microsoft.VisualStudio.TestPlatform.CommandLine.Internal.ConsoleLogger., took 0 ms.
TpTrace Verbose: 0 : 1488, 7, 2024/07/17, 18:32:48.958, 27658853484978, vstest.console.dll, TcpClientExtensions.MessageLoopAsync: NotifyDataAvailable remoteEndPoint: 127.0.0.1:56539 localEndPoint: 127.0.0.1:56538
TpTrace Verbose: 0 : 1488, 7, 2024/07/17, 18:32:48.958, 27658853489304, vstest.console.dll, TestRequestSender.OnExecutionMessageReceived: Received message: {"Version":7,"MessageType":"TestSession.Message","Payload":{"MessageLevel":0,"Message":"[xUnit.net 00:00:03.56]       Actual:   NotFound"}}
TpTrace Verbose: 0 : 1488, 4, 2024/07/17, 18:32:48.958, 27658853486908, vstest.console.dll, MulticastDelegateUtilities.SafeInvoke: InternalTestLoggerEvents.SendTestRunMessage: Invoking callback 1/1 for Microsoft.VisualStudio.TestPlatform.CommandLine.Internal.ConsoleLogger., took 0 ms.
TpTrace Verbose: 0 : 1488, 7, 2024/07/17, 18:32:48.959, 27658853491706, vstest.console.dll, TestRunRequest:SendTestRunMessage: Starting.
TpTrace Verbose: 0 : 1488, 7, 2024/07/17, 18:32:48.959, 27658853494967, vstest.console.dll, MulticastDelegateUtilities.SafeInvoke: TestRun.LogMessages: Invoking callback 1/1 for Microsoft.VisualStudio.TestPlatform.CommandLine.TestRunResultAggregator., took 0 ms.
TpTrace Information: 0 : 1488, 7, 2024/07/17, 18:32:48.959, 27658853496634, vstest.console.dll, TestRunRequest:SendTestRunMessage: Completed.
TpTrace Verbose: 0 : 1488, 7, 2024/07/17, 18:32:48.959, 27658853498302, vstest.console.dll, MulticastDelegateUtilities.SafeInvoke: LengthPrefixCommunicationChannel: MessageReceived: Invoking callback 1/1 for Microsoft.VisualStudio.TestPlatform.CommunicationUtilities.TestRequestSender+<>c__DisplayClass34_0., took 0 ms.
TpTrace Verbose: 0 : 1488, 7, 2024/07/17, 18:32:48.959, 27658853500735, vstest.console.dll, TcpClientExtensions.MessageLoopAsync: Polling on remoteEndPoint: 127.0.0.1:56539 localEndPoint: 127.0.0.1:56538 after 1 ms
TpTrace Verbose: 0 : 1488, 7, 2024/07/17, 18:32:48.960, 27658853502656, vstest.console.dll, TcpClientExtensions.MessageLoopAsync: NotifyDataAvailable remoteEndPoint: 127.0.0.1:56539 localEndPoint: 127.0.0.1:56538
TpTrace Verbose: 0 : 1488, 7, 2024/07/17, 18:32:48.960, 27658853505146, vstest.console.dll, TestRequestSender.OnExecutionMessageReceived: Received message: {"Version":7,"MessageType":"TestSession.Message","Payload":{"MessageLevel":0,"Message":"[xUnit.net 00:00:03.56]       Stack Trace:"}}
TpTrace Verbose: 0 : 1488, 7, 2024/07/17, 18:32:48.960, 27658853507316, vstest.console.dll, TestRunRequest:SendTestRunMessage: Starting.
TpTrace Verbose: 0 : 1488, 7, 2024/07/17, 18:32:48.960, 27658853509337, vstest.console.dll, MulticastDelegateUtilities.SafeInvoke: TestRun.LogMessages: Invoking callback 1/1 for Microsoft.VisualStudio.TestPlatform.CommandLine.TestRunResultAggregator., took 0 ms.
TpTrace Information: 0 : 1488, 7, 2024/07/17, 18:32:48.960, 27658853510975, vstest.console.dll, TestRunRequest:SendTestRunMessage: Completed.
TpTrace Verbose: 0 : 1488, 7, 2024/07/17, 18:32:48.961, 27658853512601, vstest.console.dll, MulticastDelegateUtilities.SafeInvoke: LengthPrefixCommunicationChannel: MessageReceived: Invoking callback 1/1 for Microsoft.VisualStudio.TestPlatform.CommunicationUtilities.TestRequestSender+<>c__DisplayClass34_0., took 0 ms.
TpTrace Verbose: 0 : 1488, 7, 2024/07/17, 18:32:48.961, 27658853514248, vstest.console.dll, TcpClientExtensions.MessageLoopAsync: Polling on remoteEndPoint: 127.0.0.1:56539 localEndPoint: 127.0.0.1:56538 after 1 ms
TpTrace Verbose: 0 : 1488, 7, 2024/07/17, 18:32:48.961, 27658853516001, vstest.console.dll, TcpClientExtensions.MessageLoopAsync: NotifyDataAvailable remoteEndPoint: 127.0.0.1:56539 localEndPoint: 127.0.0.1:56538
TpTrace Verbose: 0 : 1488, 7, 2024/07/17, 18:32:48.961, 27658853517904, vstest.console.dll, TestRequestSender.OnExecutionMessageReceived: Received message: {"Version":7,"MessageType":"TestSession.Message","Payload":{"MessageLevel":0,"Message":"[xUnit.net 00:00:03.56]         C:\\Users\\Tincho\\source\\repos\\SNEAKER-COLLECTION\\SneakerCollectionAPI.Tests\\IntegrationTests\\SneakerControllerIntegrationTests.cs(325,0): at SneakerCollectionAPI.Tests.IntegrationTests.SneakerControllerIntegrationTests.DeleteSneaker_ReturnsForbidResult()"}}
TpTrace Verbose: 0 : 1488, 7, 2024/07/17, 18:32:48.961, 27658853519904, vstest.console.dll, TestRunRequest:SendTestRunMessage: Starting.
TpTrace Verbose: 0 : 1488, 7, 2024/07/17, 18:32:48.962, 27658853521683, vstest.console.dll, MulticastDelegateUtilities.SafeInvoke: TestRun.LogMessages: Invoking callback 1/1 for Microsoft.VisualStudio.TestPlatform.CommandLine.TestRunResultAggregator., took 0 ms.
TpTrace Information: 0 : 1488, 7, 2024/07/17, 18:32:48.962, 27658853523301, vstest.console.dll, TestRunRequest:SendTestRunMessage: Completed.
TpTrace Verbose: 0 : 1488, 7, 2024/07/17, 18:32:48.962, 27658853524908, vstest.console.dll, MulticastDelegateUtilities.SafeInvoke: LengthPrefixCommunicationChannel: MessageReceived: Invoking callback 1/1 for Microsoft.VisualStudio.TestPlatform.CommunicationUtilities.TestRequestSender+<>c__DisplayClass34_0., took 0 ms.
TpTrace Verbose: 0 : 1488, 7, 2024/07/17, 18:32:48.962, 27658853526532, vstest.console.dll, TcpClientExtensions.MessageLoopAsync: Polling on remoteEndPoint: 127.0.0.1:56539 localEndPoint: 127.0.0.1:56538 after 1 ms
TpTrace Verbose: 0 : 1488, 7, 2024/07/17, 18:32:48.962, 27658853528639, vstest.console.dll, TcpClientExtensions.MessageLoopAsync: NotifyDataAvailable remoteEndPoint: 127.0.0.1:56539 localEndPoint: 127.0.0.1:56538
TpTrace Verbose: 0 : 1488, 4, 2024/07/17, 18:32:48.959, 27658853496767, vstest.console.dll, MulticastDelegateUtilities.SafeInvoke: InternalTestLoggerEvents.SendTestRunMessage: Invoking callback 1/1 for Microsoft.VisualStudio.TestPlatform.CommandLine.Internal.ConsoleLogger., took 0 ms.
TpTrace Verbose: 0 : 1488, 4, 2024/07/17, 18:32:48.963, 27658853532571, vstest.console.dll, MulticastDelegateUtilities.SafeInvoke: InternalTestLoggerEvents.SendTestRunMessage: Invoking callback 1/1 for Microsoft.VisualStudio.TestPlatform.CommandLine.Internal.ConsoleLogger., took 0 ms.
TpTrace Verbose: 0 : 1488, 7, 2024/07/17, 18:32:48.963, 27658853532666, vstest.console.dll, TestRequestSender.OnExecutionMessageReceived: Received message: {"Version":7,"MessageType":"TestSession.Message","Payload":{"MessageLevel":0,"Message":"[xUnit.net 00:00:03.56]         --- End of stack trace from previous location ---"}}
TpTrace Verbose: 0 : 1488, 4, 2024/07/17, 18:32:48.963, 27658853534371, vstest.console.dll, MulticastDelegateUtilities.SafeInvoke: InternalTestLoggerEvents.SendTestRunMessage: Invoking callback 1/1 for Microsoft.VisualStudio.TestPlatform.CommandLine.Internal.ConsoleLogger., took 0 ms.
TpTrace Verbose: 0 : 1488, 7, 2024/07/17, 18:32:48.963, 27658853537032, vstest.console.dll, TestRunRequest:SendTestRunMessage: Starting.
TpTrace Verbose: 0 : 1488, 4, 2024/07/17, 18:32:48.963, 27658853538577, vstest.console.dll, MulticastDelegateUtilities.SafeInvoke: InternalTestLoggerEvents.SendTestRunMessage: Invoking callback 1/1 for Microsoft.VisualStudio.TestPlatform.CommandLine.Internal.ConsoleLogger., took 0 ms.
TpTrace Verbose: 0 : 1488, 7, 2024/07/17, 18:32:48.963, 27658853540402, vstest.console.dll, MulticastDelegateUtilities.SafeInvoke: TestRun.LogMessages: Invoking callback 1/1 for Microsoft.VisualStudio.TestPlatform.CommandLine.TestRunResultAggregator., took 0 ms.
TpTrace Verbose: 0 : 1488, 4, 2024/07/17, 18:32:48.964, 27658853542250, vstest.console.dll, MulticastDelegateUtilities.SafeInvoke: InternalTestLoggerEvents.SendTestRunMessage: Invoking callback 1/1 for Microsoft.VisualStudio.TestPlatform.CommandLine.Internal.ConsoleLogger., took 0 ms.
TpTrace Information: 0 : 1488, 7, 2024/07/17, 18:32:48.964, 27658853543886, vstest.console.dll, TestRunRequest:SendTestRunMessage: Completed.
TpTrace Verbose: 0 : 1488, 7, 2024/07/17, 18:32:48.964, 27658853548476, vstest.console.dll, MulticastDelegateUtilities.SafeInvoke: LengthPrefixCommunicationChannel: MessageReceived: Invoking callback 1/1 for Microsoft.VisualStudio.TestPlatform.CommunicationUtilities.TestRequestSender+<>c__DisplayClass34_0., took 1 ms.
TpTrace Verbose: 0 : 1488, 7, 2024/07/17, 18:32:48.964, 27658853550411, vstest.console.dll, TcpClientExtensions.MessageLoopAsync: Polling on remoteEndPoint: 127.0.0.1:56539 localEndPoint: 127.0.0.1:56538 after 2 ms
TpTrace Verbose: 0 : 1488, 7, 2024/07/17, 18:32:49.127, 27658855176107, vstest.console.dll, TcpClientExtensions.MessageLoopAsync: NotifyDataAvailable remoteEndPoint: 127.0.0.1:56539 localEndPoint: 127.0.0.1:56538
TpTrace Verbose: 0 : 1488, 7, 2024/07/17, 18:32:49.127, 27658855178666, vstest.console.dll, TestRequestSender.OnExecutionMessageReceived: Received message: {"Version":7,"MessageType":"TestSession.Message","Payload":{"MessageLevel":0,"Message":"[xUnit.net 00:00:03.73]   Finished:    SneakerCollectionAPI.Tests"}}
TpTrace Verbose: 0 : 1488, 7, 2024/07/17, 18:32:49.127, 27658855180965, vstest.console.dll, TestRunRequest:SendTestRunMessage: Starting.
TpTrace Verbose: 0 : 1488, 7, 2024/07/17, 18:32:49.128, 27658855182911, vstest.console.dll, MulticastDelegateUtilities.SafeInvoke: TestRun.LogMessages: Invoking callback 1/1 for Microsoft.VisualStudio.TestPlatform.CommandLine.TestRunResultAggregator., took 0 ms.
TpTrace Verbose: 0 : 1488, 4, 2024/07/17, 18:32:49.128, 27658855183133, vstest.console.dll, MulticastDelegateUtilities.SafeInvoke: InternalTestLoggerEvents.SendTestRunMessage: Invoking callback 1/1 for Microsoft.VisualStudio.TestPlatform.CommandLine.Internal.ConsoleLogger., took 0 ms.
TpTrace Information: 0 : 1488, 7, 2024/07/17, 18:32:49.128, 27658855184681, vstest.console.dll, TestRunRequest:SendTestRunMessage: Completed.
TpTrace Verbose: 0 : 1488, 7, 2024/07/17, 18:32:49.128, 27658855188602, vstest.console.dll, MulticastDelegateUtilities.SafeInvoke: LengthPrefixCommunicationChannel: MessageReceived: Invoking callback 1/1 for Microsoft.VisualStudio.TestPlatform.CommunicationUtilities.TestRequestSender+<>c__DisplayClass34_0., took 1 ms.
TpTrace Verbose: 0 : 1488, 7, 2024/07/17, 18:32:49.128, 27658855190381, vstest.console.dll, TcpClientExtensions.MessageLoopAsync: Polling on remoteEndPoint: 127.0.0.1:56539 localEndPoint: 127.0.0.1:56538 after 163 ms
TpTrace Verbose: 0 : 1488, 7, 2024/07/17, 18:32:49.146, 27658855362175, vstest.console.dll, TcpClientExtensions.MessageLoopAsync: NotifyDataAvailable remoteEndPoint: 127.0.0.1:56539 localEndPoint: 127.0.0.1:56538
TpTrace Verbose: 0 : 1488, 7, 2024/07/17, 18:32:49.146, 27658855366640, vstest.console.dll, TestRequestSender.OnExecutionMessageReceived: Received message: {"Version":7,"MessageType":"TestExecution.Completed","Payload":{"TestRunCompleteArgs":{"TestRunStatistics":{"ExecutedTests":25,"Stats":{"Passed":23,"Failed":2}},"IsCanceled":false,"IsAborted":false,"Error":null,"AttachmentSets":[],"InvokedDataCollectors":[],"ElapsedTimeInRunningTests":"00:00:03.7450811","Metrics":{},"DiscoveredExtensions":{"TestDiscoverers":["Xunit.Runner.VisualStudio.VsTestRunner, xunit.runner.visualstudio.dotnetcore.testadapter, Version=2.5.0.0, Culture=neutral, PublicKeyToken=null"],"TestExecutors":["executor://xunit/VsTestRunner2/netcoreapp"],"TestExecutors2":[],"TestSettingsProviders":[]}},"LastRunTests":{"NewTestResults":[{"TestCase":{"Id":"18888e71-2f50-5fa4-e829-1b64f18b5de8","FullyQualifiedName":"SneakerCollectionAPI.Tests.IntegrationTests.SneakerControllerIntegrationTests.UpdateSneaker_WithInvalidSize_LessThanMinimum_ReturnsUnprocessableEntity","DisplayName":"SneakerCollectionAPI.Tests.IntegrationTests.SneakerControllerIntegrationTests.UpdateSneaker_WithInvalidSize_LessThanMinimum_ReturnsUnprocessableEntity","ExecutorUri":"executor://xunit/VsTestRunner2/netcoreapp","Source":"C:\\Users\\Tincho\\source\\repos\\SNEAKER-COLLECTION\\SneakerCollectionAPI.Tests\\bin\\Debug\\net8.0\\fine-code-coverage\\build-output\\SneakerCollectionAPI.Tests.dll","CodeFilePath":null,"LineNumber":0,"Properties":[]},"Attachments":[],"Outcome":1,"ErrorMessage":null,"ErrorStackTrace":null,"DisplayName":"SneakerCollectionAPI.Tests.IntegrationTests.SneakerControllerIntegrationTests.UpdateSneaker_WithInvalidSize_LessThanMinimum_ReturnsUnprocessableEntity","Messages":[],"ComputerName":"DESKTOP-FPEJA75","Duration":"00:00:00.0384406","StartTime":"2024-07-17T21:32:48.5638416+00:00","EndTime":"2024-07-17T21:32:48.5638417+00:00","Properties":[]},{"TestCase":{"Id":"91ece9b6-98e1-694b-3952-3685d89b62b2","FullyQualifiedName":"SneakerCollectionAPI.Tests.IntegrationTests.SneakerControllerIntegrationTests.DeleteSneaker_ReturnsNoContentResult","DisplayName":"SneakerCollectionAPI.Tests.IntegrationTests.SneakerControllerIntegrationTests.DeleteSneaker_ReturnsNoContentResult","ExecutorUri":"executor://xunit/VsTestRunner2/netcoreapp","Source":"C:\\Users\\Tincho\\source\\repos\\SNEAKER-COLLECTION\\SneakerCollectionAPI.Tests\\bin\\Debug\\net8.0\\fine-code-coverage\\build-output\\SneakerCollectionAPI.Tests.dll","CodeFilePath":null,"LineNumber":0,"Properties":[]},"Attachments":[],"Outcome":2,"ErrorMessage":"Assert.Equal() Failure: Values differ\r\nExpected: NoContent\r\nActual:   NotFound","ErrorStackTrace":"   at SneakerCollectionAPI.Tests.IntegrationTests.SneakerControllerIntegrationTests.DeleteSneaker_ReturnsNoContentResult() in C:\\Users\\Tincho\\source\\repos\\SNEAKER-COLLECTION\\SneakerCollectionAPI.Tests\\IntegrationTests\\SneakerControllerIntegrationTests.cs:line 291\r\n--- End of stack trace from previous location ---","DisplayName":"SneakerCollectionAPI.Tests.IntegrationTests.SneakerControllerIntegrationTests.DeleteSneaker_ReturnsNoContentResult","Messages":[],"ComputerName":"DESKTOP-FPEJA75","Duration":"00:00:00.3274396","StartTime":"2024-07-17T21:32:48.9124117+00:00","EndTime":"2024-07-17T21:32:48.9124119+00:00","Properties":[]},{"TestCase":{"Id":"1151a71a-3dc1-ffc3-4205-e206c9408a5a","FullyQualifiedName":"SneakerCollectionAPI.Tests.IntegrationTests.SneakerControllerIntegrationTests.DeleteSneaker_ReturnsForbidResult","DisplayName":"SneakerCollectionAPI.Tests.IntegrationTests.SneakerControllerIntegrationTests.DeleteSneaker_ReturnsForbidResult","ExecutorUri":"executor://xunit/VsTestRunner2/netcoreapp","Source":"C:\\Users\\Tincho\\source\\repos\\SNEAKER-COLLECTION\\SneakerCollectionAPI.Tests\\bin\\Debug\\net8.0\\fine-code-coverage\\build-output\\SneakerCollectionAPI.Tests.dll","CodeFilePath":null,"LineNumber":0,"Properties":[]},"Attachments":[],"Outcome":2,"ErrorMessage":"Assert.Equal() Failure: Values differ\r\nExpected: Forbidden\r\nActual:   NotFound","ErrorStackTrace":"   at SneakerCollectionAPI.Tests.IntegrationTests.SneakerControllerIntegrationTests.DeleteSneaker_ReturnsForbidResult() in C:\\Users\\Tincho\\source\\repos\\SNEAKER-COLLECTION\\SneakerCollectionAPI.Tests\\IntegrationTests\\SneakerControllerIntegrationTests.cs:line 325\r\n--- End of stack trace from previous location ---","DisplayName":"SneakerCollectionAPI.Tests.IntegrationTests.SneakerControllerIntegrationTests.DeleteSneaker_ReturnsForbidResult","Messages":[],"ComputerName":"DESKTOP-FPEJA75","Duration":"00:00:00.0511905","StartTime":"2024-07-17T21:32:48.9591879+00:00","EndTime":"2024-07-17T21:32:48.959188+00:00","Properties":[]},{"TestCase":{"Id":"bd6dc58d-d32e-91ac-8214-13cc987f9c9a","FullyQualifiedName":"SneakerCollectionAPI.Tests.IntegrationTests.SneakerControllerIntegrationTests.DeleteSneaker_ReturnsNotFoundResult","DisplayName":"SneakerCollectionAPI.Tests.IntegrationTests.SneakerControllerIntegrationTests.DeleteSneaker_ReturnsNotFoundResult","ExecutorUri":"executor://xunit/VsTestRunner2/netcoreapp","Source":"C:\\Users\\Tincho\\source\\repos\\SNEAKER-COLLECTION\\SneakerCollectionAPI.Tests\\bin\\Debug\\net8.0\\fine-code-coverage\\build-output\\SneakerCollectionAPI.Tests.dll","CodeFilePath":null,"LineNumber":0,"Properties":[]},"Attachments":[],"Outcome":1,"ErrorMessage":null,"ErrorStackTrace":null,"DisplayName":"SneakerCollectionAPI.Tests.IntegrationTests.SneakerControllerIntegrationTests.DeleteSneaker_ReturnsNotFoundResult","Messages":[],"ComputerName":"DESKTOP-FPEJA75","Duration":"00:00:00.0561386","StartTime":"2024-07-17T21:32:49.0097727+00:00","EndTime":"2024-07-17T21:32:49.0097729+00:00","Properties":[]},{"TestCase":{"Id":"33258fa8-0ea4-66fa-e0a4-96b52eaa2fed","FullyQualifiedName":"SneakerCollectionAPI.Tests.IntegrationTests.SneakerControllerIntegrationTests.CreateSneaker_WithInvalidYear_GreaterThanMaximum_ReturnsUnprocessableEntity","DisplayName":"SneakerCollectionAPI.Tests.IntegrationTests.SneakerControllerIntegrationTests.CreateSneaker_WithInvalidYear_GreaterThanMaximum_ReturnsUnprocessableEntity","ExecutorUri":"executor://xunit/VsTestRunner2/netcoreapp","Source":"C:\\Users\\Tincho\\source\\repos\\SNEAKER-COLLECTION\\SneakerCollectionAPI.Tests\\bin\\Debug\\net8.0\\fine-code-coverage\\build-output\\SneakerCollectionAPI.Tests.dll","CodeFilePath":null,"LineNumber":0,"Properties":[]},"Attachments":[],"Outcome":1,"ErrorMessage":null,"ErrorStackTrace":null,"DisplayName":"SneakerCollectionAPI.Tests.IntegrationTests.SneakerControllerIntegrationTests.CreateSneaker_WithInvalidYear_GreaterThanMaximum_ReturnsUnprocessableEntity","Messages":[],"ComputerName":"DESKTOP-FPEJA75","Duration":"00:00:00.0332622","StartTime":"2024-07-17T21:32:49.043158+00:00","EndTime":"2024-07-17T21:32:49.0431582+00:00","Properties":[]},{"TestCase":{"Id":"48d618b4-9bb9-1730-3700-0b758950d69e","FullyQualifiedName":"SneakerCollectionAPI.Tests.IntegrationTests.SneakerControllerIntegrationTests.UpdateSneaker_WithInvalidName_ReturnsUnprocessableEntity","DisplayName":"SneakerCollectionAPI.Tests.IntegrationTests.SneakerControllerIntegrationTests.UpdateSneaker_WithInvalidName_ReturnsUnprocessableEntity","ExecutorUri":"executor://xunit/VsTestRunner2/netcoreapp","Source":"C:\\Users\\Tincho\\source\\repos\\SNEAKER-COLLECTION\\SneakerCollectionAPI.Tests\\bin\\Debug\\net8.0\\fine-code-coverage\\build-output\\SneakerCollectionAPI.Tests.dll","CodeFilePath":null,"LineNumber":0,"Properties":[]},"Attachments":[],"Outcome":1,"ErrorMessage":null,"ErrorStackTrace":null,"DisplayName":"SneakerCollectionAPI.Tests.IntegrationTests.SneakerControllerIntegrationTests.UpdateSneaker_WithInvalidName_ReturnsUnprocessableEntity","Messages":[],"ComputerName":"DESKTOP-FPEJA75","Duration":"00:00:00.0336231","StartTime":"2024-07-17T21:32:49.0769153+00:00","EndTime":"2024-07-17T21:32:49.0769155+00:00","Properties":[]},{"TestCase":{"Id":"b6c6fab9-d869-acb1-37bf-4c3aabf94a40","FullyQualifiedName":"SneakerCollectionAPI.Tests.IntegrationTests.SneakerControllerIntegrationTests.CreateSneaker_WithInvalidRate_ReturnsUnprocessableEntity","DisplayName":"SneakerCollectionAPI.Tests.IntegrationTests.SneakerControllerIntegrationTests.CreateSneaker_WithInvalidRate_ReturnsUnprocessableEntity","ExecutorUri":"executor://xunit/VsTestRunner2/netcoreapp","Source":"C:\\Users\\Tincho\\source\\repos\\SNEAKER-COLLECTION\\SneakerCollectionAPI.Tests\\bin\\Debug\\net8.0\\fine-code-coverage\\build-output\\SneakerCollectionAPI.Tests.dll","CodeFilePath":null,"LineNumber":0,"Properties":[]},"Attachments":[],"Outcome":1,"ErrorMessage":null,"ErrorStackTrace":null,"DisplayName":"SneakerCollectionAPI.Tests.IntegrationTests.SneakerControllerIntegrationTests.CreateSneaker_WithInvalidRate_ReturnsUnprocessableEntity","Messages":[],"ComputerName":"DESKTOP-FPEJA75","Duration":"00:00:00.0413281","StartTime":"2024-07-17T21:32:49.1183783+00:00","EndTime":"2024-07-17T21:32:49.1183784+00:00","Properties":[]}],"TestRunStatistics":{"ExecutedTests":25,"Stats":{"Passed":23,"Failed":2}},"ActiveTests":[]},"RunAttachments":[],"ExecutorUris":["executor://xunit/VsTestRunner2/netcoreapp"]}}
TpTrace Verbose: 0 : 1488, 7, 2024/07/17, 18:32:49.147, 27658855371610, vstest.console.dll, TestRequestSender.EndSession: Sending end session.
TpTrace Verbose: 0 : 1488, 7, 2024/07/17, 18:32:49.147, 27658855375069, vstest.console.dll, ProxyOperationManager.Close: waiting for test host to exit for 100 ms
TpTrace Verbose: 0 : 1488, 11, 2024/07/17, 18:32:49.172, 27658855622151, vstest.console.dll, TestHostManagerCallbacks.ctor: Experimental forwarding output is disabled.
TpTrace Warning: 0 : 1488, 11, 2024/07/17, 18:32:49.172, 27658855624515, vstest.console.dll, TestHostManagerCallbacks.ErrorReceivedCallback Test host standard error line: 
TpTrace Verbose: 0 : 1488, 11, 2024/07/17, 18:32:49.205, 27658855955088, vstest.console.dll, TestHostProvider.ExitCallBack: Host exited starting callback.
TpTrace Information: 0 : 1488, 11, 2024/07/17, 18:32:49.205, 27658855957948, vstest.console.dll, TestHostManagerCallbacks.ExitCallBack: Testhost processId: 30120 exited with exitcode: 0 error: ''
TpTrace Verbose: 0 : 1488, 11, 2024/07/17, 18:32:49.205, 27658855959743, vstest.console.dll, DotnetTestHostManager.OnHostExited: invoking OnHostExited callback
TpTrace Verbose: 0 : 1488, 11, 2024/07/17, 18:32:49.210, 27658856005326, vstest.console.dll, CrossPlatEngine.TestHostManagerHostExited: calling on client process exit callback.
TpTrace Information: 0 : 1488, 7, 2024/07/17, 18:32:49.210, 27658856008023, vstest.console.dll, SocketServer.Stop: Stop server endPoint: 127.0.0.1:56538
TpTrace Information: 0 : 1488, 7, 2024/07/17, 18:32:49.210, 27658856010103, vstest.console.dll, SocketServer.Stop: Cancellation requested. Stopping message loop.
TpTrace Information: 0 : 1488, 7, 2024/07/17, 18:32:49.211, 27658856013739, vstest.console.dll, Closing the connection
TpTrace Information: 0 : 1488, 11, 2024/07/17, 18:32:49.211, 27658856014281, vstest.console.dll, TestRequestSender.OnClientProcessExit: Test host process exited. Standard error: 
TpTrace Information: 0 : 1488, 11, 2024/07/17, 18:32:49.211, 27658856021101, vstest.console.dll, SocketServer.Stop: Stop server endPoint: 127.0.0.1:56538
TpTrace Information: 0 : 1488, 11, 2024/07/17, 18:32:49.212, 27658856022865, vstest.console.dll, SocketServer.Stop: Cancellation requested. Stopping message loop.
TpTrace Verbose: 0 : 1488, 11, 2024/07/17, 18:32:49.212, 27658856024597, vstest.console.dll, MulticastDelegateUtilities.SafeInvoke: HostProviderEvents.OnHostExited: Invoking callback 1/1 for Microsoft.VisualStudio.TestPlatform.CrossPlatEngine.Client.ProxyOperationManager., took 1 ms.
TpTrace Verbose: 0 : 1488, 7, 2024/07/17, 18:32:49.212, 27658856028230, vstest.console.dll, ProxyDataCollectionManager.InvokeDataCollectionServiceAction: Starting.
TpTrace Information: 0 : 1488, 7, 2024/07/17, 18:32:49.212, 27658856030113, vstest.console.dll, ProxyDataCollectionManager.AfterTestRunEnd: Get attachment set and invoked data collectors processId: 24048 port: 56535
TpTrace Verbose: 0 : 1488, 7, 2024/07/17, 18:32:49.213, 27658856031977, vstest.console.dll, DataCollectionRequestSender.SendAfterTestRunStartAndGetResult: Send AfterTestRunEnd message with isCancelled: False
TpTrace Verbose: 0 : 1488, 7, 2024/07/17, 18:32:49.223, 27658856135601, vstest.console.dll, DataCollectionRequestSender.SendAfterTestRunStartAndGetResult: Received message: (DataCollection.AfterTestRunEndResult) -> {"MessageType":"DataCollection.AfterTestRunEndResult","Payload":{"AttachmentSets":[],"InvokedDataCollectors":[{"Uri":"datacollector://Microsoft/TestPlatform/Extensions/Blame/v1","FriendlyName":"Blame","AssemblyQualifiedName":"Microsoft.TestPlatform.Extensions.BlameDataCollector.BlameCollector, Microsoft.TestPlatform.Extensions.BlameDataCollector, Version=15.0.0.0, Culture=neutral, PublicKeyToken=b03f5f7f11d50a3a","FilePath":"C:\\Program Files\\dotnet\\sdk\\8.0.300\\Extensions\\Microsoft.TestPlatform.Extensions.BlameDataCollector.dll","HasAttachmentProcessor":false}],"Metrics":{}}}
TpTrace Information: 0 : 1488, 7, 2024/07/17, 18:32:49.228, 27658856187404, vstest.console.dll, ProxyDataCollectionManager.InvokeDataCollectionServiceAction: Completed.
TpTrace Warning: 0 : 1488, 10, 2024/07/17, 18:32:49.230, 27658856208844, vstest.console.dll, DataCollectionLauncher.ErrorReceivedCallback datacollector standard error line: 
TpTrace Information: 0 : 1488, 10, 2024/07/17, 18:32:49.240, 27658856310342, vstest.console.dll, DataCollectionLauncher.ExitCallBack: Data collector exited with exitcode: 0 error: ''
TpTrace Verbose: 0 : 1488, 7, 2024/07/17, 18:32:49.259, 27658856498023, vstest.console.dll, TestRunRequest:SendTestRunStatsChange: Starting.
TpTrace Verbose: 0 : 1488, 7, 2024/07/17, 18:32:49.259, 27658856500566, vstest.console.dll, MulticastDelegateUtilities.SafeInvoke: TestRun.RunStatsChanged: Invoking callbacks was skipped because there are no subscribers.
TpTrace Verbose: 0 : 1488, 4, 2024/07/17, 18:32:49.259, 27658856501219, vstest.console.dll, MulticastDelegateUtilities.SafeInvoke: InternalTestLoggerEvents.SendTestResult: Invoking callback 1/1 for Microsoft.VisualStudio.TestPlatform.CommandLine.Internal.ConsoleLogger., took 0 ms.
TpTrace Information: 0 : 1488, 7, 2024/07/17, 18:32:49.260, 27658856502322, vstest.console.dll, TestRunRequest:SendTestRunStatsChange: Completed.
TpTrace Verbose: 0 : 1488, 7, 2024/07/17, 18:32:49.260, 27658856510025, vstest.console.dll, ParallelProxyExecutionManager: HandlePartialRunComplete: Total workloads = 1, Total started clients = 1 Total completed clients = 1, Run complete = True, Run canceled: False.
TpTrace Verbose: 0 : 1488, 7, 2024/07/17, 18:32:49.261, 27658856511871, vstest.console.dll, ParallelProxyExecutionManager: HandlePartialRunComplete: All runs completed stopping all managers.
TpTrace Verbose: 0 : 1488, 4, 2024/07/17, 18:32:49.260, 27658856510713, vstest.console.dll, MulticastDelegateUtilities.SafeInvoke: InternalTestLoggerEvents.SendTestResult: Invoking callback 1/1 for Microsoft.VisualStudio.TestPlatform.CommandLine.Internal.ConsoleLogger., took 0 ms.
TpTrace Verbose: 0 : 1488, 7, 2024/07/17, 18:32:49.261, 27658856513606, vstest.console.dll, ParallelOperationManager.StopAllManagers: Stopping all managers.
TpTrace Verbose: 0 : 1488, 7, 2024/07/17, 18:32:49.261, 27658856517499, vstest.console.dll, ParallelOperationManager.ClearSlots: Clearing all slots. Slots should accept more work: False
TpTrace Verbose: 0 : 1488, 4, 2024/07/17, 18:32:49.261, 27658856518067, vstest.console.dll, MulticastDelegateUtilities.SafeInvoke: InternalTestLoggerEvents.SendTestResult: Invoking callback 1/1 for Microsoft.VisualStudio.TestPlatform.CommandLine.Internal.ConsoleLogger., took 0 ms.
TpTrace Verbose: 0 : 1488, 7, 2024/07/17, 18:32:49.261, 27658856520082, vstest.console.dll, ParallelOperationManager.SetOccupiedSlotCount: Setting slot counts AvailableSlotCount = 1, OccupiedSlotCount = 0.
TpTrace Verbose: 0 : 1488, 4, 2024/07/17, 18:32:49.262, 27658856522160, vstest.console.dll, MulticastDelegateUtilities.SafeInvoke: InternalTestLoggerEvents.SendTestResult: Invoking callback 1/1 for Microsoft.VisualStudio.TestPlatform.CommandLine.Internal.ConsoleLogger., took 0 ms.
TpTrace Verbose: 0 : 1488, 7, 2024/07/17, 18:32:49.262, 27658856524094, vstest.console.dll, Occupied slots:

TpTrace Verbose: 0 : 1488, 4, 2024/07/17, 18:32:49.262, 27658856525815, vstest.console.dll, MulticastDelegateUtilities.SafeInvoke: InternalTestLoggerEvents.SendTestResult: Invoking callback 1/1 for Microsoft.VisualStudio.TestPlatform.CommandLine.Internal.ConsoleLogger., took 0 ms.
TpTrace Verbose: 0 : 1488, 4, 2024/07/17, 18:32:49.262, 27658856529583, vstest.console.dll, MulticastDelegateUtilities.SafeInvoke: InternalTestLoggerEvents.SendTestResult: Invoking callback 1/1 for Microsoft.VisualStudio.TestPlatform.CommandLine.Internal.ConsoleLogger., took 0 ms.
TpTrace Verbose: 0 : 1488, 4, 2024/07/17, 18:32:49.263, 27658856531458, vstest.console.dll, MulticastDelegateUtilities.SafeInvoke: InternalTestLoggerEvents.SendTestResult: Invoking callback 1/1 for Microsoft.VisualStudio.TestPlatform.CommandLine.Internal.ConsoleLogger., took 0 ms.
TpTrace Verbose: 0 : 1488, 4, 2024/07/17, 18:32:49.270, 27658856605943, vstest.console.dll, MulticastDelegateUtilities.SafeInvoke: InternalTestLoggerEvents.SendTestRunComplete: Invoking callback 1/2 for Microsoft.TestPlatform.Extensions.BlameDataCollector.BlameLogger., took 0 ms.
TpTrace Verbose: 0 : 1488, 4, 2024/07/17, 18:32:49.275, 27658856660828, vstest.console.dll, MulticastDelegateUtilities.SafeInvoke: InternalTestLoggerEvents.SendTestRunComplete: Invoking callback 2/2 for Microsoft.VisualStudio.TestPlatform.CommandLine.Internal.ConsoleLogger., took 5 ms.
TpTrace Verbose: 0 : 1488, 7, 2024/07/17, 18:32:49.276, 27658856664898, vstest.console.dll, TestRunRequest:TestRunComplete: Starting. IsAborted:False IsCanceled:False.
TpTrace Verbose: 0 : 1488, 7, 2024/07/17, 18:32:49.276, 27658856667883, vstest.console.dll, ParallelOperationManager.DoActionOnAllManagers: Calling an action on all managers.
TpTrace Verbose: 0 : 1488, 7, 2024/07/17, 18:32:49.277, 27658856677960, vstest.console.dll, TestLoggerManager.HandleTestRunComplete: Ignoring as the object is disposed.
TpTrace Verbose: 0 : 1488, 7, 2024/07/17, 18:32:49.277, 27658856681273, vstest.console.dll, MulticastDelegateUtilities.SafeInvoke: TestRun.TestRunComplete: Invoking callback 1/2 for Microsoft.VisualStudio.TestPlatform.CommandLine.TestRunResultAggregator., took 0 ms.
TpTrace Verbose: 0 : 1488, 7, 2024/07/17, 18:32:49.278, 27658856683623, vstest.console.dll, MulticastDelegateUtilities.SafeInvoke: TestRun.TestRunComplete: Invoking callback 2/2 for Microsoft.VisualStudio.TestPlatform.CommandLine.Processors.RunTestsArgumentExecutor+TestRunRequestEventsRegistrar., took 0 ms.
TpTrace Information: 0 : 1488, 7, 2024/07/17, 18:32:49.278, 27658856685888, vstest.console.dll, TestRunRequest:TestRunComplete: Completed.
TpTrace Verbose: 0 : 1488, 1, 2024/07/17, 18:32:49.278, 27658856686001, vstest.console.dll, TestRunRequest.Dispose: Starting.
TpTrace Verbose: 0 : 1488, 7, 2024/07/17, 18:32:49.278, 27658856687988, vstest.console.dll, TestRequestSender.SetOperationComplete: Setting operation complete.
TpTrace Information: 0 : 1488, 1, 2024/07/17, 18:32:49.278, 27658856689809, vstest.console.dll, TestRunRequest.Dispose: Completed.
TpTrace Information: 0 : 1488, 7, 2024/07/17, 18:32:49.279, 27658856691454, vstest.console.dll, SocketServer.Stop: Stop server endPoint: 127.0.0.1:56538
TpTrace Information: 0 : 1488, 1, 2024/07/17, 18:32:49.279, 27658856693366, vstest.console.dll, TestRequestManager.RunTests: run tests completed.
TpTrace Information: 0 : 1488, 7, 2024/07/17, 18:32:49.279, 27658856694985, vstest.console.dll, SocketServer.Stop: Cancellation requested. Stopping message loop.
TpTrace Information: 0 : 1488, 1, 2024/07/17, 18:32:49.279, 27658856697228, vstest.console.dll, RunTestsArgumentProcessor:Execute: Test run is completed.
TpTrace Verbose: 0 : 1488, 7, 2024/07/17, 18:32:49.279, 27658856698751, vstest.console.dll, MulticastDelegateUtilities.SafeInvoke: LengthPrefixCommunicationChannel: MessageReceived: Invoking callback 1/1 for Microsoft.VisualStudio.TestPlatform.CommunicationUtilities.TestRequestSender+<>c__DisplayClass34_0., took 133 ms.
TpTrace Information: 0 : 1488, 7, 2024/07/17, 18:32:49.280, 27658856702420, vstest.console.dll, SocketServer.PrivateStop: Stopping server endPoint: 127.0.0.1:56538 error: 
TpTrace Verbose: 0 : 1488, 1, 2024/07/17, 18:32:49.280, 27658856702434, vstest.console.dll, Executor.Execute: Exiting with exit code of 1
