<?xml version="1.0" encoding="utf-8"?>
<coverage line-rate="0.7202" branch-rate="0.2291" version="1.9" timestamp="1721251969" lines-covered="677" lines-valid="940" branches-covered="11" branches-valid="48">
  <sources>
    <source>C:\Users\Tincho\</source>
  </sources>
  <packages>
    <package name="SneakerCollectionAPI" line-rate="0.4841" branch-rate="0.2291" complexity="162">
      <classes>
        <class name="AuthController" filename="source\repos\SNEAKER-COLLECTION\SneakerCollectionAPI\Controllers\AuthController.cs" line-rate="0" branch-rate="1" complexity="2">
          <methods>
            <method name="GenerateJwtToken" signature="(SneakerCollectionAPI.Domain.Entities.User)" line-rate="0" branch-rate="1" complexity="1">
              <lines>
                <line number="41" hits="0" branch="False" />
                <line number="42" hits="0" branch="False" />
                <line number="43" hits="0" branch="False" />
                <line number="45" hits="0" branch="False" />
                <line number="46" hits="0" branch="False" />
                <line number="47" hits="0" branch="False" />
                <line number="48" hits="0" branch="False" />
                <line number="49" hits="0" branch="False" />
                <line number="50" hits="0" branch="False" />
                <line number="51" hits="0" branch="False" />
                <line number="52" hits="0" branch="False" />
                <line number="53" hits="0" branch="False" />
                <line number="54" hits="0" branch="False" />
                <line number="55" hits="0" branch="False" />
                <line number="57" hits="0" branch="False" />
                <line number="58" hits="0" branch="False" />
              </lines>
            </method>
            <method name=".ctor" signature="(Microsoft.Extensions.Configuration.IConfiguration,MediatR.IMediator)" line-rate="0" branch-rate="1" complexity="1">
              <lines>
                <line number="19" hits="0" branch="False" />
                <line number="20" hits="0" branch="False" />
                <line number="21" hits="0" branch="False" />
                <line number="22" hits="0" branch="False" />
                <line number="23" hits="0" branch="False" />
              </lines>
            </method>
          </methods>
          <lines>
            <line number="41" hits="0" branch="False" />
            <line number="42" hits="0" branch="False" />
            <line number="43" hits="0" branch="False" />
            <line number="45" hits="0" branch="False" />
            <line number="46" hits="0" branch="False" />
            <line number="47" hits="0" branch="False" />
            <line number="48" hits="0" branch="False" />
            <line number="49" hits="0" branch="False" />
            <line number="50" hits="0" branch="False" />
            <line number="51" hits="0" branch="False" />
            <line number="52" hits="0" branch="False" />
            <line number="53" hits="0" branch="False" />
            <line number="54" hits="0" branch="False" />
            <line number="55" hits="0" branch="False" />
            <line number="57" hits="0" branch="False" />
            <line number="58" hits="0" branch="False" />
            <line number="19" hits="0" branch="False" />
            <line number="20" hits="0" branch="False" />
            <line number="21" hits="0" branch="False" />
            <line number="22" hits="0" branch="False" />
            <line number="23" hits="0" branch="False" />
          </lines>
        </class>
        <class name="AuthController/&lt;Login&gt;d__3" filename="source\repos\SNEAKER-COLLECTION\SneakerCollectionAPI\Controllers\AuthController.cs" line-rate="0" branch-rate="0" complexity="2">
          <methods>
            <method name="MoveNext" signature="()" line-rate="0" branch-rate="0" complexity="2">
              <lines>
                <line number="27" hits="0" branch="False" />
                <line number="28" hits="0" branch="False" />
                <line number="29" hits="0" branch="False" />
                <line number="31" hits="0" branch="True" condition-coverage="0% (0/2)">
                  <conditions>
                    <condition number="207" type="jump" coverage="0%" />
                  </conditions>
                </line>
                <line number="32" hits="0" branch="False" />
                <line number="33" hits="0" branch="False" />
                <line number="34" hits="0" branch="False" />
                <line number="37" hits="0" branch="False" />
                <line number="38" hits="0" branch="False" />
              </lines>
            </method>
          </methods>
          <lines>
            <line number="27" hits="0" branch="False" />
            <line number="28" hits="0" branch="False" />
            <line number="29" hits="0" branch="False" />
            <line number="31" hits="0" branch="True" condition-coverage="0% (0/2)">
              <conditions>
                <condition number="207" type="jump" coverage="0%" />
              </conditions>
            </line>
            <line number="32" hits="0" branch="False" />
            <line number="33" hits="0" branch="False" />
            <line number="34" hits="0" branch="False" />
            <line number="37" hits="0" branch="False" />
            <line number="38" hits="0" branch="False" />
          </lines>
        </class>
        <class name="LoginModel" filename="source\repos\SNEAKER-COLLECTION\SneakerCollectionAPI\Controllers\AuthController.cs" line-rate="0" branch-rate="1" complexity="2">
          <methods>
            <method name="get_Email" signature="()" line-rate="0" branch-rate="1" complexity="1">
              <lines>
                <line number="63" hits="0" branch="False" />
              </lines>
            </method>
            <method name="get_Password" signature="()" line-rate="0" branch-rate="1" complexity="1">
              <lines>
                <line number="64" hits="0" branch="False" />
              </lines>
            </method>
          </methods>
          <lines>
            <line number="63" hits="0" branch="False" />
            <line number="64" hits="0" branch="False" />
          </lines>
        </class>
        <class name="Program" filename="source\repos\SNEAKER-COLLECTION\SneakerCollectionAPI\Program.cs" line-rate="1" branch-rate="1" complexity="1">
          <methods>
            <method name="&lt;Main&gt;$" signature="(System.String[])" line-rate="1" branch-rate="1" complexity="1">
              <lines>
                <line number="14" hits="24" branch="False" />
                <line number="16" hits="48" branch="False" />
                <line number="17" hits="24" branch="False" />
                <line number="18" hits="24" branch="False" />
                <line number="22" hits="24" branch="False" />
                <line number="25" hits="48" branch="False" />
                <line number="27" hits="24" branch="False" />
                <line number="32" hits="24" branch="False" />
                <line number="33" hits="53" branch="False" />
                <line number="37" hits="24" branch="False" />
                <line number="40" hits="24" branch="False" />
                <line number="41" hits="24" branch="False" />
                <line number="42" hits="24" branch="False" />
                <line number="43" hits="24" branch="False" />
                <line number="44" hits="24" branch="False" />
                <line number="45" hits="24" branch="False" />
                <line number="46" hits="24" branch="False" />
                <line number="47" hits="24" branch="False" />
                <line number="48" hits="24" branch="False" />
                <line number="49" hits="24" branch="False" />
                <line number="50" hits="24" branch="False" />
                <line number="51" hits="24" branch="False" />
                <line number="52" hits="24" branch="False" />
                <line number="53" hits="24" branch="False" />
                <line number="54" hits="48" branch="False" />
                <line number="56" hits="24" branch="False" />
                <line number="57" hits="24" branch="False" />
                <line number="58" hits="24" branch="False" />
                <line number="59" hits="24" branch="False" />
                <line number="60" hits="24" branch="False" />
                <line number="61" hits="24" branch="False" />
                <line number="62" hits="24" branch="False" />
                <line number="63" hits="24" branch="False" />
                <line number="64" hits="24" branch="False" />
                <line number="65" hits="24" branch="False" />
                <line number="66" hits="24" branch="False" />
                <line number="67" hits="24" branch="False" />
                <line number="68" hits="24" branch="False" />
                <line number="69" hits="24" branch="False" />
                <line number="70" hits="24" branch="False" />
                <line number="71" hits="24" branch="False" />
                <line number="72" hits="24" branch="False" />
                <line number="73" hits="24" branch="False" />
                <line number="74" hits="24" branch="False" />
                <line number="75" hits="24" branch="False" />
                <line number="76" hits="24" branch="False" />
                <line number="77" hits="24" branch="False" />
                <line number="78" hits="24" branch="False" />
                <line number="79" hits="24" branch="False" />
                <line number="80" hits="24" branch="False" />
                <line number="81" hits="24" branch="False" />
                <line number="82" hits="24" branch="False" />
                <line number="83" hits="24" branch="False" />
                <line number="84" hits="48" branch="False" />
                <line number="87" hits="24" branch="False" />
                <line number="88" hits="24" branch="False" />
                <line number="91" hits="48" branch="False" />
                <line number="93" hits="24" branch="False" />
                <line number="97" hits="24" branch="False" />
                <line number="98" hits="24" branch="False" />
                <line number="99" hits="24" branch="False" />
                <line number="101" hits="24" branch="False" />
                <line number="103" hits="24" branch="False" />
                <line number="104" hits="24" branch="False" />
                <line number="105" hits="24" branch="False" />
                <line number="106" hits="24" branch="False" />
                <line number="107" hits="24" branch="False" />
                <line number="108" hits="24" branch="False" />
                <line number="109" hits="24" branch="False" />
                <line number="110" hits="24" branch="False" />
                <line number="111" hits="24" branch="False" />
                <line number="112" hits="24" branch="False" />
                <line number="113" hits="24" branch="False" />
                <line number="114" hits="48" branch="False" />
                <line number="117" hits="24" branch="False" />
                <line number="119" hits="24" branch="False" />
                <line number="120" hits="24" branch="False" />
                <line number="122" hits="24" branch="False" />
                <line number="124" hits="24" branch="False" />
              </lines>
            </method>
          </methods>
          <lines>
            <line number="14" hits="24" branch="False" />
            <line number="16" hits="48" branch="False" />
            <line number="17" hits="24" branch="False" />
            <line number="18" hits="24" branch="False" />
            <line number="22" hits="24" branch="False" />
            <line number="25" hits="48" branch="False" />
            <line number="27" hits="24" branch="False" />
            <line number="32" hits="24" branch="False" />
            <line number="33" hits="53" branch="False" />
            <line number="37" hits="24" branch="False" />
            <line number="40" hits="24" branch="False" />
            <line number="41" hits="24" branch="False" />
            <line number="42" hits="24" branch="False" />
            <line number="43" hits="24" branch="False" />
            <line number="44" hits="24" branch="False" />
            <line number="45" hits="24" branch="False" />
            <line number="46" hits="24" branch="False" />
            <line number="47" hits="24" branch="False" />
            <line number="48" hits="24" branch="False" />
            <line number="49" hits="24" branch="False" />
            <line number="50" hits="24" branch="False" />
            <line number="51" hits="24" branch="False" />
            <line number="52" hits="24" branch="False" />
            <line number="53" hits="24" branch="False" />
            <line number="54" hits="48" branch="False" />
            <line number="56" hits="24" branch="False" />
            <line number="57" hits="24" branch="False" />
            <line number="58" hits="24" branch="False" />
            <line number="59" hits="24" branch="False" />
            <line number="60" hits="24" branch="False" />
            <line number="61" hits="24" branch="False" />
            <line number="62" hits="24" branch="False" />
            <line number="63" hits="24" branch="False" />
            <line number="64" hits="24" branch="False" />
            <line number="65" hits="24" branch="False" />
            <line number="66" hits="24" branch="False" />
            <line number="67" hits="24" branch="False" />
            <line number="68" hits="24" branch="False" />
            <line number="69" hits="24" branch="False" />
            <line number="70" hits="24" branch="False" />
            <line number="71" hits="24" branch="False" />
            <line number="72" hits="24" branch="False" />
            <line number="73" hits="24" branch="False" />
            <line number="74" hits="24" branch="False" />
            <line number="75" hits="24" branch="False" />
            <line number="76" hits="24" branch="False" />
            <line number="77" hits="24" branch="False" />
            <line number="78" hits="24" branch="False" />
            <line number="79" hits="24" branch="False" />
            <line number="80" hits="24" branch="False" />
            <line number="81" hits="24" branch="False" />
            <line number="82" hits="24" branch="False" />
            <line number="83" hits="24" branch="False" />
            <line number="84" hits="48" branch="False" />
            <line number="87" hits="24" branch="False" />
            <line number="88" hits="24" branch="False" />
            <line number="91" hits="48" branch="False" />
            <line number="93" hits="24" branch="False" />
            <line number="97" hits="24" branch="False" />
            <line number="98" hits="24" branch="False" />
            <line number="99" hits="24" branch="False" />
            <line number="101" hits="24" branch="False" />
            <line number="103" hits="24" branch="False" />
            <line number="104" hits="24" branch="False" />
            <line number="105" hits="24" branch="False" />
            <line number="106" hits="24" branch="False" />
            <line number="107" hits="24" branch="False" />
            <line number="108" hits="24" branch="False" />
            <line number="109" hits="24" branch="False" />
            <line number="110" hits="24" branch="False" />
            <line number="111" hits="24" branch="False" />
            <line number="112" hits="24" branch="False" />
            <line number="113" hits="24" branch="False" />
            <line number="114" hits="48" branch="False" />
            <line number="117" hits="24" branch="False" />
            <line number="119" hits="24" branch="False" />
            <line number="120" hits="24" branch="False" />
            <line number="122" hits="24" branch="False" />
            <line number="124" hits="24" branch="False" />
          </lines>
        </class>
        <class name="SneakerCollectionAPI.AuthSettings" filename="source\repos\SNEAKER-COLLECTION\SneakerCollectionAPI\AuthSettings.cs" line-rate="1" branch-rate="1" complexity="3">
          <methods>
            <method name="get_SecretKey" signature="()" line-rate="1" branch-rate="1" complexity="1">
              <lines>
                <line number="5" hits="48" branch="False" />
              </lines>
            </method>
            <method name="get_Issuer" signature="()" line-rate="1" branch-rate="1" complexity="1">
              <lines>
                <line number="6" hits="48" branch="False" />
              </lines>
            </method>
            <method name="get_Audience" signature="()" line-rate="1" branch-rate="1" complexity="1">
              <lines>
                <line number="7" hits="48" branch="False" />
              </lines>
            </method>
          </methods>
          <lines>
            <line number="5" hits="48" branch="False" />
            <line number="6" hits="48" branch="False" />
            <line number="7" hits="48" branch="False" />
          </lines>
        </class>
        <class name="SneakerCollectionAPI.DataBaseSettings" filename="source\repos\SNEAKER-COLLECTION\SneakerCollectionAPI\DataBaseSettings.cs" line-rate="1" branch-rate="1" complexity="1">
          <methods>
            <method name="get_DefaultConnection" signature="()" line-rate="1" branch-rate="1" complexity="1">
              <lines>
                <line number="5" hits="53" branch="False" />
              </lines>
            </method>
          </methods>
          <lines>
            <line number="5" hits="53" branch="False" />
          </lines>
        </class>
        <class name="SneakerCollectionAPI.WeatherForecast" filename="source\repos\SNEAKER-COLLECTION\SneakerCollectionAPI\WeatherForecast.cs" line-rate="0" branch-rate="1" complexity="4">
          <methods>
            <method name="get_Date" signature="()" line-rate="0" branch-rate="1" complexity="1">
              <lines>
                <line number="5" hits="0" branch="False" />
              </lines>
            </method>
            <method name="get_TemperatureC" signature="()" line-rate="0" branch-rate="1" complexity="1">
              <lines>
                <line number="7" hits="0" branch="False" />
              </lines>
            </method>
            <method name="get_TemperatureF" signature="()" line-rate="0" branch-rate="1" complexity="1">
              <lines>
                <line number="9" hits="0" branch="False" />
              </lines>
            </method>
            <method name="get_Summary" signature="()" line-rate="0" branch-rate="1" complexity="1">
              <lines>
                <line number="11" hits="0" branch="False" />
              </lines>
            </method>
          </methods>
          <lines>
            <line number="5" hits="0" branch="False" />
            <line number="7" hits="0" branch="False" />
            <line number="9" hits="0" branch="False" />
            <line number="11" hits="0" branch="False" />
          </lines>
        </class>
        <class name="SneakerCollectionAPI.Middlewares.Validators.ValidationFilterAttribute" filename="source\repos\SNEAKER-COLLECTION\SneakerCollectionAPI\Filters\Validators\ValidationFilterAttribute.cs" line-rate="1" branch-rate="1" complexity="3">
          <methods>
            <method name="OnActionExecuting" signature="(Microsoft.AspNetCore.Mvc.Filters.ActionExecutingContext)" line-rate="1" branch-rate="1" complexity="2">
              <lines>
                <line number="14" hits="21" branch="False" />
                <line number="15" hits="21" branch="True" condition-coverage="100% (2/2)">
                  <conditions>
                    <condition number="17" type="jump" coverage="100%" />
                  </conditions>
                </line>
                <line number="16" hits="19" branch="False" />
                <line number="17" hits="19" branch="False" />
                <line number="19" hits="2" branch="False" />
              </lines>
            </method>
            <method name="OnActionExecuted" signature="(Microsoft.AspNetCore.Mvc.Filters.ActionExecutedContext)" line-rate="1" branch-rate="1" complexity="1">
              <lines>
                <line number="20" hits="4" branch="False" />
              </lines>
            </method>
          </methods>
          <lines>
            <line number="14" hits="21" branch="False" />
            <line number="15" hits="21" branch="True" condition-coverage="100% (2/2)">
              <conditions>
                <condition number="17" type="jump" coverage="100%" />
              </conditions>
            </line>
            <line number="16" hits="19" branch="False" />
            <line number="17" hits="19" branch="False" />
            <line number="19" hits="2" branch="False" />
            <line number="20" hits="4" branch="False" />
          </lines>
        </class>
        <class name="SneakerCollectionAPI.Filters.Validators.SneakerOwnershipFilter" filename="source\repos\SNEAKER-COLLECTION\SneakerCollectionAPI\Filters\Validators\SneakerOwnershipFilter.cs" line-rate="1" branch-rate="1" complexity="1">
          <methods>
            <method name=".ctor" signature="(MediatR.IMediator)" line-rate="1" branch-rate="1" complexity="1">
              <lines>
                <line number="15" hits="11" branch="False" />
                <line number="16" hits="11" branch="False" />
                <line number="17" hits="11" branch="False" />
                <line number="18" hits="11" branch="False" />
              </lines>
            </method>
          </methods>
          <lines>
            <line number="15" hits="11" branch="False" />
            <line number="16" hits="11" branch="False" />
            <line number="17" hits="11" branch="False" />
            <line number="18" hits="11" branch="False" />
          </lines>
        </class>
        <class name="SneakerCollectionAPI.Filters.Validators.SneakerOwnershipFilter/&lt;OnActionExecutionAsync&gt;d__2" filename="source\repos\SNEAKER-COLLECTION\SneakerCollectionAPI\Filters\Validators\SneakerOwnershipFilter.cs" line-rate="0.5" branch-rate="0.375" complexity="16">
          <methods>
            <method name="MoveNext" signature="()" line-rate="0.5" branch-rate="0.375" complexity="16">
              <lines>
                <line number="21" hits="3" branch="False" />
                <line number="22" hits="3" branch="True" condition-coverage="50% (3/6)">
                  <conditions>
                    <condition number="56" type="jump" coverage="50%" />
                    <condition number="69" type="jump" coverage="50%" />
                    <condition number="97" type="jump" coverage="50%" />
                  </conditions>
                </line>
                <line number="23" hits="3" branch="False" />
                <line number="24" hits="3" branch="True" condition-coverage="50% (1/2)">
                  <conditions>
                    <condition number="131" type="jump" coverage="50%" />
                  </conditions>
                </line>
                <line number="25" hits="3" branch="True" condition-coverage="50% (1/2)">
                  <conditions>
                    <condition number="175" type="jump" coverage="50%" />
                  </conditions>
                </line>
                <line number="27" hits="3" branch="False" />
                <line number="29" hits="3" branch="True" condition-coverage="50% (1/2)">
                  <conditions>
                    <condition number="355" type="jump" coverage="50%" />
                  </conditions>
                </line>
                <line number="30" hits="3" branch="False" />
                <line number="31" hits="3" branch="False" />
                <line number="32" hits="3" branch="False" />
                <line number="35" hits="0" branch="True" condition-coverage="0% (0/2)">
                  <conditions>
                    <condition number="411" type="jump" coverage="0%" />
                  </conditions>
                </line>
                <line number="36" hits="0" branch="False" />
                <line number="37" hits="0" branch="True" condition-coverage="0% (0/2)">
                  <conditions>
                    <condition number="449" type="jump" coverage="0%" />
                  </conditions>
                </line>
                <line number="38" hits="0" branch="False" />
                <line number="39" hits="0" branch="False" />
                <line number="41" hits="0" branch="False" />
                <line number="43" hits="0" branch="False" />
                <line number="45" hits="0" branch="False" />
                <line number="46" hits="0" branch="False" />
                <line number="47" hits="0" branch="False" />
                <line number="50" hits="0" branch="False" />
                <line number="51" hits="3" branch="False" />
              </lines>
            </method>
          </methods>
          <lines>
            <line number="21" hits="3" branch="False" />
            <line number="22" hits="3" branch="True" condition-coverage="50% (3/6)">
              <conditions>
                <condition number="56" type="jump" coverage="50%" />
                <condition number="69" type="jump" coverage="50%" />
                <condition number="97" type="jump" coverage="50%" />
              </conditions>
            </line>
            <line number="23" hits="3" branch="False" />
            <line number="24" hits="3" branch="True" condition-coverage="50% (1/2)">
              <conditions>
                <condition number="131" type="jump" coverage="50%" />
              </conditions>
            </line>
            <line number="25" hits="3" branch="True" condition-coverage="50% (1/2)">
              <conditions>
                <condition number="175" type="jump" coverage="50%" />
              </conditions>
            </line>
            <line number="27" hits="3" branch="False" />
            <line number="29" hits="3" branch="True" condition-coverage="50% (1/2)">
              <conditions>
                <condition number="355" type="jump" coverage="50%" />
              </conditions>
            </line>
            <line number="30" hits="3" branch="False" />
            <line number="31" hits="3" branch="False" />
            <line number="32" hits="3" branch="False" />
            <line number="35" hits="0" branch="True" condition-coverage="0% (0/2)">
              <conditions>
                <condition number="411" type="jump" coverage="0%" />
              </conditions>
            </line>
            <line number="36" hits="0" branch="False" />
            <line number="37" hits="0" branch="True" condition-coverage="0% (0/2)">
              <conditions>
                <condition number="449" type="jump" coverage="0%" />
              </conditions>
            </line>
            <line number="38" hits="0" branch="False" />
            <line number="39" hits="0" branch="False" />
            <line number="41" hits="0" branch="False" />
            <line number="43" hits="0" branch="False" />
            <line number="45" hits="0" branch="False" />
            <line number="46" hits="0" branch="False" />
            <line number="47" hits="0" branch="False" />
            <line number="50" hits="0" branch="False" />
            <line number="51" hits="3" branch="False" />
          </lines>
        </class>
        <class name="SneakerCollectionAPI.Filters.Exceptions.ExceptionFilter" filename="source\repos\SNEAKER-COLLECTION\SneakerCollectionAPI\Filters\Exceptions\ExceptionFilter.cs" line-rate="0.7058" branch-rate="0.25" complexity="4">
          <methods>
            <method name="OnException" signature="(Microsoft.AspNetCore.Mvc.Filters.ExceptionContext)" line-rate="0.7058" branch-rate="0.25" complexity="4">
              <lines>
                <line number="12" hits="19" branch="False" />
                <line number="13" hits="19" branch="False" />
                <line number="14" hits="19" branch="False" />
                <line number="15" hits="19" branch="False" />
                <line number="16" hits="19" branch="False" />
                <line number="17" hits="19" branch="False" />
                <line number="18" hits="19" branch="False" />
                <line number="21" hits="19" branch="True" condition-coverage="50% (1/2)">
                  <conditions>
                    <condition number="81" type="jump" coverage="50%" />
                  </conditions>
                </line>
                <line number="22" hits="19" branch="False" />
                <line number="23" hits="19" branch="False" />
                <line number="24" hits="19" branch="False" />
                <line number="26" hits="0" branch="True" condition-coverage="0% (0/2)">
                  <conditions>
                    <condition number="132" type="jump" coverage="0%" />
                  </conditions>
                </line>
                <line number="27" hits="0" branch="False" />
                <line number="28" hits="0" branch="False" />
                <line number="29" hits="0" branch="False" />
                <line number="32" hits="0" branch="False" />
                <line number="33" hits="19" branch="False" />
              </lines>
            </method>
          </methods>
          <lines>
            <line number="12" hits="19" branch="False" />
            <line number="13" hits="19" branch="False" />
            <line number="14" hits="19" branch="False" />
            <line number="15" hits="19" branch="False" />
            <line number="16" hits="19" branch="False" />
            <line number="17" hits="19" branch="False" />
            <line number="18" hits="19" branch="False" />
            <line number="21" hits="19" branch="True" condition-coverage="50% (1/2)">
              <conditions>
                <condition number="81" type="jump" coverage="50%" />
              </conditions>
            </line>
            <line number="22" hits="19" branch="False" />
            <line number="23" hits="19" branch="False" />
            <line number="24" hits="19" branch="False" />
            <line number="26" hits="0" branch="True" condition-coverage="0% (0/2)">
              <conditions>
                <condition number="132" type="jump" coverage="0%" />
              </conditions>
            </line>
            <line number="27" hits="0" branch="False" />
            <line number="28" hits="0" branch="False" />
            <line number="29" hits="0" branch="False" />
            <line number="32" hits="0" branch="False" />
            <line number="33" hits="19" branch="False" />
          </lines>
        </class>
        <class name="SneakerCollectionAPI.Domain.Entities.Sneaker" filename="source\repos\SNEAKER-COLLECTION\SneakerCollectionAPI\Domain\Entities\Sneaker.cs" line-rate="1" branch-rate="1" complexity="9">
          <methods>
            <method name="get_Id" signature="()" line-rate="1" branch-rate="1" complexity="1">
              <lines>
                <line number="9" hits="2" branch="False" />
              </lines>
            </method>
            <method name="get_Name" signature="()" line-rate="1" branch-rate="1" complexity="1">
              <lines>
                <line number="12" hits="2" branch="False" />
              </lines>
            </method>
            <method name="get_Brand" signature="()" line-rate="1" branch-rate="1" complexity="1">
              <lines>
                <line number="15" hits="2" branch="False" />
              </lines>
            </method>
            <method name="get_Price" signature="()" line-rate="1" branch-rate="1" complexity="1">
              <lines>
                <line number="18" hits="2" branch="False" />
              </lines>
            </method>
            <method name="get_Size" signature="()" line-rate="1" branch-rate="1" complexity="1">
              <lines>
                <line number="21" hits="2" branch="False" />
              </lines>
            </method>
            <method name="get_Year" signature="()" line-rate="1" branch-rate="1" complexity="1">
              <lines>
                <line number="24" hits="2" branch="False" />
              </lines>
            </method>
            <method name="get_Rate" signature="()" line-rate="1" branch-rate="1" complexity="1">
              <lines>
                <line number="27" hits="2" branch="False" />
              </lines>
            </method>
            <method name="get_UserId" signature="()" line-rate="1" branch-rate="1" complexity="1">
              <lines>
                <line number="31" hits="2" branch="False" />
              </lines>
            </method>
            <method name="get_User" signature="()" line-rate="1" branch-rate="1" complexity="1">
              <lines>
                <line number="35" hits="1" branch="False" />
              </lines>
            </method>
          </methods>
          <lines>
            <line number="9" hits="2" branch="False" />
            <line number="12" hits="2" branch="False" />
            <line number="15" hits="2" branch="False" />
            <line number="18" hits="2" branch="False" />
            <line number="21" hits="2" branch="False" />
            <line number="24" hits="2" branch="False" />
            <line number="27" hits="2" branch="False" />
            <line number="31" hits="2" branch="False" />
            <line number="35" hits="1" branch="False" />
          </lines>
        </class>
        <class name="SneakerCollectionAPI.Domain.Entities.User" filename="source\repos\SNEAKER-COLLECTION\SneakerCollectionAPI\Domain\Entities\User.cs" line-rate="1" branch-rate="1" complexity="5">
          <methods>
            <method name="get_Id" signature="()" line-rate="1" branch-rate="1" complexity="1">
              <lines>
                <line number="10" hits="40" branch="False" />
              </lines>
            </method>
            <method name="get_Email" signature="()" line-rate="1" branch-rate="1" complexity="1">
              <lines>
                <line number="13" hits="21" branch="False" />
              </lines>
            </method>
            <method name="get_Password" signature="()" line-rate="1" branch-rate="1" complexity="1">
              <lines>
                <line number="16" hits="21" branch="False" />
              </lines>
            </method>
            <method name="get_Role" signature="()" line-rate="1" branch-rate="1" complexity="1">
              <lines>
                <line number="19" hits="40" branch="False" />
              </lines>
            </method>
            <method name="get_Sneakers" signature="()" line-rate="1" branch-rate="1" complexity="1">
              <lines>
                <line number="22" hits="21" branch="False" />
              </lines>
            </method>
          </methods>
          <lines>
            <line number="10" hits="40" branch="False" />
            <line number="13" hits="21" branch="False" />
            <line number="16" hits="21" branch="False" />
            <line number="19" hits="40" branch="False" />
            <line number="22" hits="21" branch="False" />
          </lines>
        </class>
        <class name="SneakerCollectionAPI.Domain.DTOs.GetPaginatedSneakersInputDto" filename="source\repos\SNEAKER-COLLECTION\SneakerCollectionAPI\Domain\DTOs\GetPaginatedSneakersInputDto.cs" line-rate="0" branch-rate="1" complexity="2">
          <methods>
            <method name="get_PageNumber" signature="()" line-rate="0" branch-rate="1" complexity="1">
              <lines>
                <line number="5" hits="0" branch="False" />
              </lines>
            </method>
            <method name="get_PageSize" signature="()" line-rate="0" branch-rate="1" complexity="1">
              <lines>
                <line number="6" hits="0" branch="False" />
              </lines>
            </method>
          </methods>
          <lines>
            <line number="5" hits="0" branch="False" />
            <line number="6" hits="0" branch="False" />
          </lines>
        </class>
        <class name="SneakerCollectionAPI.Domain.DTOs.NewSneakerInputDto" filename="source\repos\SNEAKER-COLLECTION\SneakerCollectionAPI\Domain\DTOs\NewSneakerInputDto.cs" line-rate="1" branch-rate="1" complexity="6">
          <methods>
            <method name="get_Name" signature="()" line-rate="1" branch-rate="1" complexity="1">
              <lines>
                <line number="10" hits="19" branch="False" />
              </lines>
            </method>
            <method name="get_Brand" signature="()" line-rate="1" branch-rate="1" complexity="1">
              <lines>
                <line number="13" hits="19" branch="False" />
              </lines>
            </method>
            <method name="get_Price" signature="()" line-rate="1" branch-rate="1" complexity="1">
              <lines>
                <line number="17" hits="19" branch="False" />
              </lines>
            </method>
            <method name="get_Size" signature="()" line-rate="1" branch-rate="1" complexity="1">
              <lines>
                <line number="21" hits="19" branch="False" />
              </lines>
            </method>
            <method name="get_Year" signature="()" line-rate="1" branch-rate="1" complexity="1">
              <lines>
                <line number="25" hits="19" branch="False" />
              </lines>
            </method>
            <method name="get_Rate" signature="()" line-rate="1" branch-rate="1" complexity="1">
              <lines>
                <line number="29" hits="19" branch="False" />
              </lines>
            </method>
          </methods>
          <lines>
            <line number="10" hits="19" branch="False" />
            <line number="13" hits="19" branch="False" />
            <line number="17" hits="19" branch="False" />
            <line number="21" hits="19" branch="False" />
            <line number="25" hits="19" branch="False" />
            <line number="29" hits="19" branch="False" />
          </lines>
        </class>
        <class name="SneakerCollectionAPI.Domain.DTOs.NewUserInputDto" filename="source\repos\SNEAKER-COLLECTION\SneakerCollectionAPI\Domain\DTOs\NewUserInputDto.cs" line-rate="1" branch-rate="1" complexity="2">
          <methods>
            <method name="get_Email" signature="()" line-rate="1" branch-rate="1" complexity="1">
              <lines>
                <line number="9" hits="11" branch="False" />
              </lines>
            </method>
            <method name="get_Password" signature="()" line-rate="1" branch-rate="1" complexity="1">
              <lines>
                <line number="13" hits="11" branch="False" />
              </lines>
            </method>
          </methods>
          <lines>
            <line number="9" hits="11" branch="False" />
            <line number="13" hits="11" branch="False" />
          </lines>
        </class>
        <class name="SneakerCollectionAPI.Domain.DTOs.PaginatedSneakerResponse" filename="source\repos\SNEAKER-COLLECTION\SneakerCollectionAPI\Domain\DTOs\PaginatedSneakerResponseDto.cs" line-rate="0" branch-rate="1" complexity="3">
          <methods>
            <method name="get_Sneakers" signature="()" line-rate="0" branch-rate="1" complexity="1">
              <lines>
                <line number="5" hits="0" branch="False" />
              </lines>
            </method>
            <method name="get_TotalPages" signature="()" line-rate="0" branch-rate="1" complexity="1">
              <lines>
                <line number="6" hits="0" branch="False" />
              </lines>
            </method>
            <method name="get_TotalCount" signature="()" line-rate="0" branch-rate="1" complexity="1">
              <lines>
                <line number="7" hits="0" branch="False" />
              </lines>
            </method>
          </methods>
          <lines>
            <line number="5" hits="0" branch="False" />
            <line number="6" hits="0" branch="False" />
            <line number="7" hits="0" branch="False" />
          </lines>
        </class>
        <class name="SneakerCollectionAPI.Domain.DTOs.SneakerDto" filename="source\repos\SNEAKER-COLLECTION\SneakerCollectionAPI\Domain\DTOs\SneakerDto.cs" line-rate="0" branch-rate="1" complexity="8">
          <methods>
            <method name="get_Id" signature="()" line-rate="0" branch-rate="1" complexity="1">
              <lines>
                <line number="8" hits="0" branch="False" />
              </lines>
            </method>
            <method name="get_Name" signature="()" line-rate="0" branch-rate="1" complexity="1">
              <lines>
                <line number="9" hits="0" branch="False" />
              </lines>
            </method>
            <method name="get_Brand" signature="()" line-rate="0" branch-rate="1" complexity="1">
              <lines>
                <line number="10" hits="0" branch="False" />
              </lines>
            </method>
            <method name="get_Price" signature="()" line-rate="0" branch-rate="1" complexity="1">
              <lines>
                <line number="11" hits="0" branch="False" />
              </lines>
            </method>
            <method name="get_Size" signature="()" line-rate="0" branch-rate="1" complexity="1">
              <lines>
                <line number="12" hits="0" branch="False" />
              </lines>
            </method>
            <method name="get_Year" signature="()" line-rate="0" branch-rate="1" complexity="1">
              <lines>
                <line number="14" hits="0" branch="False" />
              </lines>
            </method>
            <method name="get_Rate" signature="()" line-rate="0" branch-rate="1" complexity="1">
              <lines>
                <line number="16" hits="0" branch="False" />
              </lines>
            </method>
            <method name="get_UserId" signature="()" line-rate="0" branch-rate="1" complexity="1">
              <lines>
                <line number="18" hits="0" branch="False" />
              </lines>
            </method>
          </methods>
          <lines>
            <line number="8" hits="0" branch="False" />
            <line number="9" hits="0" branch="False" />
            <line number="10" hits="0" branch="False" />
            <line number="11" hits="0" branch="False" />
            <line number="12" hits="0" branch="False" />
            <line number="14" hits="0" branch="False" />
            <line number="16" hits="0" branch="False" />
            <line number="18" hits="0" branch="False" />
          </lines>
        </class>
        <class name="SneakerCollectionAPI.Domain.DTOs.UpdateSneakerInputDto" filename="source\repos\SNEAKER-COLLECTION\SneakerCollectionAPI\Domain\DTOs\UpdateSneakerInputDto.cs" line-rate="1" branch-rate="1" complexity="7">
          <methods>
            <method name="get_Id" signature="()" line-rate="1" branch-rate="1" complexity="1">
              <lines>
                <line number="9" hits="32" branch="False" />
              </lines>
            </method>
            <method name="get_Name" signature="()" line-rate="1" branch-rate="1" complexity="1">
              <lines>
                <line number="12" hits="32" branch="False" />
              </lines>
            </method>
            <method name="get_Brand" signature="()" line-rate="1" branch-rate="1" complexity="1">
              <lines>
                <line number="15" hits="32" branch="False" />
              </lines>
            </method>
            <method name="get_Price" signature="()" line-rate="1" branch-rate="1" complexity="1">
              <lines>
                <line number="19" hits="32" branch="False" />
              </lines>
            </method>
            <method name="get_Size" signature="()" line-rate="1" branch-rate="1" complexity="1">
              <lines>
                <line number="23" hits="32" branch="False" />
              </lines>
            </method>
            <method name="get_Year" signature="()" line-rate="1" branch-rate="1" complexity="1">
              <lines>
                <line number="27" hits="32" branch="False" />
              </lines>
            </method>
            <method name="get_Rate" signature="()" line-rate="1" branch-rate="1" complexity="1">
              <lines>
                <line number="31" hits="28" branch="False" />
              </lines>
            </method>
          </methods>
          <lines>
            <line number="9" hits="32" branch="False" />
            <line number="12" hits="32" branch="False" />
            <line number="15" hits="32" branch="False" />
            <line number="19" hits="32" branch="False" />
            <line number="23" hits="32" branch="False" />
            <line number="27" hits="32" branch="False" />
            <line number="31" hits="28" branch="False" />
          </lines>
        </class>
        <class name="SneakerCollectionAPI.Domain.DTOs.UserDto" filename="source\repos\SNEAKER-COLLECTION\SneakerCollectionAPI\Domain\DTOs\UserDto.cs" line-rate="0" branch-rate="1" complexity="4">
          <methods>
            <method name="get_Id" signature="()" line-rate="0" branch-rate="1" complexity="1">
              <lines>
                <line number="10" hits="0" branch="False" />
              </lines>
            </method>
            <method name="get_Email" signature="()" line-rate="0" branch-rate="1" complexity="1">
              <lines>
                <line number="13" hits="0" branch="False" />
              </lines>
            </method>
            <method name="get_Role" signature="()" line-rate="0" branch-rate="1" complexity="1">
              <lines>
                <line number="16" hits="0" branch="False" />
              </lines>
            </method>
            <method name="get_Sneakers" signature="()" line-rate="0" branch-rate="1" complexity="1">
              <lines>
                <line number="19" hits="0" branch="False" />
              </lines>
            </method>
          </methods>
          <lines>
            <line number="10" hits="0" branch="False" />
            <line number="13" hits="0" branch="False" />
            <line number="16" hits="0" branch="False" />
            <line number="19" hits="0" branch="False" />
          </lines>
        </class>
        <class name="SneakerCollectionAPI.DataAccess.SneakerCollectionContext" filename="source\repos\SNEAKER-COLLECTION\SneakerCollectionAPI\DataAccess\SneakerCollectionContext.cs" line-rate="1" branch-rate="1" complexity="4">
          <methods>
            <method name="get_Users" signature="()" line-rate="1" branch-rate="1" complexity="1">
              <lines>
                <line number="12" hits="1" branch="False" />
              </lines>
            </method>
            <method name="get_Sneakers" signature="()" line-rate="1" branch-rate="1" complexity="1">
              <lines>
                <line number="13" hits="33" branch="False" />
              </lines>
            </method>
            <method name="OnModelCreating" signature="(Microsoft.EntityFrameworkCore.ModelBuilder)" line-rate="1" branch-rate="1" complexity="1">
              <lines>
                <line number="16" hits="1" branch="False" />
                <line number="17" hits="1" branch="False" />
                <line number="18" hits="1" branch="False" />
                <line number="19" hits="1" branch="False" />
                <line number="21" hits="1" branch="False" />
                <line number="22" hits="1" branch="False" />
                <line number="23" hits="1" branch="False" />
                <line number="24" hits="1" branch="False" />
                <line number="26" hits="1" branch="False" />
                <line number="27" hits="1" branch="False" />
              </lines>
            </method>
            <method name=".ctor" signature="(Microsoft.EntityFrameworkCore.DbContextOptions`1&lt;SneakerCollectionAPI.DataAccess.SneakerCollectionContext&gt;)" line-rate="1" branch-rate="1" complexity="1">
              <lines>
                <line number="9" hits="29" branch="False" />
                <line number="10" hits="58" branch="False" />
              </lines>
            </method>
          </methods>
          <lines>
            <line number="12" hits="1" branch="False" />
            <line number="13" hits="33" branch="False" />
            <line number="16" hits="1" branch="False" />
            <line number="17" hits="1" branch="False" />
            <line number="18" hits="1" branch="False" />
            <line number="19" hits="1" branch="False" />
            <line number="21" hits="1" branch="False" />
            <line number="22" hits="1" branch="False" />
            <line number="23" hits="1" branch="False" />
            <line number="24" hits="1" branch="False" />
            <line number="26" hits="1" branch="False" />
            <line number="27" hits="1" branch="False" />
            <line number="9" hits="29" branch="False" />
            <line number="10" hits="58" branch="False" />
          </lines>
        </class>
        <class name="SneakerCollectionAPI.DataAccess.UserDataAccess.Queries.GetUsers.GetUserByEmailAndPasswordQuery" filename="source\repos\SNEAKER-COLLECTION\SneakerCollectionAPI\DataAccess\User\Queries\GetUsers\GetUserByEmailAndPasswordQuery.cs" line-rate="0" branch-rate="1" complexity="3">
          <methods>
            <method name="get_Email" signature="()" line-rate="0" branch-rate="1" complexity="1">
              <lines>
                <line number="8" hits="0" branch="False" />
              </lines>
            </method>
            <method name="get_Password" signature="()" line-rate="0" branch-rate="1" complexity="1">
              <lines>
                <line number="9" hits="0" branch="False" />
              </lines>
            </method>
            <method name=".ctor" signature="(System.String,System.String)" line-rate="0" branch-rate="1" complexity="1">
              <lines>
                <line number="6" hits="0" branch="False" />
              </lines>
            </method>
          </methods>
          <lines>
            <line number="8" hits="0" branch="False" />
            <line number="9" hits="0" branch="False" />
            <line number="6" hits="0" branch="False" />
          </lines>
        </class>
        <class name="SneakerCollectionAPI.DataAccess.UserDataAccess.Queries.GetUsers.GetUserByEmailAndPasswordQueryHandler" filename="source\repos\SNEAKER-COLLECTION\SneakerCollectionAPI\DataAccess\User\Queries\GetUsers\GetUserByEmailAndPasswordQueryHandler.cs" line-rate="0" branch-rate="1" complexity="1">
          <methods>
            <method name=".ctor" signature="(SneakerCollectionAPI.DataAccess.SneakerCollectionContext)" line-rate="0" branch-rate="1" complexity="1">
              <lines>
                <line number="11" hits="0" branch="False" />
                <line number="12" hits="0" branch="False" />
                <line number="13" hits="0" branch="False" />
                <line number="14" hits="0" branch="False" />
              </lines>
            </method>
          </methods>
          <lines>
            <line number="11" hits="0" branch="False" />
            <line number="12" hits="0" branch="False" />
            <line number="13" hits="0" branch="False" />
            <line number="14" hits="0" branch="False" />
          </lines>
        </class>
        <class name="SneakerCollectionAPI.DataAccess.UserDataAccess.Queries.GetUsers.GetUserByEmailAndPasswordQueryHandler/&lt;Handle&gt;d__2" filename="source\repos\SNEAKER-COLLECTION\SneakerCollectionAPI\DataAccess\User\Queries\GetUsers\GetUserByEmailAndPasswordQueryHandler.cs" line-rate="0" branch-rate="0" complexity="4">
          <methods>
            <method name="MoveNext" signature="()" line-rate="0" branch-rate="0" complexity="4">
              <lines>
                <line number="17" hits="0" branch="False" />
                <line number="19" hits="0" branch="False" />
                <line number="20" hits="0" branch="False" />
                <line number="23" hits="0" branch="True" condition-coverage="0% (0/4)">
                  <conditions>
                    <condition number="312" type="jump" coverage="0%" />
                    <condition number="353" type="jump" coverage="0%" />
                  </conditions>
                </line>
                <line number="24" hits="0" branch="False" />
                <line number="25" hits="0" branch="False" />
                <line number="28" hits="0" branch="False" />
                <line number="29" hits="0" branch="False" />
              </lines>
            </method>
          </methods>
          <lines>
            <line number="17" hits="0" branch="False" />
            <line number="19" hits="0" branch="False" />
            <line number="20" hits="0" branch="False" />
            <line number="23" hits="0" branch="True" condition-coverage="0% (0/4)">
              <conditions>
                <condition number="312" type="jump" coverage="0%" />
                <condition number="353" type="jump" coverage="0%" />
              </conditions>
            </line>
            <line number="24" hits="0" branch="False" />
            <line number="25" hits="0" branch="False" />
            <line number="28" hits="0" branch="False" />
            <line number="29" hits="0" branch="False" />
          </lines>
        </class>
        <class name="SneakerCollectionAPI.DataAccess.UserDataAccess.Queries.GetUsers.GetUsersQueryHandler" filename="source\repos\SNEAKER-COLLECTION\SneakerCollectionAPI\DataAccess\User\Queries\GetUsers\GetUsersQueryHandler.cs" line-rate="0" branch-rate="1" complexity="1">
          <methods>
            <method name=".ctor" signature="(SneakerCollectionAPI.DataAccess.SneakerCollectionContext)" line-rate="0" branch-rate="1" complexity="1">
              <lines>
                <line number="12" hits="0" branch="False" />
                <line number="13" hits="0" branch="False" />
                <line number="14" hits="0" branch="False" />
                <line number="15" hits="0" branch="False" />
              </lines>
            </method>
          </methods>
          <lines>
            <line number="12" hits="0" branch="False" />
            <line number="13" hits="0" branch="False" />
            <line number="14" hits="0" branch="False" />
            <line number="15" hits="0" branch="False" />
          </lines>
        </class>
        <class name="SneakerCollectionAPI.DataAccess.UserDataAccess.Queries.GetUsers.GetUsersQueryHandler/&lt;Handle&gt;d__2" filename="source\repos\SNEAKER-COLLECTION\SneakerCollectionAPI\DataAccess\User\Queries\GetUsers\GetUsersQueryHandler.cs" line-rate="0" branch-rate="0" complexity="2">
          <methods>
            <method name="MoveNext" signature="()" line-rate="0" branch-rate="0" complexity="2">
              <lines>
                <line number="18" hits="0" branch="False" />
                <line number="19" hits="0" branch="False" />
                <line number="20" hits="0" branch="False" />
                <line number="22" hits="0" branch="True" condition-coverage="0% (0/2)">
                  <conditions>
                    <condition number="277" type="jump" coverage="0%" />
                  </conditions>
                </line>
                <line number="23" hits="0" branch="False" />
                <line number="24" hits="0" branch="False" />
                <line number="25" hits="0" branch="False" />
                <line number="26" hits="0" branch="False" />
                <line number="27" hits="0" branch="False" />
                <line number="28" hits="0" branch="False" />
                <line number="29" hits="0" branch="False" />
                <line number="31" hits="0" branch="False" />
                <line number="32" hits="0" branch="False" />
              </lines>
            </method>
          </methods>
          <lines>
            <line number="18" hits="0" branch="False" />
            <line number="19" hits="0" branch="False" />
            <line number="20" hits="0" branch="False" />
            <line number="22" hits="0" branch="True" condition-coverage="0% (0/2)">
              <conditions>
                <condition number="277" type="jump" coverage="0%" />
              </conditions>
            </line>
            <line number="23" hits="0" branch="False" />
            <line number="24" hits="0" branch="False" />
            <line number="25" hits="0" branch="False" />
            <line number="26" hits="0" branch="False" />
            <line number="27" hits="0" branch="False" />
            <line number="28" hits="0" branch="False" />
            <line number="29" hits="0" branch="False" />
            <line number="31" hits="0" branch="False" />
            <line number="32" hits="0" branch="False" />
          </lines>
        </class>
        <class name="SneakerCollectionAPI.DataAccess.UserDataAccess.Commands.CreateUser.CreateUserCommand" filename="source\repos\SNEAKER-COLLECTION\SneakerCollectionAPI\DataAccess\User\Commands\CreateUser\CreateUserCommand .cs" line-rate="1" branch-rate="1" complexity="3">
          <methods>
            <method name="get_Email" signature="()" line-rate="1" branch-rate="1" complexity="1">
              <lines>
                <line number="7" hits="11" branch="False" />
              </lines>
            </method>
            <method name="get_Password" signature="()" line-rate="1" branch-rate="1" complexity="1">
              <lines>
                <line number="8" hits="11" branch="False" />
              </lines>
            </method>
            <method name="get_Role" signature="()" line-rate="1" branch-rate="1" complexity="1">
              <lines>
                <line number="9" hits="6" branch="False" />
              </lines>
            </method>
          </methods>
          <lines>
            <line number="7" hits="11" branch="False" />
            <line number="8" hits="11" branch="False" />
            <line number="9" hits="6" branch="False" />
          </lines>
        </class>
        <class name="SneakerCollectionAPI.DataAccess.UserDataAccess.Commands.CreateUser.CreateUserCommandHandler" filename="source\repos\SNEAKER-COLLECTION\SneakerCollectionAPI\DataAccess\User\Commands\CreateUser\CreateUserCommandHandler.cs" line-rate="1" branch-rate="1" complexity="1">
          <methods>
            <method name=".ctor" signature="(SneakerCollectionAPI.DataAccess.SneakerCollectionContext)" line-rate="1" branch-rate="1" complexity="1">
              <lines>
                <line number="10" hits="1" branch="False" />
                <line number="11" hits="1" branch="False" />
                <line number="12" hits="1" branch="False" />
                <line number="13" hits="1" branch="False" />
              </lines>
            </method>
          </methods>
          <lines>
            <line number="10" hits="1" branch="False" />
            <line number="11" hits="1" branch="False" />
            <line number="12" hits="1" branch="False" />
            <line number="13" hits="1" branch="False" />
          </lines>
        </class>
        <class name="SneakerCollectionAPI.DataAccess.UserDataAccess.Commands.CreateUser.CreateUserCommandHandler/&lt;Handle&gt;d__2" filename="source\repos\SNEAKER-COLLECTION\SneakerCollectionAPI\DataAccess\User\Commands\CreateUser\CreateUserCommandHandler.cs" line-rate="1" branch-rate="1" complexity="1">
          <methods>
            <method name="MoveNext" signature="()" line-rate="1" branch-rate="1" complexity="1">
              <lines>
                <line number="17" hits="1" branch="False" />
                <line number="18" hits="1" branch="False" />
                <line number="19" hits="1" branch="False" />
                <line number="20" hits="1" branch="False" />
                <line number="21" hits="1" branch="False" />
                <line number="22" hits="1" branch="False" />
                <line number="24" hits="1" branch="False" />
                <line number="25" hits="1" branch="False" />
                <line number="26" hits="1" branch="False" />
              </lines>
            </method>
          </methods>
          <lines>
            <line number="17" hits="1" branch="False" />
            <line number="18" hits="1" branch="False" />
            <line number="19" hits="1" branch="False" />
            <line number="20" hits="1" branch="False" />
            <line number="21" hits="1" branch="False" />
            <line number="22" hits="1" branch="False" />
            <line number="24" hits="1" branch="False" />
            <line number="25" hits="1" branch="False" />
            <line number="26" hits="1" branch="False" />
          </lines>
        </class>
        <class name="SneakerCollectionAPI.DataAccess.SneakerDataAccess.Queries.GetSneakerByIdQuery" filename="source\repos\SNEAKER-COLLECTION\SneakerCollectionAPI\DataAccess\Sneaker\Queries\GetSneakerByIdQuery.cs" line-rate="1" branch-rate="1" complexity="2">
          <methods>
            <method name="get_Id" signature="()" line-rate="1" branch-rate="1" complexity="1">
              <lines>
                <line number="9" hits="6" branch="False" />
              </lines>
            </method>
            <method name=".ctor" signature="(System.Int64)" line-rate="1" branch-rate="1" complexity="1">
              <lines>
                <line number="7" hits="3" branch="False" />
              </lines>
            </method>
          </methods>
          <lines>
            <line number="9" hits="6" branch="False" />
            <line number="7" hits="3" branch="False" />
          </lines>
        </class>
        <class name="SneakerCollectionAPI.DataAccess.SneakerDataAccess.Queries.GetSneakerByIdQueryHandler" filename="source\repos\SNEAKER-COLLECTION\SneakerCollectionAPI\DataAccess\Sneaker\Queries\GetSneakerByIdQueryHandler.cs" line-rate="1" branch-rate="1" complexity="1">
          <methods>
            <method name=".ctor" signature="(SneakerCollectionAPI.DataAccess.SneakerCollectionContext)" line-rate="1" branch-rate="1" complexity="1">
              <lines>
                <line number="12" hits="3" branch="False" />
                <line number="13" hits="3" branch="False" />
                <line number="14" hits="3" branch="False" />
                <line number="15" hits="3" branch="False" />
              </lines>
            </method>
          </methods>
          <lines>
            <line number="12" hits="3" branch="False" />
            <line number="13" hits="3" branch="False" />
            <line number="14" hits="3" branch="False" />
            <line number="15" hits="3" branch="False" />
          </lines>
        </class>
        <class name="SneakerCollectionAPI.DataAccess.SneakerDataAccess.Queries.GetSneakerByIdQueryHandler/&lt;Handle&gt;d__2" filename="source\repos\SNEAKER-COLLECTION\SneakerCollectionAPI\DataAccess\Sneaker\Queries\GetSneakerByIdQueryHandler.cs" line-rate="0.3333" branch-rate="0.5" complexity="2">
          <methods>
            <method name="MoveNext" signature="()" line-rate="0.3333" branch-rate="0.5" complexity="2">
              <lines>
                <line number="18" hits="3" branch="False" />
                <line number="20" hits="3" branch="False" />
                <line number="21" hits="3" branch="False" />
                <line number="23" hits="6" branch="True" condition-coverage="50% (1/2)">
                  <conditions>
                    <condition number="319" type="jump" coverage="50%" />
                  </conditions>
                </line>
                <line number="24" hits="3" branch="False" />
                <line number="27" hits="0" branch="False" />
                <line number="28" hits="0" branch="False" />
                <line number="29" hits="0" branch="False" />
                <line number="30" hits="0" branch="False" />
                <line number="31" hits="0" branch="False" />
                <line number="32" hits="0" branch="False" />
                <line number="33" hits="0" branch="False" />
                <line number="34" hits="0" branch="False" />
                <line number="35" hits="0" branch="False" />
                <line number="36" hits="0" branch="False" />
                <line number="37" hits="0" branch="False" />
                <line number="39" hits="0" branch="False" />
                <line number="40" hits="3" branch="False" />
              </lines>
            </method>
          </methods>
          <lines>
            <line number="18" hits="3" branch="False" />
            <line number="20" hits="3" branch="False" />
            <line number="21" hits="3" branch="False" />
            <line number="23" hits="6" branch="True" condition-coverage="50% (1/2)">
              <conditions>
                <condition number="319" type="jump" coverage="50%" />
              </conditions>
            </line>
            <line number="24" hits="3" branch="False" />
            <line number="27" hits="0" branch="False" />
            <line number="28" hits="0" branch="False" />
            <line number="29" hits="0" branch="False" />
            <line number="30" hits="0" branch="False" />
            <line number="31" hits="0" branch="False" />
            <line number="32" hits="0" branch="False" />
            <line number="33" hits="0" branch="False" />
            <line number="34" hits="0" branch="False" />
            <line number="35" hits="0" branch="False" />
            <line number="36" hits="0" branch="False" />
            <line number="37" hits="0" branch="False" />
            <line number="39" hits="0" branch="False" />
            <line number="40" hits="3" branch="False" />
          </lines>
        </class>
        <class name="SneakerCollectionAPI.DataAccess.SneakerDataAccess.Queries.GetSneakerByUserQuery" filename="source\repos\SNEAKER-COLLECTION\SneakerCollectionAPI\DataAccess\Sneaker\Queries\GetSneakerByUserQuery.cs" line-rate="0" branch-rate="1" complexity="4">
          <methods>
            <method name="get_UserId" signature="()" line-rate="0" branch-rate="1" complexity="1">
              <lines>
                <line number="9" hits="0" branch="False" />
              </lines>
            </method>
            <method name="get_PageNumber" signature="()" line-rate="0" branch-rate="1" complexity="1">
              <lines>
                <line number="10" hits="0" branch="False" />
              </lines>
            </method>
            <method name="get_PageSize" signature="()" line-rate="0" branch-rate="1" complexity="1">
              <lines>
                <line number="11" hits="0" branch="False" />
              </lines>
            </method>
            <method name=".ctor" signature="(System.Int64,System.Int32,System.Int32)" line-rate="0" branch-rate="1" complexity="1">
              <lines>
                <line number="7" hits="0" branch="False" />
              </lines>
            </method>
          </methods>
          <lines>
            <line number="9" hits="0" branch="False" />
            <line number="10" hits="0" branch="False" />
            <line number="11" hits="0" branch="False" />
            <line number="7" hits="0" branch="False" />
          </lines>
        </class>
        <class name="SneakerCollectionAPI.DataAccess.SneakerDataAccess.Queries.GetSneakerByUserQueryHandler" filename="source\repos\SNEAKER-COLLECTION\SneakerCollectionAPI\DataAccess\Sneaker\Queries\GetSneakerByUserQueryHandler.cs" line-rate="0" branch-rate="1" complexity="1">
          <methods>
            <method name=".ctor" signature="(SneakerCollectionAPI.DataAccess.SneakerCollectionContext)" line-rate="0" branch-rate="1" complexity="1">
              <lines>
                <line number="13" hits="0" branch="False" />
                <line number="14" hits="0" branch="False" />
                <line number="15" hits="0" branch="False" />
                <line number="16" hits="0" branch="False" />
              </lines>
            </method>
          </methods>
          <lines>
            <line number="13" hits="0" branch="False" />
            <line number="14" hits="0" branch="False" />
            <line number="15" hits="0" branch="False" />
            <line number="16" hits="0" branch="False" />
          </lines>
        </class>
        <class name="SneakerCollectionAPI.DataAccess.SneakerDataAccess.Queries.GetSneakerByUserQueryHandler/&lt;&gt;c" filename="source\repos\SNEAKER-COLLECTION\SneakerCollectionAPI\DataAccess\Sneaker\Queries\GetSneakerByUserQueryHandler.cs" line-rate="0" branch-rate="1" complexity="1">
          <methods>
            <method name="&lt;Handle&gt;b__2_0" signature="(SneakerCollectionAPI.Domain.Entities.Sneaker)" line-rate="0" branch-rate="1" complexity="1">
              <lines>
                <line number="29" hits="0" branch="False" />
                <line number="30" hits="0" branch="False" />
                <line number="31" hits="0" branch="False" />
                <line number="32" hits="0" branch="False" />
                <line number="33" hits="0" branch="False" />
                <line number="34" hits="0" branch="False" />
                <line number="35" hits="0" branch="False" />
                <line number="36" hits="0" branch="False" />
                <line number="37" hits="0" branch="False" />
                <line number="38" hits="0" branch="False" />
              </lines>
            </method>
          </methods>
          <lines>
            <line number="29" hits="0" branch="False" />
            <line number="30" hits="0" branch="False" />
            <line number="31" hits="0" branch="False" />
            <line number="32" hits="0" branch="False" />
            <line number="33" hits="0" branch="False" />
            <line number="34" hits="0" branch="False" />
            <line number="35" hits="0" branch="False" />
            <line number="36" hits="0" branch="False" />
            <line number="37" hits="0" branch="False" />
            <line number="38" hits="0" branch="False" />
          </lines>
        </class>
        <class name="SneakerCollectionAPI.DataAccess.SneakerDataAccess.Queries.GetSneakerByUserQueryHandler/&lt;Handle&gt;d__2" filename="source\repos\SNEAKER-COLLECTION\SneakerCollectionAPI\DataAccess\Sneaker\Queries\GetSneakerByUserQueryHandler.cs" line-rate="0" branch-rate="1" complexity="1">
          <methods>
            <method name="MoveNext" signature="()" line-rate="0" branch-rate="1" complexity="1">
              <lines>
                <line number="19" hits="0" branch="False" />
                <line number="20" hits="0" branch="False" />
                <line number="21" hits="0" branch="False" />
                <line number="23" hits="0" branch="False" />
                <line number="24" hits="0" branch="False" />
                <line number="25" hits="0" branch="False" />
                <line number="26" hits="0" branch="False" />
                <line number="27" hits="0" branch="False" />
                <line number="40" hits="0" branch="False" />
                <line number="41" hits="0" branch="False" />
                <line number="42" hits="0" branch="False" />
                <line number="43" hits="0" branch="False" />
                <line number="44" hits="0" branch="False" />
                <line number="45" hits="0" branch="False" />
                <line number="46" hits="0" branch="False" />
              </lines>
            </method>
          </methods>
          <lines>
            <line number="19" hits="0" branch="False" />
            <line number="20" hits="0" branch="False" />
            <line number="21" hits="0" branch="False" />
            <line number="23" hits="0" branch="False" />
            <line number="24" hits="0" branch="False" />
            <line number="25" hits="0" branch="False" />
            <line number="26" hits="0" branch="False" />
            <line number="27" hits="0" branch="False" />
            <line number="40" hits="0" branch="False" />
            <line number="41" hits="0" branch="False" />
            <line number="42" hits="0" branch="False" />
            <line number="43" hits="0" branch="False" />
            <line number="44" hits="0" branch="False" />
            <line number="45" hits="0" branch="False" />
            <line number="46" hits="0" branch="False" />
          </lines>
        </class>
        <class name="SneakerCollectionAPI.DataAccess.SneakerDataAccess.Commands.UpdateSneaker.UpdateSneakerCommand" filename="source\repos\SNEAKER-COLLECTION\SneakerCollectionAPI\DataAccess\Sneaker\Commands\UpdateSneaker\UpdateSneakerCommand.cs" line-rate="0" branch-rate="1" complexity="7">
          <methods>
            <method name="get_Id" signature="()" line-rate="0" branch-rate="1" complexity="1">
              <lines>
                <line number="9" hits="0" branch="False" />
              </lines>
            </method>
            <method name="get_Name" signature="()" line-rate="0" branch-rate="1" complexity="1">
              <lines>
                <line number="10" hits="0" branch="False" />
              </lines>
            </method>
            <method name="get_Brand" signature="()" line-rate="0" branch-rate="1" complexity="1">
              <lines>
                <line number="11" hits="0" branch="False" />
              </lines>
            </method>
            <method name="get_Price" signature="()" line-rate="0" branch-rate="1" complexity="1">
              <lines>
                <line number="12" hits="0" branch="False" />
              </lines>
            </method>
            <method name="get_Size" signature="()" line-rate="0" branch-rate="1" complexity="1">
              <lines>
                <line number="13" hits="0" branch="False" />
              </lines>
            </method>
            <method name="get_Year" signature="()" line-rate="0" branch-rate="1" complexity="1">
              <lines>
                <line number="14" hits="0" branch="False" />
              </lines>
            </method>
            <method name="get_Rate" signature="()" line-rate="0" branch-rate="1" complexity="1">
              <lines>
                <line number="15" hits="0" branch="False" />
              </lines>
            </method>
          </methods>
          <lines>
            <line number="9" hits="0" branch="False" />
            <line number="10" hits="0" branch="False" />
            <line number="11" hits="0" branch="False" />
            <line number="12" hits="0" branch="False" />
            <line number="13" hits="0" branch="False" />
            <line number="14" hits="0" branch="False" />
            <line number="15" hits="0" branch="False" />
          </lines>
        </class>
        <class name="SneakerCollectionAPI.DataAccess.SneakerDataAccess.Commands.UpdateSneaker.UpdateSneakerCommandHandler" filename="source\repos\SNEAKER-COLLECTION\SneakerCollectionAPI\DataAccess\Sneaker\Commands\UpdateSneaker\UpdateSneakerCommandHandler.cs" line-rate="0" branch-rate="1" complexity="1">
          <methods>
            <method name=".ctor" signature="(SneakerCollectionAPI.DataAccess.SneakerCollectionContext)" line-rate="0" branch-rate="1" complexity="1">
              <lines>
                <line number="10" hits="0" branch="False" />
                <line number="11" hits="0" branch="False" />
                <line number="12" hits="0" branch="False" />
                <line number="13" hits="0" branch="False" />
              </lines>
            </method>
          </methods>
          <lines>
            <line number="10" hits="0" branch="False" />
            <line number="11" hits="0" branch="False" />
            <line number="12" hits="0" branch="False" />
            <line number="13" hits="0" branch="False" />
          </lines>
        </class>
        <class name="SneakerCollectionAPI.DataAccess.SneakerDataAccess.Commands.UpdateSneaker.UpdateSneakerCommandHandler/&lt;Handle&gt;d__2" filename="source\repos\SNEAKER-COLLECTION\SneakerCollectionAPI\DataAccess\Sneaker\Commands\UpdateSneaker\UpdateSneakerCommandHandler.cs" line-rate="0" branch-rate="0" complexity="2">
          <methods>
            <method name="MoveNext" signature="()" line-rate="0" branch-rate="0" complexity="2">
              <lines>
                <line number="16" hits="0" branch="False" />
                <line number="17" hits="0" branch="False" />
                <line number="18" hits="0" branch="True" condition-coverage="0% (0/2)">
                  <conditions>
                    <condition number="203" type="jump" coverage="0%" />
                  </conditions>
                </line>
                <line number="19" hits="0" branch="False" />
                <line number="20" hits="0" branch="False" />
                <line number="23" hits="0" branch="False" />
                <line number="24" hits="0" branch="False" />
                <line number="25" hits="0" branch="False" />
                <line number="26" hits="0" branch="False" />
                <line number="27" hits="0" branch="False" />
                <line number="28" hits="0" branch="False" />
                <line number="30" hits="0" branch="False" />
                <line number="31" hits="0" branch="False" />
                <line number="33" hits="0" branch="False" />
                <line number="34" hits="0" branch="False" />
                <line number="35" hits="0" branch="False" />
                <line number="36" hits="0" branch="False" />
                <line number="37" hits="0" branch="False" />
                <line number="38" hits="0" branch="False" />
                <line number="39" hits="0" branch="False" />
                <line number="40" hits="0" branch="False" />
                <line number="41" hits="0" branch="False" />
                <line number="42" hits="0" branch="False" />
                <line number="43" hits="0" branch="False" />
                <line number="45" hits="0" branch="False" />
                <line number="46" hits="0" branch="False" />
              </lines>
            </method>
          </methods>
          <lines>
            <line number="16" hits="0" branch="False" />
            <line number="17" hits="0" branch="False" />
            <line number="18" hits="0" branch="True" condition-coverage="0% (0/2)">
              <conditions>
                <condition number="203" type="jump" coverage="0%" />
              </conditions>
            </line>
            <line number="19" hits="0" branch="False" />
            <line number="20" hits="0" branch="False" />
            <line number="23" hits="0" branch="False" />
            <line number="24" hits="0" branch="False" />
            <line number="25" hits="0" branch="False" />
            <line number="26" hits="0" branch="False" />
            <line number="27" hits="0" branch="False" />
            <line number="28" hits="0" branch="False" />
            <line number="30" hits="0" branch="False" />
            <line number="31" hits="0" branch="False" />
[...]
                <line number="455" hits="1" branch="False" />
                <line number="458" hits="1" branch="False" />
                <line number="459" hits="1" branch="False" />
                <line number="460" hits="1" branch="False" />
                <line number="461" hits="1" branch="False" />
                <line number="462" hits="1" branch="False" />
                <line number="463" hits="1" branch="False" />
                <line number="464" hits="1" branch="False" />
                <line number="465" hits="1" branch="False" />
                <line number="466" hits="1" branch="False" />
                <line number="467" hits="1" branch="False" />
                <line number="470" hits="1" branch="False" />
                <line number="471" hits="1" branch="False" />
                <line number="474" hits="1" branch="False" />
                <line number="476" hits="1" branch="False" />
                <line number="477" hits="1" branch="False" />
                <line number="478" hits="1" branch="False" />
              </lines>
            </method>
          </methods>
          <lines>
            <line number="452" hits="1" branch="False" />
            <line number="453" hits="1" branch="False" />
            <line number="454" hits="1" branch="False" />
            <line number="455" hits="1" branch="False" />
            <line number="458" hits="1" branch="False" />
            <line number="459" hits="1" branch="False" />
            <line number="460" hits="1" branch="False" />
            <line number="461" hits="1" branch="False" />
            <line number="462" hits="1" branch="False" />
            <line number="463" hits="1" branch="False" />
            <line number="464" hits="1" branch="False" />
            <line number="465" hits="1" branch="False" />
            <line number="466" hits="1" branch="False" />
            <line number="467" hits="1" branch="False" />
            <line number="470" hits="1" branch="False" />
            <line number="471" hits="1" branch="False" />
            <line number="474" hits="1" branch="False" />
            <line number="476" hits="1" branch="False" />
            <line number="477" hits="1" branch="False" />
            <line number="478" hits="1" branch="False" />
          </lines>
        </class>
        <class name="SneakerCollectionAPI.Tests.IntegrationTests.SneakerControllerIntegrationTests/&lt;UpdateSneaker_WithInvalidSize_LessThanMinimum_ReturnsUnprocessableEntity&gt;d__17" filename="source\repos\SNEAKER-COLLECTION\SneakerCollectionAPI.Tests\IntegrationTests\SneakerControllerIntegrationTests.cs" line-rate="1" branch-rate="1" complexity="1">
          <methods>
            <method name="MoveNext" signature="()" line-rate="1" branch-rate="1" complexity="1">
              <lines>
                <line number="421" hits="1" branch="False" />
                <line number="422" hits="1" branch="False" />
                <line number="423" hits="1" branch="False" />
                <line number="424" hits="1" branch="False" />
                <line number="427" hits="1" branch="False" />
                <line number="428" hits="1" branch="False" />
                <line number="429" hits="1" branch="False" />
                <line number="430" hits="1" branch="False" />
                <line number="431" hits="1" branch="False" />
                <line number="432" hits="1" branch="False" />
                <line number="433" hits="1" branch="False" />
                <line number="434" hits="1" branch="False" />
                <line number="435" hits="1" branch="False" />
                <line number="436" hits="1" branch="False" />
                <line number="439" hits="1" branch="False" />
                <line number="440" hits="1" branch="False" />
                <line number="443" hits="1" branch="False" />
                <line number="445" hits="1" branch="False" />
                <line number="446" hits="1" branch="False" />
                <line number="447" hits="1" branch="False" />
              </lines>
            </method>
          </methods>
          <lines>
            <line number="421" hits="1" branch="False" />
            <line number="422" hits="1" branch="False" />
            <line number="423" hits="1" branch="False" />
            <line number="424" hits="1" branch="False" />
            <line number="427" hits="1" branch="False" />
            <line number="428" hits="1" branch="False" />
            <line number="429" hits="1" branch="False" />
            <line number="430" hits="1" branch="False" />
            <line number="431" hits="1" branch="False" />
            <line number="432" hits="1" branch="False" />
            <line number="433" hits="1" branch="False" />
            <line number="434" hits="1" branch="False" />
            <line number="435" hits="1" branch="False" />
            <line number="436" hits="1" branch="False" />
            <line number="439" hits="1" branch="False" />
            <line number="440" hits="1" branch="False" />
            <line number="443" hits="1" branch="False" />
            <line number="445" hits="1" branch="False" />
            <line number="446" hits="1" branch="False" />
            <line number="447" hits="1" branch="False" />
          </lines>
        </class>
        <class name="SneakerCollectionAPI.Tests.IntegrationTests.SneakerControllerIntegrationTests/&lt;UpdateSneaker_WithInvalidYear_GreaterThanMaximum_ReturnsUnprocessableEntity&gt;d__20" filename="source\repos\SNEAKER-COLLECTION\SneakerCollectionAPI.Tests\IntegrationTests\SneakerControllerIntegrationTests.cs" line-rate="1" branch-rate="1" complexity="1">
          <methods>
            <method name="MoveNext" signature="()" line-rate="1" branch-rate="1" complexity="1">
              <lines>
                <line number="513" hits="1" branch="False" />
                <line number="514" hits="1" branch="False" />
                <line number="515" hits="1" branch="False" />
                <line number="516" hits="1" branch="False" />
                <line number="519" hits="1" branch="False" />
                <line number="520" hits="1" branch="False" />
                <line number="521" hits="1" branch="False" />
                <line number="522" hits="1" branch="False" />
                <line number="523" hits="1" branch="False" />
                <line number="524" hits="1" branch="False" />
                <line number="525" hits="1" branch="False" />
                <line number="526" hits="1" branch="False" />
                <line number="527" hits="1" branch="False" />
                <line number="528" hits="1" branch="False" />
                <line number="531" hits="1" branch="False" />
                <line number="532" hits="1" branch="False" />
                <line number="535" hits="1" branch="False" />
                <line number="537" hits="1" branch="False" />
                <line number="538" hits="1" branch="False" />
                <line number="539" hits="1" branch="False" />
              </lines>
            </method>
          </methods>
          <lines>
            <line number="513" hits="1" branch="False" />
            <line number="514" hits="1" branch="False" />
            <line number="515" hits="1" branch="False" />
            <line number="516" hits="1" branch="False" />
            <line number="519" hits="1" branch="False" />
            <line number="520" hits="1" branch="False" />
            <line number="521" hits="1" branch="False" />
            <line number="522" hits="1" branch="False" />
            <line number="523" hits="1" branch="False" />
            <line number="524" hits="1" branch="False" />
            <line number="525" hits="1" branch="False" />
            <line number="526" hits="1" branch="False" />
            <line number="527" hits="1" branch="False" />
            <line number="528" hits="1" branch="False" />
            <line number="531" hits="1" branch="False" />
            <line number="532" hits="1" branch="False" />
            <line number="535" hits="1" branch="False" />
            <line number="537" hits="1" branch="False" />
            <line number="538" hits="1" branch="False" />
            <line number="539" hits="1" branch="False" />
          </lines>
        </class>
        <class name="SneakerCollectionAPI.Tests.IntegrationTests.SneakerControllerIntegrationTests/&lt;UpdateSneaker_WithInvalidYear_LessThanMinimum_ReturnsUnprocessableEntity&gt;d__19" filename="source\repos\SNEAKER-COLLECTION\SneakerCollectionAPI.Tests\IntegrationTests\SneakerControllerIntegrationTests.cs" line-rate="1" branch-rate="1" complexity="1">
          <methods>
            <method name="MoveNext" signature="()" line-rate="1" branch-rate="1" complexity="1">
              <lines>
                <line number="482" hits="1" branch="False" />
                <line number="483" hits="1" branch="False" />
                <line number="484" hits="1" branch="False" />
                <line number="485" hits="1" branch="False" />
                <line number="488" hits="1" branch="False" />
                <line number="489" hits="1" branch="False" />
                <line number="490" hits="1" branch="False" />
                <line number="491" hits="1" branch="False" />
                <line number="492" hits="1" branch="False" />
                <line number="493" hits="1" branch="False" />
                <line number="494" hits="1" branch="False" />
                <line number="495" hits="1" branch="False" />
                <line number="496" hits="1" branch="False" />
                <line number="497" hits="1" branch="False" />
                <line number="500" hits="1" branch="False" />
                <line number="501" hits="1" branch="False" />
                <line number="504" hits="1" branch="False" />
                <line number="506" hits="1" branch="False" />
                <line number="507" hits="1" branch="False" />
                <line number="508" hits="1" branch="False" />
              </lines>
            </method>
          </methods>
          <lines>
            <line number="482" hits="1" branch="False" />
            <line number="483" hits="1" branch="False" />
            <line number="484" hits="1" branch="False" />
            <line number="485" hits="1" branch="False" />
            <line number="488" hits="1" branch="False" />
            <line number="489" hits="1" branch="False" />
            <line number="490" hits="1" branch="False" />
            <line number="491" hits="1" branch="False" />
            <line number="492" hits="1" branch="False" />
            <line number="493" hits="1" branch="False" />
            <line number="494" hits="1" branch="False" />
            <line number="495" hits="1" branch="False" />
            <line number="496" hits="1" branch="False" />
            <line number="497" hits="1" branch="False" />
            <line number="500" hits="1" branch="False" />
            <line number="501" hits="1" branch="False" />
            <line number="504" hits="1" branch="False" />
            <line number="506" hits="1" branch="False" />
            <line number="507" hits="1" branch="False" />
            <line number="508" hits="1" branch="False" />
          </lines>
        </class>
        <class name="SneakerCollectionAPI.Tests.IntegrationTests.UserControllerIntegrationTests" filename="source\repos\SNEAKER-COLLECTION\SneakerCollectionAPI.Tests\IntegrationTests\UserControllerIntegrationTests.cs" line-rate="1" branch-rate="1" complexity="1">
          <methods>
            <method name=".ctor" signature="(Microsoft.AspNetCore.Mvc.Testing.WebApplicationFactory`1&lt;Program&gt;)" line-rate="1" branch-rate="1" complexity="1">
              <lines>
                <line number="20" hits="8" branch="False" />
                <line number="21" hits="4" branch="False" />
              </lines>
            </method>
          </methods>
          <lines>
            <line number="20" hits="8" branch="False" />
            <line number="21" hits="4" branch="False" />
          </lines>
        </class>
        <class name="SneakerCollectionAPI.Tests.IntegrationTests.UserControllerIntegrationTests/&lt;RegisterUser_WithInvalidEmail_Empty_ReturnsUnprocessableEntity&gt;d__3" filename="source\repos\SNEAKER-COLLECTION\SneakerCollectionAPI.Tests\IntegrationTests\UserControllerIntegrationTests.cs" line-rate="1" branch-rate="1" complexity="1">
          <methods>
            <method name="MoveNext" signature="()" line-rate="1" branch-rate="1" complexity="1">
              <lines>
                <line number="67" hits="1" branch="False" />
                <line number="69" hits="1" branch="False" />
                <line number="70" hits="1" branch="False" />
                <line number="71" hits="1" branch="False" />
                <line number="72" hits="1" branch="False" />
                <line number="73" hits="1" branch="False" />
                <line number="76" hits="1" branch="False" />
                <line number="79" hits="1" branch="False" />
                <line number="81" hits="1" branch="False" />
                <line number="82" hits="1" branch="False" />
                <line number="83" hits="1" branch="False" />
              </lines>
            </method>
          </methods>
          <lines>
            <line number="67" hits="1" branch="False" />
            <line number="69" hits="1" branch="False" />
            <line number="70" hits="1" branch="False" />
            <line number="71" hits="1" branch="False" />
            <line number="72" hits="1" branch="False" />
            <line number="73" hits="1" branch="False" />
            <line number="76" hits="1" branch="False" />
            <line number="79" hits="1" branch="False" />
            <line number="81" hits="1" branch="False" />
            <line number="82" hits="1" branch="False" />
            <line number="83" hits="1" branch="False" />
          </lines>
        </class>
        <class name="SneakerCollectionAPI.Tests.IntegrationTests.UserControllerIntegrationTests/&lt;RegisterUser_WithInvalidEmail_ReturnsUnprocessableEntity&gt;d__2" filename="source\repos\SNEAKER-COLLECTION\SneakerCollectionAPI.Tests\IntegrationTests\UserControllerIntegrationTests.cs" line-rate="1" branch-rate="1" complexity="1">
          <methods>
            <method name="MoveNext" signature="()" line-rate="1" branch-rate="1" complexity="1">
              <lines>
                <line number="47" hits="1" branch="False" />
                <line number="49" hits="1" branch="False" />
                <line number="50" hits="1" branch="False" />
                <line number="51" hits="1" branch="False" />
                <line number="52" hits="1" branch="False" />
                <line number="53" hits="1" branch="False" />
                <line number="56" hits="1" branch="False" />
                <line number="59" hits="1" branch="False" />
                <line number="61" hits="1" branch="False" />
                <line number="62" hits="1" branch="False" />
                <line number="63" hits="1" branch="False" />
              </lines>
            </method>
          </methods>
          <lines>
            <line number="47" hits="1" branch="False" />
            <line number="49" hits="1" branch="False" />
            <line number="50" hits="1" branch="False" />
            <line number="51" hits="1" branch="False" />
            <line number="52" hits="1" branch="False" />
            <line number="53" hits="1" branch="False" />
            <line number="56" hits="1" branch="False" />
            <line number="59" hits="1" branch="False" />
            <line number="61" hits="1" branch="False" />
            <line number="62" hits="1" branch="False" />
            <line number="63" hits="1" branch="False" />
          </lines>
        </class>
        <class name="SneakerCollectionAPI.Tests.IntegrationTests.UserControllerIntegrationTests/&lt;RegisterUser_WithInvalidPassword_ShortPassword_ReturnsUnprocessableEntity&gt;d__4" filename="source\repos\SNEAKER-COLLECTION\SneakerCollectionAPI.Tests\IntegrationTests\UserControllerIntegrationTests.cs" line-rate="1" branch-rate="1" complexity="1">
          <methods>
            <method name="MoveNext" signature="()" line-rate="1" branch-rate="1" complexity="1">
              <lines>
                <line number="87" hits="1" branch="False" />
                <line number="89" hits="1" branch="False" />
                <line number="90" hits="1" branch="False" />
                <line number="91" hits="1" branch="False" />
                <line number="92" hits="1" branch="False" />
                <line number="93" hits="1" branch="False" />
                <line number="96" hits="1" branch="False" />
                <line number="99" hits="1" branch="False" />
                <line number="101" hits="1" branch="False" />
                <line number="102" hits="1" branch="False" />
                <line number="103" hits="1" branch="False" />
              </lines>
            </method>
          </methods>
          <lines>
            <line number="87" hits="1" branch="False" />
            <line number="89" hits="1" branch="False" />
            <line number="90" hits="1" branch="False" />
            <line number="91" hits="1" branch="False" />
            <line number="92" hits="1" branch="False" />
            <line number="93" hits="1" branch="False" />
            <line number="96" hits="1" branch="False" />
            <line number="99" hits="1" branch="False" />
            <line number="101" hits="1" branch="False" />
            <line number="102" hits="1" branch="False" />
            <line number="103" hits="1" branch="False" />
          </lines>
        </class>
        <class name="SneakerCollectionAPI.Tests.IntegrationTests.UserControllerIntegrationTests/&lt;RegisterUser_WithValidData_ReturnsOkResult&gt;d__1" filename="source\repos\SNEAKER-COLLECTION\SneakerCollectionAPI.Tests\IntegrationTests\UserControllerIntegrationTests.cs" line-rate="1" branch-rate="1" complexity="1">
          <methods>
            <method name="MoveNext" signature="()" line-rate="1" branch-rate="1" complexity="1">
              <lines>
                <line number="25" hits="1" branch="False" />
                <line number="27" hits="1" branch="False" />
                <line number="28" hits="1" branch="False" />
                <line number="29" hits="1" branch="False" />
                <line number="30" hits="1" branch="False" />
                <line number="31" hits="1" branch="False" />
                <line number="34" hits="1" branch="False" />
                <line number="37" hits="1" branch="False" />
                <line number="39" hits="1" branch="False" />
                <line number="41" hits="1" branch="False" />
                <line number="42" hits="1" branch="False" />
                <line number="43" hits="1" branch="False" />
              </lines>
            </method>
          </methods>
          <lines>
            <line number="25" hits="1" branch="False" />
            <line number="27" hits="1" branch="False" />
            <line number="28" hits="1" branch="False" />
            <line number="29" hits="1" branch="False" />
            <line number="30" hits="1" branch="False" />
            <line number="31" hits="1" branch="False" />
            <line number="34" hits="1" branch="False" />
            <line number="37" hits="1" branch="False" />
            <line number="39" hits="1" branch="False" />
            <line number="41" hits="1" branch="False" />
            <line number="42" hits="1" branch="False" />
            <line number="43" hits="1" branch="False" />
          </lines>
        </class>
      </classes>
    </package>
  </packages>
</coverage>